# Logfile created on Wed Jul 28 01:14:22 +0000 2010 by logger.rb/22285
I, [2010-07-28T01:14:22.360602 #10827]  INFO -- : GET: https://my.rightscale.com/api/acct/2901/deployments.js?filter[]=nickname=MY51-ec2-west-580204-RightImage_Ubuntu_9.10_x64_v4.5&
I, [2010-07-28T01:14:22.750599 #10827]  INFO -- : GET: /api/acct/2901/ec2_server_templates/46536.js?
I, [2010-07-28T01:14:22.919353 #10827]  INFO -- : GET: /api/acct/2901/ec2_server_templates/46536/executables.js?
I, [2010-07-28T01:14:22.926114 #10829]  INFO -- : GET: https://my.rightscale.com/api/acct/2901/deployments.js?filter[]=nickname=MY51-ec2-east-418214-RightImage_Ubuntu_9.10_i386_v4.5&
I, [2010-07-28T01:14:23.147827 #10829]  INFO -- : GET: /api/acct/2901/ec2_server_templates/46536.js?
I, [2010-07-28T01:14:23.191911 #10827]  INFO -- : GET: https://my.rightscale.com/api/acct/2901/server_templates.js?
I, [2010-07-28T01:14:23.270888 #10829]  INFO -- : GET: /api/acct/2901/ec2_server_templates/46536/executables.js?
I, [2010-07-28T01:14:23.546464 #10829]  INFO -- : GET: https://my.rightscale.com/api/acct/2901/server_templates.js?
I, [2010-07-28T01:14:25.915873 #10827]  INFO -- : GET: /api/acct/2901/ec2_server_templates/42160/executables.js?
I, [2010-07-28T01:14:25.916969 #10829]  INFO -- : GET: /api/acct/2901/ec2_server_templates/42160/executables.js?
I, [2010-07-28T01:14:26.081588 #10829]  INFO -- : GET: /api/acct/2901/ec2_server_templates/46536.js?
I, [2010-07-28T01:14:26.116485 #10827]  INFO -- : GET: /api/acct/2901/ec2_server_templates/46536.js?
I, [2010-07-28T01:14:26.209239 #10829]  INFO -- : GET: /api/acct/2901/ec2_server_templates/46536/executables.js?
I, [2010-07-28T01:14:26.270377 #10827]  INFO -- : GET: /api/acct/2901/ec2_server_templates/46536/executables.js?
I, [2010-07-28T01:14:26.451274 #10827]  INFO -- : GET: https://my.rightscale.com/api/acct/2901/server_templates.js?
I, [2010-07-28T01:14:26.485226 #10829]  INFO -- : GET: https://my.rightscale.com/api/acct/2901/server_templates.js?
I, [2010-07-28T01:14:28.878307 #10829]  INFO -- : GET: /api/acct/2901/ec2_server_templates/42160/executables.js?
I, [2010-07-28T01:14:29.068833 #10827]  INFO -- : GET: /api/acct/2901/ec2_server_templates/42160/executables.js?
I, [2010-07-28T01:14:29.100765 #10829]  INFO -- : POST: /api/acct/2901/servers/796347/run_executable
I, [2010-07-28T01:14:29.100891 #10829]  INFO -- : 	request body: {"server":{"right_script_href":"https://my.rightscale.com/api/acct/2901/right_scripts/239538","parameters":{"DB_TERMINATE_SAFETY":"text:off"}}}
I, [2010-07-28T01:14:29.258443 #10827]  INFO -- : POST: /api/acct/2901/servers/796343/run_executable
I, [2010-07-28T01:14:29.258569 #10827]  INFO -- : 	request body: {"server":{"right_script_href":"https://my.rightscale.com/api/acct/2901/right_scripts/239538","parameters":{"DB_TERMINATE_SAFETY":"text:off"}}}
I, [2010-07-28T01:14:34.510997 #10827]  INFO -- : POST: /api/acct/2901/servers/796344/run_executable
I, [2010-07-28T01:14:34.511133 #10827]  INFO -- : 	request body: {"server":{"right_script_href":"https://my.rightscale.com/api/acct/2901/right_scripts/239538","parameters":{"DB_TERMINATE_SAFETY":"text:off"}}}
I, [2010-07-28T01:14:39.797188 #10827]  INFO -- : GET: /api/acct/2901/servers/796343.js?
I, [2010-07-28T01:14:39.921796 #10827]  INFO -- : tempserver-MySQL 5.1 EBS v2 (Sprint 19) is operational
I, [2010-07-28T01:14:44.932511 #10827]  INFO -- : waiting for server tempserver-MySQL 5.1 EBS v2 (Sprint 19) to go stopped, state is operational
I, [2010-07-28T01:14:44.974075 #10827]  INFO -- : GET: /api/acct/2901/servers/796343.js?
I, [2010-07-28T01:14:50.092515 #10827]  INFO -- : waiting for server tempserver-MySQL 5.1 EBS v2 (Sprint 19) to go stopped, state is operational
I, [2010-07-28T01:14:50.122531 #10827]  INFO -- : GET: /api/acct/2901/servers/796343.js?
