# Logfile created on Tue Jul 27 01:45:13 +0000 2010 by logger.rb/22285
I, [2010-07-27T01:45:13.244378 #6273]  INFO -- : GET: https://my.rightscale.com/api/acct/2901/deployments.js?filter[]=nickname=MY50-ec2-west-409582-RightImage_CentOS_5.4_i386_v4.4&
I, [2010-07-27T01:45:13.447655 #6273]  INFO -- : GET: /api/acct/2901/ec2_server_templates/27418.js?
I, [2010-07-27T01:45:13.582749 #6273]  INFO -- : GET: /api/acct/2901/ec2_server_templates/27418/executables.js?
I, [2010-07-27T01:45:13.848423 #6273]  INFO -- : GET: https://my.rightscale.com/api/acct/2901/server_templates.js?
I, [2010-07-27T01:45:16.344839 #6273]  INFO -- : GET: /api/acct/2901/ec2_server_templates/42160/executables.js?
I, [2010-07-27T01:45:16.567605 #6273]  INFO -- : POST: /api/acct/2901/servers/795770/run_executable
I, [2010-07-27T01:45:16.567725 #6273]  INFO -- : 	request body: {"server":{"right_script_href":"https://my.rightscale.com/api/acct/2901/right_scripts/202320","parameters":{"DB_TERMINATE_SAFETY":"text:off"}}}
I, [2010-07-27T01:45:21.947169 #6273]  INFO -- : POST: /api/acct/2901/servers/795771/run_executable
I, [2010-07-27T01:45:21.947311 #6273]  INFO -- : 	request body: {"server":{"right_script_href":"https://my.rightscale.com/api/acct/2901/right_scripts/202320","parameters":{"DB_TERMINATE_SAFETY":"text:off"}}}
I, [2010-07-27T01:45:27.186284 #6273]  INFO -- : POST: /api/acct/2901/servers/795772/run_executable
I, [2010-07-27T01:45:27.186435 #6273]  INFO -- : 	request body: {"server":{"right_script_href":"https://my.rightscale.com/api/acct/2901/right_scripts/202320","parameters":{"DB_TERMINATE_SAFETY":"text:off"}}}
I, [2010-07-27T01:45:32.412959 #6273]  INFO -- : GET: /api/acct/2901/servers/795770.js?
I, [2010-07-27T01:45:32.616715 #6273]  INFO -- : tempserver-MySQL 5.0 EBS v2 (Sprint 19) is operational
I, [2010-07-27T01:45:37.629469 #6273]  INFO -- : waiting for server tempserver-MySQL 5.0 EBS v2 (Sprint 19) to go stopped, state is operational
I, [2010-07-27T01:45:37.659756 #6273]  INFO -- : GET: /api/acct/2901/servers/795770.js?
I, [2010-07-27T01:45:42.759497 #6273]  INFO -- : waiting for server tempserver-MySQL 5.0 EBS v2 (Sprint 19) to go stopped, state is operational
I, [2010-07-27T01:45:42.793577 #6273]  INFO -- : GET: /api/acct/2901/servers/795770.js?
I, [2010-07-27T01:45:48.699539 #6273]  INFO -- : waiting for server tempserver-MySQL 5.0 EBS v2 (Sprint 19) to go stopped, state is operational
I, [2010-07-27T01:45:48.730036 #6273]  INFO -- : GET: /api/acct/2901/servers/795770.js?
I, [2010-07-27T01:45:53.979485 #6273]  INFO -- : waiting for server tempserver-MySQL 5.0 EBS v2 (Sprint 19) to go stopped, state is operational
I, [2010-07-27T01:45:54.013981 #6273]  INFO -- : GET: /api/acct/2901/servers/795770.js?
I, [2010-07-27T01:45:59.099493 #6273]  INFO -- : waiting for server tempserver-MySQL 5.0 EBS v2 (Sprint 19) to go stopped, state is operational
I, [2010-07-27T01:45:59.134593 #6273]  INFO -- : GET: /api/acct/2901/servers/795770.js?
I, [2010-07-27T01:46:04.679469 #6273]  INFO -- : waiting for server tempserver-MySQL 5.0 EBS v2 (Sprint 19) to go stopped, state is operational
I, [2010-07-27T01:46:04.714129 #6273]  INFO -- : GET: /api/acct/2901/servers/795770.js?
I, [2010-07-27T01:46:09.829521 #6273]  INFO -- : waiting for server tempserver-MySQL 5.0 EBS v2 (Sprint 19) to go stopped, state is operational
I, [2010-07-27T01:46:09.860782 #6273]  INFO -- : GET: /api/acct/2901/servers/795770.js?
I, [2010-07-27T01:46:14.949474 #6273]  INFO -- : waiting for server tempserver-MySQL 5.0 EBS v2 (Sprint 19) to go stopped, state is operational
I, [2010-07-27T01:46:14.983930 #6273]  INFO -- : GET: /api/acct/2901/servers/795770.js?
I, [2010-07-27T01:46:20.089475 #6273]  INFO -- : waiting for server tempserver-MySQL 5.0 EBS v2 (Sprint 19) to go stopped, state is operational
I, [2010-07-27T01:46:20.120050 #6273]  INFO -- : GET: /api/acct/2901/servers/795770.js?
I, [2010-07-27T01:46:25.219502 #6273]  INFO -- : waiting for server tempserver-MySQL 5.0 EBS v2 (Sprint 19) to go stopped, state is operational
I, [2010-07-27T01:46:25.295116 #6273]  INFO -- : GET: /api/acct/2901/servers/795770.js?
I, [2010-07-27T01:46:30.459472 #6273]  INFO -- : waiting for server tempserver-MySQL 5.0 EBS v2 (Sprint 19) to go stopped, state is operational
I, [2010-07-27T01:46:30.489560 #6273]  INFO -- : GET: /api/acct/2901/servers/795770.js?
I, [2010-07-27T01:46:35.729478 #6273]  INFO -- : waiting for server tempserver-MySQL 5.0 EBS v2 (Sprint 19) to go stopped, state is operational
I, [2010-07-27T01:46:35.763675 #6273]  INFO -- : GET: /api/acct/2901/servers/795770.js?
I, [2010-07-27T01:46:40.999494 #6273]  INFO -- : waiting for server tempserver-MySQL 5.0 EBS v2 (Sprint 19) to go stopped, state is decommissioning
I, [2010-07-27T01:46:41.033821 #6273]  INFO -- : GET: /api/acct/2901/servers/795770.js?
I, [2010-07-27T01:46:46.129506 #6273]  INFO -- : waiting for server tempserver-MySQL 5.0 EBS v2 (Sprint 19) to go stopped, state is decommissioning
I, [2010-07-27T01:46:46.163864 #6273]  INFO -- : GET: /api/acct/2901/servers/795770.js?
I, [2010-07-27T01:46:51.259482 #6273]  INFO -- : waiting for server tempserver-MySQL 5.0 EBS v2 (Sprint 19) to go stopped, state is decommissioning
I, [2010-07-27T01:46:51.289252 #6273]  INFO -- : GET: /api/acct/2901/servers/795770.js?
I, [2010-07-27T01:46:57.279481 #6273]  INFO -- : waiting for server tempserver-MySQL 5.0 EBS v2 (Sprint 19) to go stopped, state is decommissioning
I, [2010-07-27T01:46:57.313073 #6273]  INFO -- : GET: /api/acct/2901/servers/795770.js?
I, [2010-07-27T01:47:02.569514 #6273]  INFO -- : waiting for server tempserver-MySQL 5.0 EBS v2 (Sprint 19) to go stopped, state is decommissioning
I, [2010-07-27T01:47:02.600302 #6273]  INFO -- : GET: /api/acct/2901/servers/795770.js?
I, [2010-07-27T01:47:08.089486 #6273]  INFO -- : waiting for server tempserver-MySQL 5.0 EBS v2 (Sprint 19) to go stopped, state is decommissioning
I, [2010-07-27T01:47:08.126463 #6273]  INFO -- : GET: /api/acct/2901/servers/795770.js?
I, [2010-07-27T01:47:13.259488 #6273]  INFO -- : waiting for server tempserver-MySQL 5.0 EBS v2 (Sprint 19) to go stopped, state is decommissioning
I, [2010-07-27T01:47:13.313860 #6273]  INFO -- : GET: /api/acct/2901/servers/795770.js?
I, [2010-07-27T01:47:19.019477 #6273]  INFO -- : waiting for server tempserver-MySQL 5.0 EBS v2 (Sprint 19) to go stopped, state is decommissioning
I, [2010-07-27T01:47:19.054057 #6273]  INFO -- : GET: /api/acct/2901/servers/795770.js?
I, [2010-07-27T01:47:24.199489 #6273]  INFO -- : waiting for server tempserver-MySQL 5.0 EBS v2 (Sprint 19) to go stopped, state is decommissioning
I, [2010-07-27T01:47:24.230543 #6273]  INFO -- : GET: /api/acct/2901/servers/795770.js?
I, [2010-07-27T01:47:29.399500 #6273]  INFO -- : waiting for server tempserver-MySQL 5.0 EBS v2 (Sprint 19) to go stopped, state is decommissioning
I, [2010-07-27T01:47:29.433798 #6273]  INFO -- : GET: /api/acct/2901/servers/795770.js?
I, [2010-07-27T01:47:34.749487 #6273]  INFO -- : waiting for server tempserver-MySQL 5.0 EBS v2 (Sprint 19) to go stopped, state is decommissioning
I, [2010-07-27T01:47:34.780398 #6273]  INFO -- : GET: /api/acct/2901/servers/795770.js?
I, [2010-07-27T01:47:40.199487 #6273]  INFO -- : waiting for server tempserver-MySQL 5.0 EBS v2 (Sprint 19) to go stopped, state is decommissioning
I, [2010-07-27T01:47:40.233056 #6273]  INFO -- : GET: /api/acct/2901/servers/795770.js?
I, [2010-07-27T01:47:45.779475 #6273]  INFO -- : waiting for server tempserver-MySQL 5.0 EBS v2 (Sprint 19) to go stopped, state is decommissioning
I, [2010-07-27T01:47:45.821148 #6273]  INFO -- : GET: /api/acct/2901/servers/795770.js?
I, [2010-07-27T01:47:51.329523 #6273]  INFO -- : waiting for server tempserver-MySQL 5.0 EBS v2 (Sprint 19) to go stopped, state is decommissioning
I, [2010-07-27T01:47:51.364906 #6273]  INFO -- : GET: /api/acct/2901/servers/795770.js?
I, [2010-07-27T01:47:56.449474 #6273]  INFO -- : waiting for server tempserver-MySQL 5.0 EBS v2 (Sprint 19) to go stopped, state is decommissioning
I, [2010-07-27T01:47:56.479537 #6273]  INFO -- : GET: /api/acct/2901/servers/795770.js?
I, [2010-07-27T01:48:01.574032 #6273]  INFO -- : waiting for server tempserver-MySQL 5.0 EBS v2 (Sprint 19) to go stopped, state is decommissioning
I, [2010-07-27T01:48:01.645887 #6273]  INFO -- : GET: /api/acct/2901/servers/795770.js?
I, [2010-07-27T01:48:06.784025 #6273]  INFO -- : waiting for server tempserver-MySQL 5.0 EBS v2 (Sprint 19) to go stopped, state is decommissioning
I, [2010-07-27T01:48:06.816617 #6273]  INFO -- : GET: /api/acct/2901/servers/795770.js?
I, [2010-07-27T01:48:12.674457 #6273]  INFO -- : waiting for server tempserver-MySQL 5.0 EBS v2 (Sprint 19) to go stopped, state is decommissioning
I, [2010-07-27T01:48:12.708670 #6273]  INFO -- : GET: /api/acct/2901/servers/795770.js?
I, [2010-07-27T01:48:17.924031 #6273]  INFO -- : waiting for server tempserver-MySQL 5.0 EBS v2 (Sprint 19) to go stopped, state is decommissioning
I, [2010-07-27T01:48:17.957548 #6273]  INFO -- : GET: /api/acct/2901/servers/795770.js?
I, [2010-07-27T01:48:23.174035 #6273]  INFO -- : waiting for server tempserver-MySQL 5.0 EBS v2 (Sprint 19) to go stopped, state is decommissioning
I, [2010-07-27T01:48:23.207511 #6273]  INFO -- : GET: /api/acct/2901/servers/795770.js?
I, [2010-07-27T01:48:28.334046 #6273]  INFO -- : waiting for server tempserver-MySQL 5.0 EBS v2 (Sprint 19) to go stopped, state is decommissioning
I, [2010-07-27T01:48:28.364288 #6273]  INFO -- : GET: /api/acct/2901/servers/795770.js?
I, [2010-07-27T01:48:33.514020 #6273]  INFO -- : waiting for server tempserver-MySQL 5.0 EBS v2 (Sprint 19) to go stopped, state is decommissioning
I, [2010-07-27T01:48:33.561225 #6273]  INFO -- : GET: /api/acct/2901/servers/795770.js?
I, [2010-07-27T01:48:39.434052 #6273]  INFO -- : waiting for server tempserver-MySQL 5.0 EBS v2 (Sprint 19) to go stopped, state is decommissioning
I, [2010-07-27T01:48:39.472829 #6273]  INFO -- : GET: /api/acct/2901/servers/795770.js?
I, [2010-07-27T01:48:44.844024 #6273]  INFO -- : waiting for server tempserver-MySQL 5.0 EBS v2 (Sprint 19) to go stopped, state is decommissioning
I, [2010-07-27T01:48:44.878518 #6273]  INFO -- : GET: /api/acct/2901/servers/795770.js?
I, [2010-07-27T01:48:50.504021 #6273]  INFO -- : waiting for server tempserver-MySQL 5.0 EBS v2 (Sprint 19) to go stopped, state is decommissioning
I, [2010-07-27T01:48:50.563626 #6273]  INFO -- : GET: /api/acct/2901/servers/795770.js?
I, [2010-07-27T01:48:55.764020 #6273]  INFO -- : waiting for server tempserver-MySQL 5.0 EBS v2 (Sprint 19) to go stopped, state is decommissioning
I, [2010-07-27T01:48:55.797896 #6273]  INFO -- : GET: /api/acct/2901/servers/795770.js?
I, [2010-07-27T01:49:00.884034 #6273]  INFO -- : waiting for server tempserver-MySQL 5.0 EBS v2 (Sprint 19) to go stopped, state is decommissioning
I, [2010-07-27T01:49:00.915019 #6273]  INFO -- : GET: /api/acct/2901/servers/795770.js?
I, [2010-07-27T01:49:06.154048 #6273]  INFO -- : waiting for server tempserver-MySQL 5.0 EBS v2 (Sprint 19) to go stopped, state is decommissioning
I, [2010-07-27T01:49:06.187011 #6273]  INFO -- : GET: /api/acct/2901/servers/795770.js?
I, [2010-07-27T01:49:11.324047 #6273]  INFO -- : waiting for server tempserver-MySQL 5.0 EBS v2 (Sprint 19) to go stopped, state is decommissioning
I, [2010-07-27T01:49:11.385958 #6273]  INFO -- : GET: /api/acct/2901/servers/795770.js?
I, [2010-07-27T01:49:16.514047 #6273]  INFO -- : waiting for server tempserver-MySQL 5.0 EBS v2 (Sprint 19) to go stopped, state is decommissioning
I, [2010-07-27T01:49:16.545279 #6273]  INFO -- : GET: /api/acct/2901/servers/795770.js?
I, [2010-07-27T01:49:21.624055 #6273]  INFO -- : waiting for server tempserver-MySQL 5.0 EBS v2 (Sprint 19) to go stopped, state is decommissioning
I, [2010-07-27T01:49:21.676210 #6273]  INFO -- : GET: /api/acct/2901/servers/795770.js?
I, [2010-07-27T01:49:26.794028 #6273]  INFO -- : waiting for server tempserver-MySQL 5.0 EBS v2 (Sprint 19) to go stopped, state is decommissioning
I, [2010-07-27T01:49:26.829120 #6273]  INFO -- : GET: /api/acct/2901/servers/795770.js?
I, [2010-07-27T01:49:31.944035 #6273]  INFO -- : waiting for server tempserver-MySQL 5.0 EBS v2 (Sprint 19) to go stopped, state is decommissioning
I, [2010-07-27T01:49:31.978220 #6273]  INFO -- : GET: /api/acct/2901/servers/795770.js?
I, [2010-07-27T01:49:37.234047 #6273]  INFO -- : waiting for server tempserver-MySQL 5.0 EBS v2 (Sprint 19) to go stopped, state is decommissioning
I, [2010-07-27T01:49:37.267031 #6273]  INFO -- : GET: /api/acct/2901/servers/795770.js?
I, [2010-07-27T01:49:42.394027 #6273]  INFO -- : waiting for server tempserver-MySQL 5.0 EBS v2 (Sprint 19) to go stopped, state is decommissioning
I, [2010-07-27T01:49:42.430566 #6273]  INFO -- : GET: /api/acct/2901/servers/795770.js?
I, [2010-07-27T01:49:47.514036 #6273]  INFO -- : waiting for server tempserver-MySQL 5.0 EBS v2 (Sprint 19) to go stopped, state is decommissioning
I, [2010-07-27T01:49:47.544726 #6273]  INFO -- : GET: /api/acct/2901/servers/795770.js?
I, [2010-07-27T01:49:52.644027 #6273]  INFO -- : waiting for server tempserver-MySQL 5.0 EBS v2 (Sprint 19) to go stopped, state is decommissioning
I, [2010-07-27T01:49:52.678089 #6273]  INFO -- : GET: /api/acct/2901/servers/795770.js?
I, [2010-07-27T01:49:57.814040 #6273]  INFO -- : waiting for server tempserver-MySQL 5.0 EBS v2 (Sprint 19) to go stopped, state is decommissioning
I, [2010-07-27T01:49:57.845370 #6273]  INFO -- : GET: /api/acct/2901/servers/795770.js?
I, [2010-07-27T01:50:02.944042 #6273]  INFO -- : waiting for server tempserver-MySQL 5.0 EBS v2 (Sprint 19) to go stopped, state is decommissioning
I, [2010-07-27T01:50:02.995102 #6273]  INFO -- : GET: /api/acct/2901/servers/795770.js?
I, [2010-07-27T01:50:08.834066 #6273]  INFO -- : waiting for server tempserver-MySQL 5.0 EBS v2 (Sprint 19) to go stopped, state is decommissioning
I, [2010-07-27T01:50:08.864262 #6273]  INFO -- : GET: /api/acct/2901/servers/795770.js?
I, [2010-07-27T01:50:16.934043 #6273]  INFO -- : waiting for server tempserver-MySQL 5.0 EBS v2 (Sprint 19) to go stopped, state is decommissioning
I, [2010-07-27T01:50:16.968276 #6273]  INFO -- : GET: /api/acct/2901/servers/795770.js?
I, [2010-07-27T01:50:22.134039 #6273]  INFO -- : waiting for server tempserver-MySQL 5.0 EBS v2 (Sprint 19) to go stopped, state is decommissioning
I, [2010-07-27T01:50:22.164457 #6273]  INFO -- : GET: /api/acct/2901/servers/795770.js?
I, [2010-07-27T01:50:28.184074 #6273]  INFO -- : waiting for server tempserver-MySQL 5.0 EBS v2 (Sprint 19) to go stopped, state is decommissioning
I, [2010-07-27T01:50:28.218487 #6273]  INFO -- : GET: /api/acct/2901/servers/795770.js?
I, [2010-07-27T01:50:33.574005 #6273]  INFO -- : waiting for server tempserver-MySQL 5.0 EBS v2 (Sprint 19) to go stopped, state is decommissioning
I, [2010-07-27T01:50:33.604210 #6273]  INFO -- : GET: /api/acct/2901/servers/795770.js?
I, [2010-07-27T01:50:38.904057 #6273]  INFO -- : waiting for server tempserver-MySQL 5.0 EBS v2 (Sprint 19) to go stopped, state is decommissioning
I, [2010-07-27T01:50:38.938068 #6273]  INFO -- : GET: /api/acct/2901/servers/795770.js?
I, [2010-07-27T01:50:44.734026 #6273]  INFO -- : waiting for server tempserver-MySQL 5.0 EBS v2 (Sprint 19) to go stopped, state is decommissioning
I, [2010-07-27T01:50:44.772000 #6273]  INFO -- : GET: /api/acct/2901/servers/795770.js?
I, [2010-07-27T01:50:50.194040 #6273]  INFO -- : waiting for server tempserver-MySQL 5.0 EBS v2 (Sprint 19) to go stopped, state is decommissioning
I, [2010-07-27T01:50:50.227771 #6273]  INFO -- : GET: /api/acct/2901/servers/795770.js?
I, [2010-07-27T01:50:55.344024 #6273]  INFO -- : waiting for server tempserver-MySQL 5.0 EBS v2 (Sprint 19) to go stopped, state is decommissioning
I, [2010-07-27T01:50:55.374009 #6273]  INFO -- : GET: /api/acct/2901/servers/795770.js?
I, [2010-07-27T01:51:00.604025 #6273]  INFO -- : waiting for server tempserver-MySQL 5.0 EBS v2 (Sprint 19) to go stopped, state is decommissioning
I, [2010-07-27T01:51:00.679759 #6273]  INFO -- : GET: /api/acct/2901/servers/795770.js?
I, [2010-07-27T01:51:05.784039 #6273]  INFO -- : waiting for server tempserver-MySQL 5.0 EBS v2 (Sprint 19) to go stopped, state is decommissioning
I, [2010-07-27T01:51:05.814248 #6273]  INFO -- : GET: /api/acct/2901/servers/795770.js?
I, [2010-07-27T01:51:10.924445 #6273]  INFO -- : waiting for server tempserver-MySQL 5.0 EBS v2 (Sprint 19) to go stopped, state is decommissioning
I, [2010-07-27T01:51:10.985817 #6273]  INFO -- : GET: /api/acct/2901/servers/795770.js?
I, [2010-07-27T01:51:16.514020 #6273]  INFO -- : waiting for server tempserver-MySQL 5.0 EBS v2 (Sprint 19) to go stopped, state is decommissioning
I, [2010-07-27T01:51:16.544378 #6273]  INFO -- : GET: /api/acct/2901/servers/795770.js?
I, [2010-07-27T01:51:21.674069 #6273]  INFO -- : waiting for server tempserver-MySQL 5.0 EBS v2 (Sprint 19) to go stopped, state is decommissioning
I, [2010-07-27T01:51:21.707891 #6273]  INFO -- : GET: /api/acct/2901/servers/795770.js?
I, [2010-07-27T01:51:26.854018 #6273]  INFO -- : waiting for server tempserver-MySQL 5.0 EBS v2 (Sprint 19) to go stopped, state is decommissioning
I, [2010-07-27T01:51:26.884174 #6273]  INFO -- : GET: /api/acct/2901/servers/795770.js?
I, [2010-07-27T01:51:32.004104 #6273]  INFO -- : waiting for server tempserver-MySQL 5.0 EBS v2 (Sprint 19) to go stopped, state is decommissioning
I, [2010-07-27T01:51:32.044175 #6273]  INFO -- : GET: /api/acct/2901/servers/795770.js?
I, [2010-07-27T01:51:38.104047 #6273]  INFO -- : waiting for server tempserver-MySQL 5.0 EBS v2 (Sprint 19) to go stopped, state is decommissioning
I, [2010-07-27T01:51:38.134218 #6273]  INFO -- : GET: /api/acct/2901/servers/795770.js?
I, [2010-07-27T01:51:43.264027 #6273]  INFO -- : waiting for server tempserver-MySQL 5.0 EBS v2 (Sprint 19) to go stopped, state is decommissioning
I, [2010-07-27T01:51:43.298450 #6273]  INFO -- : GET: /api/acct/2901/servers/795770.js?
I, [2010-07-27T01:51:48.504047 #6273]  INFO -- : waiting for server tempserver-MySQL 5.0 EBS v2 (Sprint 19) to go stopped, state is decommissioning
I, [2010-07-27T01:51:48.534608 #6273]  INFO -- : GET: /api/acct/2901/servers/795770.js?
I, [2010-07-27T01:51:53.644044 #6273]  INFO -- : waiting for server tempserver-MySQL 5.0 EBS v2 (Sprint 19) to go stopped, state is decommissioning
I, [2010-07-27T01:51:53.677955 #6273]  INFO -- : GET: /api/acct/2901/servers/795770.js?
I, [2010-07-27T01:51:59.654031 #6273]  INFO -- : waiting for server tempserver-MySQL 5.0 EBS v2 (Sprint 19) to go stopped, state is decommissioning
I, [2010-07-27T01:51:59.685054 #6273]  INFO -- : GET: /api/acct/2901/servers/795770.js?
I, [2010-07-27T01:52:04.884017 #6273]  INFO -- : waiting for server tempserver-MySQL 5.0 EBS v2 (Sprint 19) to go stopped, state is decommissioning
I, [2010-07-27T01:52:04.987759 #6273]  INFO -- : GET: /api/acct/2901/servers/795770.js?
I, [2010-07-27T01:52:10.144023 #6273]  INFO -- : waiting for server tempserver-MySQL 5.0 EBS v2 (Sprint 19) to go stopped, state is decommissioning
I, [2010-07-27T01:52:10.197840 #6273]  INFO -- : GET: /api/acct/2901/servers/795770.js?
I, [2010-07-27T01:52:15.324028 #6273]  INFO -- : waiting for server tempserver-MySQL 5.0 EBS v2 (Sprint 19) to go stopped, state is decommissioning
I, [2010-07-27T01:52:15.358597 #6273]  INFO -- : GET: /api/acct/2901/servers/795770.js?
I, [2010-07-27T01:52:20.674021 #6273]  INFO -- : waiting for server tempserver-MySQL 5.0 EBS v2 (Sprint 19) to go stopped, state is decommissioning
I, [2010-07-27T01:52:20.705587 #6273]  INFO -- : GET: /api/acct/2901/servers/795770.js?
I, [2010-07-27T01:52:20.896678 #6273]  INFO -- : GET: /api/acct/2901/servers/795771.js?
I, [2010-07-27T01:52:21.060201 #6273]  INFO -- : tempserver-MySQL 5.0 EBS v2 (Sprint 19) is stopped
I, [2010-07-27T01:52:21.090162 #6273]  INFO -- : GET: /api/acct/2901/servers/795772.js?
I, [2010-07-27T01:52:21.158380 #6273]  INFO -- : tempserver-MySQL 5.0 EBS v2 (Sprint 19) is stopped
I, [2010-07-27T01:52:21.194513 #6273]  INFO -- : PUT: /api/acct/2901/deployments/51556
I, [2010-07-27T01:52:21.194657 #6273]  INFO -- : 	request body: {"deployment":{"parameters":{"DB_LINEAGE_NAME":"text:testlineage908861"}}}
I, [2010-07-27T01:52:22.168089 #6273]  INFO -- : PUT: /api/acct/2901/servers/795770
I, [2010-07-27T01:52:22.168219 #6273]  INFO -- : 	request body: {"server":{"parameters":{"DB_LINEAGE_NAME":"text:"}}}
I, [2010-07-27T01:52:23.009690 #6273]  INFO -- : PUT: /api/acct/2901/servers/795771
I, [2010-07-27T01:52:23.009818 #6273]  INFO -- : 	request body: {"server":{"parameters":{"DB_LINEAGE_NAME":"text:"}}}
I, [2010-07-27T01:52:23.208742 #6273]  INFO -- : PUT: /api/acct/2901/servers/795772
I, [2010-07-27T01:52:23.208861 #6273]  INFO -- : 	request body: {"server":{"parameters":{"DB_LINEAGE_NAME":"text:"}}}
I, [2010-07-27T01:52:26.137643 #6273]  INFO -- : PUT: /api/acct/2901/deployments/51556
I, [2010-07-27T01:52:26.137772 #6273]  INFO -- : 	request body: {"deployment":{"parameters":{"EBS_STRIPE_COUNT":"text:1"}}}
I, [2010-07-27T01:52:27.711275 #6273]  INFO -- : PUT: /api/acct/2901/deployments/51556
I, [2010-07-27T01:52:27.711406 #6273]  INFO -- : 	request body: {"deployment":{"parameters":{"MASTER_DB_DNSID":"text:5264493"}}}
I, [2010-07-27T01:52:27.865748 #6273]  INFO -- : PUT: /api/acct/2901/deployments/51556
I, [2010-07-27T01:52:27.865868 #6273]  INFO -- : 	request body: {"deployment":{"parameters":{"SLAVE_DB_DNSID":"text:5264517"}}}
I, [2010-07-27T01:52:28.099795 #6273]  INFO -- : PUT: /api/acct/2901/deployments/51556
I, [2010-07-27T01:52:28.099927 #6273]  INFO -- : 	request body: {"deployment":{"parameters":{"SLAVE_DB_DNSNAME":"text:vmonk10-slave.test.rightscale.com"}}}
I, [2010-07-27T01:52:28.262676 #6273]  INFO -- : PUT: /api/acct/2901/deployments/51556
I, [2010-07-27T01:52:28.262793 #6273]  INFO -- : 	request body: {"deployment":{"parameters":{"MASTER_DB_DNSNAME":"text:vmonk10-master.test.rightscale.com"}}}
I, [2010-07-27T01:52:28.534306 #6273]  INFO -- : POST: /api/acct/2901/servers/795770/start
I, [2010-07-27T01:52:31.630821 #6273]  INFO -- : POST: /api/acct/2901/servers/795771/start
I, [2010-07-27T01:52:35.053753 #6273]  INFO -- : POST: /api/acct/2901/servers/795772/start
I, [2010-07-27T01:52:38.268246 #6273]  INFO -- : GET: /api/acct/2901/servers/795770.js?
I, [2010-07-27T01:52:38.371647 #6273]  INFO -- : tempserver-MySQL 5.0 EBS v2 (Sprint 19) is bidding
I, [2010-07-27T01:52:43.380810 #6273]  INFO -- : waiting for server tempserver-MySQL 5.0 EBS v2 (Sprint 19) to go operational, state is bidding
I, [2010-07-27T01:52:43.411900 #6273]  INFO -- : GET: /api/acct/2901/servers/795770.js?
I, [2010-07-27T01:52:48.530806 #6273]  INFO -- : waiting for server tempserver-MySQL 5.0 EBS v2 (Sprint 19) to go operational, state is bidding
I, [2010-07-27T01:52:48.565272 #6273]  INFO -- : GET: /api/acct/2901/servers/795770.js?
I, [2010-07-27T01:52:54.420822 #6273]  INFO -- : waiting for server tempserver-MySQL 5.0 EBS v2 (Sprint 19) to go operational, state is bidding
I, [2010-07-27T01:52:54.451568 #6273]  INFO -- : GET: /api/acct/2901/servers/795770.js?
I, [2010-07-27T01:52:59.560819 #6273]  INFO -- : waiting for server tempserver-MySQL 5.0 EBS v2 (Sprint 19) to go operational, state is bidding
I, [2010-07-27T01:52:59.594689 #6273]  INFO -- : GET: /api/acct/2901/servers/795770.js?
I, [2010-07-27T01:53:04.770820 #6273]  INFO -- : waiting for server tempserver-MySQL 5.0 EBS v2 (Sprint 19) to go operational, state is bidding
I, [2010-07-27T01:53:04.802122 #6273]  INFO -- : GET: /api/acct/2901/servers/795770.js?
I, [2010-07-27T01:53:10.180795 #6273]  INFO -- : waiting for server tempserver-MySQL 5.0 EBS v2 (Sprint 19) to go operational, state is bidding
I, [2010-07-27T01:53:10.214336 #6273]  INFO -- : GET: /api/acct/2901/servers/795770.js?
I, [2010-07-27T01:53:15.310828 #6273]  INFO -- : waiting for server tempserver-MySQL 5.0 EBS v2 (Sprint 19) to go operational, state is bidding
I, [2010-07-27T01:53:15.343561 #6273]  INFO -- : GET: /api/acct/2901/servers/795770.js?
I, [2010-07-27T01:53:20.480823 #6273]  INFO -- : waiting for server tempserver-MySQL 5.0 EBS v2 (Sprint 19) to go operational, state is bidding
I, [2010-07-27T01:53:20.514916 #6273]  INFO -- : GET: /api/acct/2901/servers/795770.js?
I, [2010-07-27T01:53:25.770846 #6273]  INFO -- : waiting for server tempserver-MySQL 5.0 EBS v2 (Sprint 19) to go operational, state is bidding
I, [2010-07-27T01:53:25.845915 #6273]  INFO -- : GET: /api/acct/2901/servers/795770.js?
I, [2010-07-27T01:53:31.000835 #6273]  INFO -- : waiting for server tempserver-MySQL 5.0 EBS v2 (Sprint 19) to go operational, state is bidding
I, [2010-07-27T01:53:31.035230 #6273]  INFO -- : GET: /api/acct/2901/servers/795770.js?
I, [2010-07-27T01:53:36.430834 #6273]  INFO -- : waiting for server tempserver-MySQL 5.0 EBS v2 (Sprint 19) to go operational, state is bidding
I, [2010-07-27T01:53:36.461029 #6273]  INFO -- : GET: /api/acct/2901/servers/795770.js?
I, [2010-07-27T01:53:41.610799 #6273]  INFO -- : waiting for server tempserver-MySQL 5.0 EBS v2 (Sprint 19) to go operational, state is bidding
I, [2010-07-27T01:53:41.644831 #6273]  INFO -- : GET: /api/acct/2901/servers/795770.js?
I, [2010-07-27T01:53:46.750825 #6273]  INFO -- : waiting for server tempserver-MySQL 5.0 EBS v2 (Sprint 19) to go operational, state is bidding
I, [2010-07-27T01:53:46.781170 #6273]  INFO -- : GET: /api/acct/2901/servers/795770.js?
I, [2010-07-27T01:53:51.930801 #6273]  INFO -- : waiting for server tempserver-MySQL 5.0 EBS v2 (Sprint 19) to go operational, state is bidding
I, [2010-07-27T01:53:51.965008 #6273]  INFO -- : GET: /api/acct/2901/servers/795770.js?
I, [2010-07-27T01:53:57.060818 #6273]  INFO -- : waiting for server tempserver-MySQL 5.0 EBS v2 (Sprint 19) to go operational, state is bidding
I, [2010-07-27T01:53:57.096991 #6273]  INFO -- : GET: /api/acct/2901/servers/795770.js?
I, [2010-07-27T01:54:02.260843 #6273]  INFO -- : waiting for server tempserver-MySQL 5.0 EBS v2 (Sprint 19) to go operational, state is bidding
I, [2010-07-27T01:54:02.295517 #6273]  INFO -- : GET: /api/acct/2901/servers/795770.js?
I, [2010-07-27T01:54:07.420813 #6273]  INFO -- : waiting for server tempserver-MySQL 5.0 EBS v2 (Sprint 19) to go operational, state is bidding
I, [2010-07-27T01:54:07.451655 #6273]  INFO -- : GET: /api/acct/2901/servers/795770.js?
I, [2010-07-27T01:54:12.670830 #6273]  INFO -- : waiting for server tempserver-MySQL 5.0 EBS v2 (Sprint 19) to go operational, state is bidding
I, [2010-07-27T01:54:12.736074 #6273]  INFO -- : GET: /api/acct/2901/servers/795770.js?
I, [2010-07-27T01:54:17.820822 #6273]  INFO -- : waiting for server tempserver-MySQL 5.0 EBS v2 (Sprint 19) to go operational, state is bidding
I, [2010-07-27T01:54:17.851368 #6273]  INFO -- : GET: /api/acct/2901/servers/795770.js?
I, [2010-07-27T01:54:23.050797 #6273]  INFO -- : waiting for server tempserver-MySQL 5.0 EBS v2 (Sprint 19) to go operational, state is bidding
I, [2010-07-27T01:54:23.085221 #6273]  INFO -- : GET: /api/acct/2901/servers/795770.js?
I, [2010-07-27T01:54:28.260832 #6273]  INFO -- : waiting for server tempserver-MySQL 5.0 EBS v2 (Sprint 19) to go operational, state is bidding
I, [2010-07-27T01:54:28.291517 #6273]  INFO -- : GET: /api/acct/2901/servers/795770.js?
I, [2010-07-27T01:54:33.510894 #6273]  INFO -- : waiting for server tempserver-MySQL 5.0 EBS v2 (Sprint 19) to go operational, state is bidding
I, [2010-07-27T01:54:33.545646 #6273]  INFO -- : GET: /api/acct/2901/servers/795770.js?
I, [2010-07-27T01:54:38.670820 #6273]  INFO -- : waiting for server tempserver-MySQL 5.0 EBS v2 (Sprint 19) to go operational, state is bidding
I, [2010-07-27T01:54:38.701442 #6273]  INFO -- : GET: /api/acct/2901/servers/795770.js?
I, [2010-07-27T01:54:43.800829 #6273]  INFO -- : waiting for server tempserver-MySQL 5.0 EBS v2 (Sprint 19) to go operational, state is bidding
I, [2010-07-27T01:54:43.834435 #6273]  INFO -- : GET: /api/acct/2901/servers/795770.js?
I, [2010-07-27T01:54:48.930837 #6273]  INFO -- : waiting for server tempserver-MySQL 5.0 EBS v2 (Sprint 19) to go operational, state is bidding
I, [2010-07-27T01:54:48.961370 #6273]  INFO -- : GET: /api/acct/2901/servers/795770.js?
I, [2010-07-27T01:54:54.220800 #6273]  INFO -- : waiting for server tempserver-MySQL 5.0 EBS v2 (Sprint 19) to go operational, state is bidding
I, [2010-07-27T01:54:54.254533 #6273]  INFO -- : GET: /api/acct/2901/servers/795770.js?
I, [2010-07-27T01:54:59.360822 #6273]  INFO -- : waiting for server tempserver-MySQL 5.0 EBS v2 (Sprint 19) to go operational, state is bidding
I, [2010-07-27T01:54:59.445050 #6273]  INFO -- : GET: /api/acct/2901/servers/795770.js?
I, [2010-07-27T01:55:04.560817 #6273]  INFO -- : waiting for server tempserver-MySQL 5.0 EBS v2 (Sprint 19) to go operational, state is bidding
I, [2010-07-27T01:55:04.594389 #6273]  INFO -- : GET: /api/acct/2901/servers/795770.js?
I, [2010-07-27T01:55:09.720813 #6273]  INFO -- : waiting for server tempserver-MySQL 5.0 EBS v2 (Sprint 19) to go operational, state is bidding
I, [2010-07-27T01:55:09.751791 #6273]  INFO -- : GET: /api/acct/2901/servers/795770.js?
I, [2010-07-27T01:55:14.870818 #6273]  INFO -- : waiting for server tempserver-MySQL 5.0 EBS v2 (Sprint 19) to go operational, state is bidding
I, [2010-07-27T01:55:14.913750 #6273]  INFO -- : GET: /api/acct/2901/servers/795770.js?
I, [2010-07-27T01:55:20.040812 #6273]  INFO -- : waiting for server tempserver-MySQL 5.0 EBS v2 (Sprint 19) to go operational, state is bidding
I, [2010-07-27T01:55:20.077612 #6273]  INFO -- : GET: /api/acct/2901/servers/795770.js?
I, [2010-07-27T01:55:25.170879 #6273]  INFO -- : waiting for server tempserver-MySQL 5.0 EBS v2 (Sprint 19) to go operational, state is bidding
I, [2010-07-27T01:55:25.204935 #6273]  INFO -- : GET: /api/acct/2901/servers/795770.js?
I, [2010-07-27T01:55:30.310803 #6273]  INFO -- : waiting for server tempserver-MySQL 5.0 EBS v2 (Sprint 19) to go operational, state is bidding
I, [2010-07-27T01:55:30.341467 #6273]  INFO -- : GET: /api/acct/2901/servers/795770.js?
I, [2010-07-27T01:55:35.440815 #6273]  INFO -- : waiting for server tempserver-MySQL 5.0 EBS v2 (Sprint 19) to go operational, state is bidding
I, [2010-07-27T01:55:35.477278 #6273]  INFO -- : GET: /api/acct/2901/servers/795770.js?
I, [2010-07-27T01:55:40.560797 #6273]  INFO -- : waiting for server tempserver-MySQL 5.0 EBS v2 (Sprint 19) to go operational, state is bidding
I, [2010-07-27T01:55:40.598390 #6273]  INFO -- : GET: /api/acct/2901/servers/795770.js?
I, [2010-07-27T01:55:45.700821 #6273]  INFO -- : waiting for server tempserver-MySQL 5.0 EBS v2 (Sprint 19) to go operational, state is bidding
I, [2010-07-27T01:55:45.734874 #6273]  INFO -- : GET: /api/acct/2901/servers/795770.js?
I, [2010-07-27T01:55:50.850799 #6273]  INFO -- : waiting for server tempserver-MySQL 5.0 EBS v2 (Sprint 19) to go operational, state is bidding
I, [2010-07-27T01:55:50.906184 #6273]  INFO -- : GET: /api/acct/2901/servers/795770.js?
I, [2010-07-27T01:55:55.990892 #6273]  INFO -- : waiting for server tempserver-MySQL 5.0 EBS v2 (Sprint 19) to go operational, state is bidding
I, [2010-07-27T01:55:56.025062 #6273]  INFO -- : GET: /api/acct/2901/servers/795770.js?
I, [2010-07-27T01:56:01.210816 #6273]  INFO -- : waiting for server tempserver-MySQL 5.0 EBS v2 (Sprint 19) to go operational, state is bidding
I, [2010-07-27T01:56:01.241571 #6273]  INFO -- : GET: /api/acct/2901/servers/795770.js?
I, [2010-07-27T01:56:06.380806 #6273]  INFO -- : waiting for server tempserver-MySQL 5.0 EBS v2 (Sprint 19) to go operational, state is bidding
I, [2010-07-27T01:56:06.415712 #6273]  INFO -- : GET: /api/acct/2901/servers/795770.js?
I, [2010-07-27T01:56:11.820810 #6273]  INFO -- : waiting for server tempserver-MySQL 5.0 EBS v2 (Sprint 19) to go operational, state is bidding
I, [2010-07-27T01:56:11.852810 #6273]  INFO -- : GET: /api/acct/2901/servers/795770.js?
I, [2010-07-27T01:56:16.960795 #6273]  INFO -- : waiting for server tempserver-MySQL 5.0 EBS v2 (Sprint 19) to go operational, state is bidding
I, [2010-07-27T01:56:16.994958 #6273]  INFO -- : GET: /api/acct/2901/servers/795770.js?
I, [2010-07-27T01:56:22.130821 #6273]  INFO -- : waiting for server tempserver-MySQL 5.0 EBS v2 (Sprint 19) to go operational, state is bidding
I, [2010-07-27T01:56:22.161763 #6273]  INFO -- : GET: /api/acct/2901/servers/795770.js?
I, [2010-07-27T01:56:27.260821 #6273]  INFO -- : waiting for server tempserver-MySQL 5.0 EBS v2 (Sprint 19) to go operational, state is bidding
I, [2010-07-27T01:56:27.295120 #6273]  INFO -- : GET: /api/acct/2901/servers/795770.js?
I, [2010-07-27T01:56:32.480797 #6273]  INFO -- : waiting for server tempserver-MySQL 5.0 EBS v2 (Sprint 19) to go operational, state is bidding
I, [2010-07-27T01:56:32.511669 #6273]  INFO -- : GET: /api/acct/2901/servers/795770.js?
I, [2010-07-27T01:56:38.040807 #6273]  INFO -- : waiting for server tempserver-MySQL 5.0 EBS v2 (Sprint 19) to go operational, state is booting
I, [2010-07-27T01:56:38.106119 #6273]  INFO -- : GET: /api/acct/2901/servers/795770.js?
I, [2010-07-27T01:56:43.240821 #6273]  INFO -- : waiting for server tempserver-MySQL 5.0 EBS v2 (Sprint 19) to go operational, state is booting
I, [2010-07-27T01:56:43.272463 #6273]  INFO -- : GET: /api/acct/2901/servers/795770.js?
I, [2010-07-27T01:56:48.380803 #6273]  INFO -- : waiting for server tempserver-MySQL 5.0 EBS v2 (Sprint 19) to go operational, state is booting
I, [2010-07-27T01:56:48.419371 #6273]  INFO -- : GET: /api/acct/2901/servers/795770.js?
I, [2010-07-27T01:56:53.580824 #6273]  INFO -- : waiting for server tempserver-MySQL 5.0 EBS v2 (Sprint 19) to go operational, state is booting
I, [2010-07-27T01:56:53.610947 #6273]  INFO -- : GET: /api/acct/2901/servers/795770.js?
I, [2010-07-27T01:56:58.720823 #6273]  INFO -- : waiting for server tempserver-MySQL 5.0 EBS v2 (Sprint 19) to go operational, state is booting
I, [2010-07-27T01:56:58.754707 #6273]  INFO -- : GET: /api/acct/2901/servers/795770.js?
I, [2010-07-27T01:57:04.610807 #6273]  INFO -- : waiting for server tempserver-MySQL 5.0 EBS v2 (Sprint 19) to go operational, state is booting
I, [2010-07-27T01:57:04.641402 #6273]  INFO -- : GET: /api/acct/2901/servers/795770.js?
I, [2010-07-27T01:57:09.730798 #6273]  INFO -- : waiting for server tempserver-MySQL 5.0 EBS v2 (Sprint 19) to go operational, state is booting
I, [2010-07-27T01:57:09.764998 #6273]  INFO -- : GET: /api/acct/2901/servers/795770.js?
I, [2010-07-27T01:57:14.910797 #6273]  INFO -- : waiting for server tempserver-MySQL 5.0 EBS v2 (Sprint 19) to go operational, state is booting
I, [2010-07-27T01:57:14.941035 #6273]  INFO -- : GET: /api/acct/2901/servers/795770.js?
I, [2010-07-27T01:57:20.160805 #6273]  INFO -- : waiting for server tempserver-MySQL 5.0 EBS v2 (Sprint 19) to go operational, state is booting
I, [2010-07-27T01:57:20.197327 #6273]  INFO -- : GET: /api/acct/2901/servers/795770.js?
I, [2010-07-27T01:57:25.280803 #6273]  INFO -- : waiting for server tempserver-MySQL 5.0 EBS v2 (Sprint 19) to go operational, state is booting
I, [2010-07-27T01:57:25.311159 #6273]  INFO -- : GET: /api/acct/2901/servers/795770.js?
I, [2010-07-27T01:57:30.540805 #6273]  INFO -- : waiting for server tempserver-MySQL 5.0 EBS v2 (Sprint 19) to go operational, state is booting
I, [2010-07-27T01:57:30.574785 #6273]  INFO -- : GET: /api/acct/2901/servers/795770.js?
I, [2010-07-27T01:57:36.490824 #6273]  INFO -- : waiting for server tempserver-MySQL 5.0 EBS v2 (Sprint 19) to go operational, state is booting
I, [2010-07-27T01:57:36.521363 #6273]  INFO -- : GET: /api/acct/2901/servers/795770.js?
I, [2010-07-27T01:57:41.660824 #6273]  INFO -- : waiting for server tempserver-MySQL 5.0 EBS v2 (Sprint 19) to go operational, state is booting
I, [2010-07-27T01:57:41.697250 #6273]  INFO -- : GET: /api/acct/2901/servers/795770.js?
I, [2010-07-27T01:57:46.810806 #6273]  INFO -- : waiting for server tempserver-MySQL 5.0 EBS v2 (Sprint 19) to go operational, state is booting
I, [2010-07-27T01:57:46.841377 #6273]  INFO -- : GET: /api/acct/2901/servers/795770.js?
I, [2010-07-27T01:57:51.930805 #6273]  INFO -- : waiting for server tempserver-MySQL 5.0 EBS v2 (Sprint 19) to go operational, state is booting
I, [2010-07-27T01:57:51.965447 #6273]  INFO -- : GET: /api/acct/2901/servers/795770.js?
I, [2010-07-27T01:57:58.200816 #6273]  INFO -- : waiting for server tempserver-MySQL 5.0 EBS v2 (Sprint 19) to go operational, state is booting
I, [2010-07-27T01:57:58.269981 #6273]  INFO -- : GET: /api/acct/2901/servers/795770.js?
I, [2010-07-27T01:58:03.370815 #6273]  INFO -- : waiting for server tempserver-MySQL 5.0 EBS v2 (Sprint 19) to go operational, state is booting
I, [2010-07-27T01:58:03.405197 #6273]  INFO -- : GET: /api/acct/2901/servers/795770.js?
I, [2010-07-27T01:58:08.561223 #6273]  INFO -- : waiting for server tempserver-MySQL 5.0 EBS v2 (Sprint 19) to go operational, state is booting
I, [2010-07-27T01:58:08.644196 #6273]  INFO -- : GET: /api/acct/2901/servers/795770.js?
I, [2010-07-27T01:58:13.740821 #6273]  INFO -- : waiting for server tempserver-MySQL 5.0 EBS v2 (Sprint 19) to go operational, state is booting
I, [2010-07-27T01:58:13.774751 #6273]  INFO -- : GET: /api/acct/2901/servers/795770.js?
I, [2010-07-27T01:58:18.910796 #6273]  INFO -- : waiting for server tempserver-MySQL 5.0 EBS v2 (Sprint 19) to go operational, state is booting
I, [2010-07-27T01:58:18.941015 #6273]  INFO -- : GET: /api/acct/2901/servers/795770.js?
I, [2010-07-27T01:58:24.100828 #6273]  INFO -- : waiting for server tempserver-MySQL 5.0 EBS v2 (Sprint 19) to go operational, state is booting
I, [2010-07-27T01:58:24.134897 #6273]  INFO -- : GET: /api/acct/2901/servers/795770.js?
I, [2010-07-27T01:58:29.210796 #6273]  INFO -- : waiting for server tempserver-MySQL 5.0 EBS v2 (Sprint 19) to go operational, state is booting
I, [2010-07-27T01:58:29.240986 #6273]  INFO -- : GET: /api/acct/2901/servers/795770.js?
I, [2010-07-27T01:58:34.420828 #6273]  INFO -- : waiting for server tempserver-MySQL 5.0 EBS v2 (Sprint 19) to go operational, state is booting
I, [2010-07-27T01:58:34.476524 #6273]  INFO -- : GET: /api/acct/2901/servers/795770.js?
I, [2010-07-27T01:58:39.600826 #6273]  INFO -- : waiting for server tempserver-MySQL 5.0 EBS v2 (Sprint 19) to go operational, state is booting
I, [2010-07-27T01:58:39.631394 #6273]  INFO -- : GET: /api/acct/2901/servers/795770.js?
I, [2010-07-27T01:58:44.780825 #6273]  INFO -- : waiting for server tempserver-MySQL 5.0 EBS v2 (Sprint 19) to go operational, state is booting
I, [2010-07-27T01:58:44.815951 #6273]  INFO -- : GET: /api/acct/2901/servers/795770.js?
I, [2010-07-27T01:58:50.050838 #6273]  INFO -- : waiting for server tempserver-MySQL 5.0 EBS v2 (Sprint 19) to go operational, state is booting
I, [2010-07-27T01:58:50.080679 #6273]  INFO -- : GET: /api/acct/2901/servers/795770.js?
I, [2010-07-27T01:58:55.180806 #6273]  INFO -- : waiting for server tempserver-MySQL 5.0 EBS v2 (Sprint 19) to go operational, state is booting
I, [2010-07-27T01:58:55.262691 #6273]  INFO -- : GET: /api/acct/2901/servers/795770.js?
I, [2010-07-27T01:59:00.360809 #6273]  INFO -- : waiting for server tempserver-MySQL 5.0 EBS v2 (Sprint 19) to go operational, state is booting
I, [2010-07-27T01:59:00.392108 #6273]  INFO -- : GET: /api/acct/2901/servers/795770.js?
I, [2010-07-27T01:59:05.510820 #6273]  INFO -- : waiting for server tempserver-MySQL 5.0 EBS v2 (Sprint 19) to go operational, state is booting
I, [2010-07-27T01:59:05.582538 #6273]  INFO -- : GET: /api/acct/2901/servers/795770.js?
I, [2010-07-27T01:59:10.680825 #6273]  INFO -- : waiting for server tempserver-MySQL 5.0 EBS v2 (Sprint 19) to go operational, state is booting
I, [2010-07-27T01:59:10.715512 #6273]  INFO -- : GET: /api/acct/2901/servers/795770.js?
I, [2010-07-27T01:59:15.810880 #6273]  INFO -- : waiting for server tempserver-MySQL 5.0 EBS v2 (Sprint 19) to go operational, state is booting
I, [2010-07-27T01:59:15.845952 #6273]  INFO -- : GET: /api/acct/2901/servers/795770.js?
I, [2010-07-27T01:59:20.920806 #6273]  INFO -- : waiting for server tempserver-MySQL 5.0 EBS v2 (Sprint 19) to go operational, state is booting
I, [2010-07-27T01:59:20.951968 #6273]  INFO -- : GET: /api/acct/2901/servers/795770.js?
I, [2010-07-27T01:59:26.060823 #6273]  INFO -- : waiting for server tempserver-MySQL 5.0 EBS v2 (Sprint 19) to go operational, state is booting
I, [2010-07-27T01:59:26.095423 #6273]  INFO -- : GET: /api/acct/2901/servers/795770.js?
I, [2010-07-27T01:59:31.210822 #6273]  INFO -- : waiting for server tempserver-MySQL 5.0 EBS v2 (Sprint 19) to go operational, state is booting
I, [2010-07-27T01:59:31.241704 #6273]  INFO -- : GET: /api/acct/2901/servers/795770.js?
I, [2010-07-27T01:59:36.400804 #6273]  INFO -- : waiting for server tempserver-MySQL 5.0 EBS v2 (Sprint 19) to go operational, state is booting
I, [2010-07-27T01:59:36.435092 #6273]  INFO -- : GET: /api/acct/2901/servers/795770.js?
I, [2010-07-27T01:59:42.400817 #6273]  INFO -- : waiting for server tempserver-MySQL 5.0 EBS v2 (Sprint 19) to go operational, state is booting
I, [2010-07-27T01:59:42.430817 #6273]  INFO -- : GET: /api/acct/2901/servers/795770.js?
I, [2010-07-27T01:59:47.610850 #6273]  INFO -- : waiting for server tempserver-MySQL 5.0 EBS v2 (Sprint 19) to go operational, state is booting
I, [2010-07-27T01:59:47.644950 #6273]  INFO -- : GET: /api/acct/2901/servers/795770.js?
I, [2010-07-27T01:59:47.795258 #6273]  INFO -- : waiting for dns-name for tempserver-MySQL 5.0 EBS v2 (Sprint 19)
I, [2010-07-27T01:59:47.830459 #6273]  INFO -- : GET: /api/acct/2901/servers/795770/settings.js?
I, [2010-07-27T01:59:50.100800 #6273]  INFO -- : waiting for dns-name for tempserver-MySQL 5.0 EBS v2 (Sprint 19)
I, [2010-07-27T01:59:50.100997 #6273]  INFO -- : got DNS: ec2-184-72-7-25.us-west-1.compute.amazonaws.com
I, [2010-07-27T01:59:50.135731 #6273]  INFO -- : GET: /api/acct/2901/servers/795771.js?
I, [2010-07-27T01:59:50.318869 #6273]  INFO -- : tempserver-MySQL 5.0 EBS v2 (Sprint 19) is operational
I, [2010-07-27T01:59:50.319023 #6273]  INFO -- : waiting for dns-name for tempserver-MySQL 5.0 EBS v2 (Sprint 19)
I, [2010-07-27T01:59:50.349569 #6273]  INFO -- : GET: /api/acct/2901/servers/795771/settings.js?
I, [2010-07-27T01:59:52.520792 #6273]  INFO -- : waiting for dns-name for tempserver-MySQL 5.0 EBS v2 (Sprint 19)
I, [2010-07-27T01:59:52.520972 #6273]  INFO -- : got DNS: ec2-184-72-19-6.us-west-1.compute.amazonaws.com
I, [2010-07-27T01:59:52.554295 #6273]  INFO -- : GET: /api/acct/2901/servers/795772.js?
I, [2010-07-27T01:59:52.629252 #6273]  INFO -- : tempserver-MySQL 5.0 EBS v2 (Sprint 19) is booting
I, [2010-07-27T01:59:57.641135 #6273]  INFO -- : waiting for server tempserver-MySQL 5.0 EBS v2 (Sprint 19) to go operational, state is booting
I, [2010-07-27T01:59:57.671233 #6273]  INFO -- : GET: /api/acct/2901/servers/795772.js?
I, [2010-07-27T02:00:02.770853 #6273]  INFO -- : waiting for server tempserver-MySQL 5.0 EBS v2 (Sprint 19) to go operational, state is booting
I, [2010-07-27T02:00:02.805222 #6273]  INFO -- : GET: /api/acct/2901/servers/795772.js?
I, [2010-07-27T02:00:08.340822 #6273]  INFO -- : waiting for server tempserver-MySQL 5.0 EBS v2 (Sprint 19) to go operational, state is booting
I, [2010-07-27T02:00:08.371141 #6273]  INFO -- : GET: /api/acct/2901/servers/795772.js?
I, [2010-07-27T02:00:14.811112 #6273]  INFO -- : waiting for server tempserver-MySQL 5.0 EBS v2 (Sprint 19) to go operational, state is booting
I, [2010-07-27T02:00:14.844693 #6273]  INFO -- : GET: /api/acct/2901/servers/795772.js?
I, [2010-07-27T02:00:19.970819 #6273]  INFO -- : waiting for server tempserver-MySQL 5.0 EBS v2 (Sprint 19) to go operational, state is booting
I, [2010-07-27T02:00:20.001259 #6273]  INFO -- : GET: /api/acct/2901/servers/795772.js?
I, [2010-07-27T02:00:20.121044 #6273]  INFO -- : waiting for dns-name for tempserver-MySQL 5.0 EBS v2 (Sprint 19)
I, [2010-07-27T02:00:20.154899 #6273]  INFO -- : GET: /api/acct/2901/servers/795772/settings.js?
I, [2010-07-27T02:00:22.480798 #6273]  INFO -- : waiting for dns-name for tempserver-MySQL 5.0 EBS v2 (Sprint 19)
I, [2010-07-27T02:00:22.480995 #6273]  INFO -- : got DNS: ec2-184-72-15-234.us-west-1.compute.amazonaws.com
I, [2010-07-27T02:00:22.524369 #6273]  INFO -- : POST: /api/acct/2901/servers/795770/run_executable
I, [2010-07-27T02:00:22.524506 #6273]  INFO -- : 	request body: {"server":{"right_script_href":"/api/acct/2901/right_scripts/212492","parameters":{"EBS_MOUNT_POINT":"text:/mnt/mysql","AWS_ACCESS_KEY_ID":"ignore:$ignore","DB_MYSQLDUMP_BUCKET":"ignore:$ignore","EBS_LINEAGE":"text:testlineage908861","EBS_TOTAL_VOLUME_GROUP_SIZE_GB":"text:1","DB_MYSQLDUMP_FILENAME":"ignore:$ignore","DBAPPLICATION_USER":"text:someuser","EBS_STRIPE_COUNT":"text:1","EBS_VOLUME_SIZE_GB":"text:1","DBAPPLICATION_PASSWORD":"text:somepass","DB_SCHEMA_NAME":"ignore:$ignore","AWS_SECRET_ACCESS_KEY":"ignore:$ignore"}}}
I, [2010-07-27T02:00:28.724871 #6273]  INFO -- : SSHing to ec2-184-72-7-25.us-west-1.compute.amazonaws.com using key(s) ~/.ssh/publish-test~/.ssh/publish-test-eu~/.ssh/publish-test-west~/.ssh/publish-test-ap
I, [2010-07-27T02:00:30.824828 #6273]  INFO -- : Running: echo -e "create database mynewtest"| mysql

I, [2010-07-27T02:00:30.911024 #6273]  INFO -- : POST: /api/acct/2901/servers/795770/run_executable
I, [2010-07-27T02:00:30.911125 #6273]  INFO -- : 	request body: {"server":{"right_script_href":"/api/acct/2901/right_scripts/195053"}}
I, [2010-07-27T02:00:36.554330 #6273]  INFO -- : GET: /api/acct/2901/statuses/5934321.js?
I, [2010-07-27T02:00:36.683832 #6273]  INFO -- : state is queued, waiting for completed
I, [2010-07-27T02:00:41.724371 #6273]  INFO -- : GET: /api/acct/2901/statuses/5934321.js?
I, [2010-07-27T02:00:42.557207 #6273]  INFO -- : state is in-progress, waiting for completed
I, [2010-07-27T02:00:47.606815 #6273]  INFO -- : GET: /api/acct/2901/statuses/5934321.js?
I, [2010-07-27T02:00:47.700935 #6273]  INFO -- : state is in-progress, waiting for completed
I, [2010-07-27T02:00:52.746560 #6273]  INFO -- : GET: /api/acct/2901/statuses/5934321.js?
I, [2010-07-27T02:00:52.827888 #6273]  INFO -- : state is in-progress, waiting for completed
I, [2010-07-27T02:00:57.870867 #6273]  INFO -- : GET: /api/acct/2901/statuses/5934321.js?
I, [2010-07-27T02:00:58.872794 #6273]  INFO -- : state is in-progress, waiting for completed
I, [2010-07-27T02:01:03.914862 #6273]  INFO -- : GET: /api/acct/2901/statuses/5934321.js?
I, [2010-07-27T02:01:04.290272 #6273]  INFO -- : state is in-progress, waiting for completed
I, [2010-07-27T02:01:09.335400 #6273]  INFO -- : GET: /api/acct/2901/statuses/5934321.js?
I, [2010-07-27T02:01:10.243265 #6273]  INFO -- : state is in-progress, waiting for completed
I, [2010-07-27T02:01:15.284865 #6273]  INFO -- : GET: /api/acct/2901/statuses/5934321.js?
I, [2010-07-27T02:01:15.365985 #6273]  INFO -- : state is in-progress, waiting for completed
I, [2010-07-27T02:01:20.412558 #6273]  INFO -- : GET: /api/acct/2901/statuses/5934321.js?
I, [2010-07-27T02:01:20.781187 #6273]  INFO -- : state is completed, waiting for completed
I, [2010-07-27T02:03:25.936022 #6273]  INFO -- : POST: /api/acct/2901/servers/795770/run_executable
I, [2010-07-27T02:03:25.936161 #6273]  INFO -- : 	request body: {"server":{"right_script_href":"https://my.rightscale.com/api/acct/2901/right_scripts/171466"}}
I, [2010-07-27T02:03:31.329052 #6273]  INFO -- : GET: /api/acct/2901/statuses/5934355.js?
I, [2010-07-27T02:03:31.406034 #6273]  INFO -- : state is in-progress, waiting for completed
I, [2010-07-27T02:03:36.455382 #6273]  INFO -- : GET: /api/acct/2901/statuses/5934355.js?
I, [2010-07-27T02:03:36.525946 #6273]  INFO -- : state is in-progress, waiting for completed
I, [2010-07-27T02:03:41.575177 #6273]  INFO -- : GET: /api/acct/2901/statuses/5934355.js?
I, [2010-07-27T02:03:41.676066 #6273]  INFO -- : state is in-progress, waiting for completed
I, [2010-07-27T02:03:46.725034 #6273]  INFO -- : GET: /api/acct/2901/statuses/5934355.js?
I, [2010-07-27T02:03:47.248067 #6273]  INFO -- : state is completed, waiting for completed
I, [2010-07-27T02:03:52.294397 #6273]  INFO -- : POST: /api/acct/2901/servers/795770/stop
I, [2010-07-27T02:03:54.553390 #6273]  INFO -- : GET: /api/acct/2901/servers/795770.js?
I, [2010-07-27T02:03:54.701097 #6273]  INFO -- : tempserver-MySQL 5.0 EBS v2 (Sprint 19) is shutting-down
I, [2010-07-27T02:03:59.710787 #6273]  INFO -- : waiting for server tempserver-MySQL 5.0 EBS v2 (Sprint 19) to go stopped, state is shutting-down
I, [2010-07-27T02:03:59.771606 #6273]  INFO -- : GET: /api/acct/2901/servers/795770.js?
I, [2010-07-27T02:04:04.930797 #6273]  INFO -- : waiting for server tempserver-MySQL 5.0 EBS v2 (Sprint 19) to go stopped, state is decommissioning
I, [2010-07-27T02:04:05.002484 #6273]  INFO -- : GET: /api/acct/2901/servers/795770.js?
I, [2010-07-27T02:04:10.110836 #6273]  INFO -- : waiting for server tempserver-MySQL 5.0 EBS v2 (Sprint 19) to go stopped, state is decommissioning
I, [2010-07-27T02:04:10.145027 #6273]  INFO -- : GET: /api/acct/2901/servers/795770.js?
I, [2010-07-27T02:04:15.370804 #6273]  INFO -- : waiting for server tempserver-MySQL 5.0 EBS v2 (Sprint 19) to go stopped, state is decommissioning
I, [2010-07-27T02:04:15.405044 #6273]  INFO -- : GET: /api/acct/2901/servers/795770.js?
I, [2010-07-27T02:04:21.300796 #6273]  INFO -- : waiting for server tempserver-MySQL 5.0 EBS v2 (Sprint 19) to go stopped, state is decommissioning
I, [2010-07-27T02:04:21.335435 #6273]  INFO -- : GET: /api/acct/2901/servers/795770.js?
I, [2010-07-27T02:04:26.450806 #6273]  INFO -- : waiting for server tempserver-MySQL 5.0 EBS v2 (Sprint 19) to go stopped, state is decommissioning
I, [2010-07-27T02:04:26.544505 #6273]  INFO -- : GET: /api/acct/2901/servers/795770.js?
I, [2010-07-27T02:04:31.680806 #6273]  INFO -- : waiting for server tempserver-MySQL 5.0 EBS v2 (Sprint 19) to go stopped, state is decommissioning
I, [2010-07-27T02:04:31.714997 #6273]  INFO -- : GET: /api/acct/2901/servers/795770.js?
I, [2010-07-27T02:04:36.840837 #6273]  INFO -- : waiting for server tempserver-MySQL 5.0 EBS v2 (Sprint 19) to go stopped, state is decommissioning
I, [2010-07-27T02:04:36.874920 #6273]  INFO -- : GET: /api/acct/2901/servers/795770.js?
I, [2010-07-27T02:04:41.980797 #6273]  INFO -- : waiting for server tempserver-MySQL 5.0 EBS v2 (Sprint 19) to go stopped, state is decommissioning
I, [2010-07-27T02:04:42.014505 #6273]  INFO -- : GET: /api/acct/2901/servers/795770.js?
I, [2010-07-27T02:04:47.170804 #6273]  INFO -- : waiting for server tempserver-MySQL 5.0 EBS v2 (Sprint 19) to go stopped, state is decommissioning
I, [2010-07-27T02:04:47.208452 #6273]  INFO -- : GET: /api/acct/2901/servers/795770.js?
I, [2010-07-27T02:04:52.300802 #6273]  INFO -- : waiting for server tempserver-MySQL 5.0 EBS v2 (Sprint 19) to go stopped, state is decommissioning
I, [2010-07-27T02:04:52.334706 #6273]  INFO -- : GET: /api/acct/2901/servers/795770.js?
I, [2010-07-27T02:04:57.520833 #6273]  INFO -- : waiting for server tempserver-MySQL 5.0 EBS v2 (Sprint 19) to go stopped, state is decommissioning
I, [2010-07-27T02:04:57.555686 #6273]  INFO -- : GET: /api/acct/2901/servers/795770.js?
I, [2010-07-27T02:05:02.690807 #6273]  INFO -- : waiting for server tempserver-MySQL 5.0 EBS v2 (Sprint 19) to go stopped, state is decommissioning
I, [2010-07-27T02:05:02.725430 #6273]  INFO -- : GET: /api/acct/2901/servers/795770.js?
I, [2010-07-27T02:05:08.000850 #6273]  INFO -- : waiting for server tempserver-MySQL 5.0 EBS v2 (Sprint 19) to go stopped, state is decommissioning
I, [2010-07-27T02:05:08.064758 #6273]  INFO -- : GET: /api/acct/2901/servers/795770.js?
I, [2010-07-27T02:05:13.160840 #6273]  INFO -- : waiting for server tempserver-MySQL 5.0 EBS v2 (Sprint 19) to go stopped, state is decommissioning
I, [2010-07-27T02:05:13.195248 #6273]  INFO -- : GET: /api/acct/2901/servers/795770.js?
I, [2010-07-27T02:05:18.320800 #6273]  INFO -- : waiting for server tempserver-MySQL 5.0 EBS v2 (Sprint 19) to go stopped, state is decommissioning
I, [2010-07-27T02:05:18.354726 #6273]  INFO -- : GET: /api/acct/2901/servers/795770.js?
I, [2010-07-27T02:05:23.470940 #6273]  INFO -- : waiting for server tempserver-MySQL 5.0 EBS v2 (Sprint 19) to go stopped, state is decommissioning
I, [2010-07-27T02:05:23.504923 #6273]  INFO -- : GET: /api/acct/2901/servers/795770.js?
I, [2010-07-27T02:05:28.690806 #6273]  INFO -- : waiting for server tempserver-MySQL 5.0 EBS v2 (Sprint 19) to go stopped, state is decommissioning
I, [2010-07-27T02:05:28.724825 #6273]  INFO -- : GET: /api/acct/2901/servers/795770.js?
I, [2010-07-27T02:05:33.820832 #6273]  INFO -- : waiting for server tempserver-MySQL 5.0 EBS v2 (Sprint 19) to go stopped, state is decommissioning
I, [2010-07-27T02:05:33.854417 #6273]  INFO -- : GET: /api/acct/2901/servers/795770.js?
I, [2010-07-27T02:05:38.950778 #6273]  INFO -- : waiting for server tempserver-MySQL 5.0 EBS v2 (Sprint 19) to go stopped, state is decommissioning
I, [2010-07-27T02:05:38.991773 #6273]  INFO -- : GET: /api/acct/2901/servers/795770.js?
I, [2010-07-27T02:05:44.100800 #6273]  INFO -- : waiting for server tempserver-MySQL 5.0 EBS v2 (Sprint 19) to go stopped, state is decommissioning
I, [2010-07-27T02:05:44.136767 #6273]  INFO -- : GET: /api/acct/2901/servers/795770.js?
I, [2010-07-27T02:05:49.340812 #6273]  INFO -- : waiting for server tempserver-MySQL 5.0 EBS v2 (Sprint 19) to go stopped, state is decommissioning
I, [2010-07-27T02:05:49.374464 #6273]  INFO -- : GET: /api/acct/2901/servers/795770.js?
I, [2010-07-27T02:05:54.500792 #6273]  INFO -- : waiting for server tempserver-MySQL 5.0 EBS v2 (Sprint 19) to go stopped, state is decommissioning
I, [2010-07-27T02:05:54.534799 #6273]  INFO -- : GET: /api/acct/2901/servers/795770.js?
I, [2010-07-27T02:05:59.660807 #6273]  INFO -- : waiting for server tempserver-MySQL 5.0 EBS v2 (Sprint 19) to go stopped, state is decommissioning
I, [2010-07-27T02:05:59.710720 #6273]  INFO -- : GET: /api/acct/2901/servers/795770.js?
I, [2010-07-27T02:06:04.810834 #6273]  INFO -- : waiting for server tempserver-MySQL 5.0 EBS v2 (Sprint 19) to go stopped, state is decommissioning
I, [2010-07-27T02:06:04.879351 #6273]  INFO -- : GET: /api/acct/2901/servers/795770.js?
I, [2010-07-27T02:06:10.450835 #6273]  INFO -- : waiting for server tempserver-MySQL 5.0 EBS v2 (Sprint 19) to go stopped, state is decommissioning
I, [2010-07-27T02:06:10.485410 #6273]  INFO -- : GET: /api/acct/2901/servers/795770.js?
I, [2010-07-27T02:06:10.592337 #6273]  INFO -- : POST: /api/acct/2901/servers/795770/start
