# Logfile created on Tue Jul 27 02:01:58 +0000 2010 by logger.rb/22285
I, [2010-07-27T02:01:58.459596 #6319]  INFO -- : GET: https://my.rightscale.com/api/acct/2901/deployments.js?filter[]=nickname=PHPVEETEN-ec2-west-438799-RightImage_Ubuntu_8.04_i386_v5.3_Beta&
I, [2010-07-27T02:01:58.680552 #6319]  INFO -- : GET: /api/acct/2901/ec2_server_templates/52800.js?
I, [2010-07-27T02:01:58.806724 #6319]  INFO -- : GET: /api/acct/2901/ec2_server_templates/52800/executables.js?
I, [2010-07-27T02:01:58.994821 #6319]  INFO -- : POST: /api/acct/2901/servers/795889/stop
I, [2010-07-27T02:02:01.175706 #6319]  INFO -- : POST: /api/acct/2901/servers/795890/stop
I, [2010-07-27T02:02:03.399240 #6319]  INFO -- : POST: /api/acct/2901/servers/795886/stop
I, [2010-07-27T02:02:08.235865 #6319]  INFO -- : POST: /api/acct/2901/servers/795888/stop
I, [2010-07-27T02:02:10.936074 #6319]  INFO -- : GET: /api/acct/2901/servers/795889.js?
I, [2010-07-27T02:02:11.055150 #6319]  INFO -- : tempserver-PHP App Server v10 (Beta) is decommissioning
I, [2010-07-27T02:02:16.060853 #6319]  INFO -- : waiting for server tempserver-PHP App Server v10 (Beta) to go stopped, state is decommissioning
I, [2010-07-27T02:02:16.091530 #6319]  INFO -- : GET: /api/acct/2901/servers/795889.js?
I, [2010-07-27T02:02:21.170883 #6319]  INFO -- : waiting for server tempserver-PHP App Server v10 (Beta) to go stopped, state is decommissioning
I, [2010-07-27T02:02:21.227265 #6319]  INFO -- : GET: /api/acct/2901/servers/795889.js?
I, [2010-07-27T02:02:26.410816 #6319]  INFO -- : waiting for server tempserver-PHP App Server v10 (Beta) to go stopped, state is decommissioning
I, [2010-07-27T02:02:26.441256 #6319]  INFO -- : GET: /api/acct/2901/servers/795889.js?
I, [2010-07-27T02:02:31.530852 #6319]  INFO -- : waiting for server tempserver-PHP App Server v10 (Beta) to go stopped, state is decommissioning
I, [2010-07-27T02:02:31.565500 #6319]  INFO -- : GET: /api/acct/2901/servers/795889.js?
I, [2010-07-27T02:02:37.160812 #6319]  INFO -- : waiting for server tempserver-PHP App Server v10 (Beta) to go stopped, state is decommissioning
I, [2010-07-27T02:02:37.199682 #6319]  INFO -- : GET: /api/acct/2901/servers/795889.js?
I, [2010-07-27T02:02:42.760849 #6319]  INFO -- : waiting for server tempserver-PHP App Server v10 (Beta) to go stopped, state is decommissioning
I, [2010-07-27T02:02:42.794879 #6319]  INFO -- : GET: /api/acct/2901/servers/795889.js?
I, [2010-07-27T02:02:48.940843 #6319]  INFO -- : waiting for server tempserver-PHP App Server v10 (Beta) to go stopped, state is decommissioning
I, [2010-07-27T02:02:48.971567 #6319]  INFO -- : GET: /api/acct/2901/servers/795889.js?
I, [2010-07-27T02:02:54.370849 #6319]  INFO -- : waiting for server tempserver-PHP App Server v10 (Beta) to go stopped, state is decommissioning
I, [2010-07-27T02:02:54.404895 #6319]  INFO -- : GET: /api/acct/2901/servers/795889.js?
I, [2010-07-27T02:02:59.561128 #6319]  INFO -- : waiting for server tempserver-PHP App Server v10 (Beta) to go stopped, state is decommissioning
I, [2010-07-27T02:02:59.591657 #6319]  INFO -- : GET: /api/acct/2901/servers/795889.js?
I, [2010-07-27T02:03:05.150813 #6319]  INFO -- : waiting for server tempserver-PHP App Server v10 (Beta) to go stopped, state is decommissioning
I, [2010-07-27T02:03:05.189107 #6319]  INFO -- : GET: /api/acct/2901/servers/795889.js?
I, [2010-07-27T02:03:11.050815 #6319]  INFO -- : waiting for server tempserver-PHP App Server v10 (Beta) to go stopped, state is decommissioning
I, [2010-07-27T02:03:11.082031 #6319]  INFO -- : GET: /api/acct/2901/servers/795889.js?
I, [2010-07-27T02:03:16.210810 #6319]  INFO -- : waiting for server tempserver-PHP App Server v10 (Beta) to go stopped, state is decommissioning
I, [2010-07-27T02:03:16.245169 #6319]  INFO -- : GET: /api/acct/2901/servers/795889.js?
I, [2010-07-27T02:03:21.340851 #6319]  INFO -- : waiting for server tempserver-PHP App Server v10 (Beta) to go stopped, state is decommissioning
I, [2010-07-27T02:03:21.371723 #6319]  INFO -- : GET: /api/acct/2901/servers/795889.js?
I, [2010-07-27T02:03:26.540809 #6319]  INFO -- : waiting for server tempserver-PHP App Server v10 (Beta) to go stopped, state is decommissioning
I, [2010-07-27T02:03:26.572027 #6319]  INFO -- : GET: /api/acct/2901/servers/795889.js?
I, [2010-07-27T02:03:31.771281 #6319]  INFO -- : waiting for server tempserver-PHP App Server v10 (Beta) to go stopped, state is decommissioning
I, [2010-07-27T02:03:31.804201 #6319]  INFO -- : GET: /api/acct/2901/servers/795889.js?
I, [2010-07-27T02:03:37.560888 #6319]  INFO -- : waiting for server tempserver-PHP App Server v10 (Beta) to go stopped, state is decommissioning
I, [2010-07-27T02:03:37.604648 #6319]  INFO -- : GET: /api/acct/2901/servers/795889.js?
I, [2010-07-27T02:03:43.470848 #6319]  INFO -- : waiting for server tempserver-PHP App Server v10 (Beta) to go stopped, state is decommissioning
I, [2010-07-27T02:03:43.500927 #6319]  INFO -- : GET: /api/acct/2901/servers/795889.js?
I, [2010-07-27T02:03:48.600855 #6319]  INFO -- : waiting for server tempserver-PHP App Server v10 (Beta) to go stopped, state is decommissioning
I, [2010-07-27T02:03:48.631981 #6319]  INFO -- : GET: /api/acct/2901/servers/795889.js?
I, [2010-07-27T02:03:53.760851 #6319]  INFO -- : waiting for server tempserver-PHP App Server v10 (Beta) to go stopped, state is decommissioning
I, [2010-07-27T02:03:53.791270 #6319]  INFO -- : GET: /api/acct/2901/servers/795889.js?
I, [2010-07-27T02:03:58.970809 #6319]  INFO -- : waiting for server tempserver-PHP App Server v10 (Beta) to go stopped, state is decommissioning
I, [2010-07-27T02:03:59.001134 #6319]  INFO -- : GET: /api/acct/2901/servers/795889.js?
I, [2010-07-27T02:04:04.210812 #6319]  INFO -- : waiting for server tempserver-PHP App Server v10 (Beta) to go stopped, state is decommissioning
I, [2010-07-27T02:04:04.241931 #6319]  INFO -- : GET: /api/acct/2901/servers/795889.js?
I, [2010-07-27T02:04:09.420764 #6319]  INFO -- : waiting for server tempserver-PHP App Server v10 (Beta) to go stopped, state is decommissioning
I, [2010-07-27T02:04:09.496492 #6319]  INFO -- : GET: /api/acct/2901/servers/795889.js?
I, [2010-07-27T02:04:14.700809 #6319]  INFO -- : waiting for server tempserver-PHP App Server v10 (Beta) to go stopped, state is decommissioning
I, [2010-07-27T02:04:14.731241 #6319]  INFO -- : GET: /api/acct/2901/servers/795889.js?
I, [2010-07-27T02:04:20.060790 #6319]  INFO -- : waiting for server tempserver-PHP App Server v10 (Beta) to go stopped, state is decommissioning
I, [2010-07-27T02:04:20.114538 #6319]  INFO -- : GET: /api/acct/2901/servers/795889.js?
I, [2010-07-27T02:04:25.230847 #6319]  INFO -- : waiting for server tempserver-PHP App Server v10 (Beta) to go stopped, state is decommissioning
I, [2010-07-27T02:04:25.261938 #6319]  INFO -- : GET: /api/acct/2901/servers/795889.js?
I, [2010-07-27T02:04:30.380809 #6319]  INFO -- : waiting for server tempserver-PHP App Server v10 (Beta) to go stopped, state is decommissioning
I, [2010-07-27T02:04:30.436975 #6319]  INFO -- : GET: /api/acct/2901/servers/795889.js?
I, [2010-07-27T02:04:35.521014 #6319]  INFO -- : waiting for server tempserver-PHP App Server v10 (Beta) to go stopped, state is decommissioning
I, [2010-07-27T02:04:35.556504 #6319]  INFO -- : GET: /api/acct/2901/servers/795889.js?
I, [2010-07-27T02:04:40.680848 #6319]  INFO -- : waiting for server tempserver-PHP App Server v10 (Beta) to go stopped, state is decommissioning
I, [2010-07-27T02:04:40.712818 #6319]  INFO -- : GET: /api/acct/2901/servers/795889.js?
I, [2010-07-27T02:04:45.930845 #6319]  INFO -- : waiting for server tempserver-PHP App Server v10 (Beta) to go stopped, state is decommissioning
I, [2010-07-27T02:04:45.960623 #6319]  INFO -- : GET: /api/acct/2901/servers/795889.js?
I, [2010-07-27T02:04:51.040850 #6319]  INFO -- : waiting for server tempserver-PHP App Server v10 (Beta) to go stopped, state is decommissioning
I, [2010-07-27T02:04:51.071462 #6319]  INFO -- : GET: /api/acct/2901/servers/795889.js?
I, [2010-07-27T02:04:56.570846 #6319]  INFO -- : waiting for server tempserver-PHP App Server v10 (Beta) to go stopped, state is decommissioning
I, [2010-07-27T02:04:56.666250 #6319]  INFO -- : GET: /api/acct/2901/servers/795889.js?
I, [2010-07-27T02:05:01.890807 #6319]  INFO -- : waiting for server tempserver-PHP App Server v10 (Beta) to go stopped, state is decommissioning
I, [2010-07-27T02:05:01.921782 #6319]  INFO -- : GET: /api/acct/2901/servers/795889.js?
I, [2010-07-27T02:05:07.010849 #6319]  INFO -- : waiting for server tempserver-PHP App Server v10 (Beta) to go stopped, state is decommissioning
I, [2010-07-27T02:05:07.048000 #6319]  INFO -- : GET: /api/acct/2901/servers/795889.js?
I, [2010-07-27T02:05:12.150855 #6319]  INFO -- : waiting for server tempserver-PHP App Server v10 (Beta) to go stopped, state is decommissioning
I, [2010-07-27T02:05:12.181414 #6319]  INFO -- : GET: /api/acct/2901/servers/795889.js?
I, [2010-07-27T02:05:17.270812 #6319]  INFO -- : waiting for server tempserver-PHP App Server v10 (Beta) to go stopped, state is decommissioning
I, [2010-07-27T02:05:17.304194 #6319]  INFO -- : GET: /api/acct/2901/servers/795889.js?
I, [2010-07-27T02:05:22.610843 #6319]  INFO -- : waiting for server tempserver-PHP App Server v10 (Beta) to go stopped, state is decommissioning
I, [2010-07-27T02:05:22.641534 #6319]  INFO -- : GET: /api/acct/2901/servers/795889.js?
I, [2010-07-27T02:05:27.930787 #6319]  INFO -- : waiting for server tempserver-PHP App Server v10 (Beta) to go stopped, state is decommissioning
I, [2010-07-27T02:05:27.960889 #6319]  INFO -- : GET: /api/acct/2901/servers/795889.js?
I, [2010-07-27T02:05:33.050804 #6319]  INFO -- : waiting for server tempserver-PHP App Server v10 (Beta) to go stopped, state is decommissioning
I, [2010-07-27T02:05:33.081639 #6319]  INFO -- : GET: /api/acct/2901/servers/795889.js?
I, [2010-07-27T02:05:38.860842 #6319]  INFO -- : waiting for server tempserver-PHP App Server v10 (Beta) to go stopped, state is decommissioning
I, [2010-07-27T02:05:38.890732 #6319]  INFO -- : GET: /api/acct/2901/servers/795889.js?
I, [2010-07-27T02:05:44.000829 #6319]  INFO -- : waiting for server tempserver-PHP App Server v10 (Beta) to go stopped, state is decommissioning
I, [2010-07-27T02:05:44.033979 #6319]  INFO -- : GET: /api/acct/2901/servers/795889.js?
I, [2010-07-27T02:05:49.120850 #6319]  INFO -- : waiting for server tempserver-PHP App Server v10 (Beta) to go stopped, state is decommissioning
I, [2010-07-27T02:05:49.151054 #6319]  INFO -- : GET: /api/acct/2901/servers/795889.js?
I, [2010-07-27T02:05:54.280854 #6319]  INFO -- : waiting for server tempserver-PHP App Server v10 (Beta) to go stopped, state is decommissioning
I, [2010-07-27T02:05:54.311213 #6319]  INFO -- : GET: /api/acct/2901/servers/795889.js?
I, [2010-07-27T02:05:59.440809 #6319]  INFO -- : waiting for server tempserver-PHP App Server v10 (Beta) to go stopped, state is decommissioning
I, [2010-07-27T02:05:59.471010 #6319]  INFO -- : GET: /api/acct/2901/servers/795889.js?
I, [2010-07-27T02:05:59.683015 #6319]  INFO -- : GET: /api/acct/2901/servers/795890.js?
I, [2010-07-27T02:05:59.862566 #6319]  INFO -- : tempserver-PHP App Server v10 (Beta) is decommissioning
I, [2010-07-27T02:06:04.871121 #6319]  INFO -- : waiting for server tempserver-PHP App Server v10 (Beta) to go stopped, state is decommissioning
I, [2010-07-27T02:06:04.902010 #6319]  INFO -- : GET: /api/acct/2901/servers/795890.js?
I, [2010-07-27T02:06:10.020855 #6319]  INFO -- : waiting for server tempserver-PHP App Server v10 (Beta) to go stopped, state is decommissioning
I, [2010-07-27T02:06:10.086127 #6319]  INFO -- : GET: /api/acct/2901/servers/795890.js?
I, [2010-07-27T02:06:10.358635 #6319]  INFO -- : GET: /api/acct/2901/servers/795886.js?
I, [2010-07-27T02:06:10.508919 #6319]  INFO -- : tempserver-PHP Front End v10 (Beta) is stopped
I, [2010-07-27T02:06:10.550315 #6319]  INFO -- : GET: /api/acct/2901/servers/795888.js?
I, [2010-07-27T02:06:10.811798 #6319]  INFO -- : tempserver-PHP Front End v10 (Beta) is stopped
I, [2010-07-27T02:06:11.462227 #6319]  INFO -- : PUT: /api/acct/2901/deployments/51583
I, [2010-07-27T02:06:11.462375 #6319]  INFO -- : 	request body: {"deployment":{"parameters":{"MASTER_DB_DNSNAME":"text:ec2-184-73-124-122.compute-1.amazonaws.com"}}}
I, [2010-07-27T02:06:12.069382 #6319]  INFO -- : POST: /api/acct/2901/servers/795886/start
I, [2010-07-27T02:06:16.983732 #6319]  INFO -- : POST: /api/acct/2901/servers/795888/start
I, [2010-07-27T02:06:21.271435 #6319]  INFO -- : GET: /api/acct/2901/servers/795886.js?
I, [2010-07-27T02:06:21.360203 #6319]  INFO -- : tempserver-PHP Front End v10 (Beta) is bidding
I, [2010-07-27T02:06:26.370827 #6319]  INFO -- : waiting for server tempserver-PHP Front End v10 (Beta) to go operational, state is bidding
I, [2010-07-27T02:06:26.401283 #6319]  INFO -- : GET: /api/acct/2901/servers/795886.js?
I, [2010-07-27T02:06:31.530912 #6319]  INFO -- : waiting for server tempserver-PHP Front End v10 (Beta) to go operational, state is bidding
I, [2010-07-27T02:06:31.568068 #6319]  INFO -- : GET: /api/acct/2901/servers/795886.js?
I, [2010-07-27T02:06:36.670823 #6319]  INFO -- : waiting for server tempserver-PHP Front End v10 (Beta) to go operational, state is bidding
I, [2010-07-27T02:06:36.701344 #6319]  INFO -- : GET: /api/acct/2901/servers/795886.js?
I, [2010-07-27T02:06:41.800857 #6319]  INFO -- : waiting for server tempserver-PHP Front End v10 (Beta) to go operational, state is bidding
I, [2010-07-27T02:06:41.870245 #6319]  INFO -- : GET: /api/acct/2901/servers/795886.js?
I, [2010-07-27T02:06:46.970801 #6319]  INFO -- : waiting for server tempserver-PHP Front End v10 (Beta) to go operational, state is bidding
I, [2010-07-27T02:06:47.000902 #6319]  INFO -- : GET: /api/acct/2901/servers/795886.js?
I, [2010-07-27T02:06:52.100832 #6319]  INFO -- : waiting for server tempserver-PHP Front End v10 (Beta) to go operational, state is bidding
I, [2010-07-27T02:06:52.135028 #6319]  INFO -- : GET: /api/acct/2901/servers/795886.js?
I, [2010-07-27T02:06:57.250803 #6319]  INFO -- : waiting for server tempserver-PHP Front End v10 (Beta) to go operational, state is bidding
I, [2010-07-27T02:06:57.281772 #6319]  INFO -- : GET: /api/acct/2901/servers/795886.js?
I, [2010-07-27T02:07:02.390824 #6319]  INFO -- : waiting for server tempserver-PHP Front End v10 (Beta) to go operational, state is bidding
I, [2010-07-27T02:07:02.452819 #6319]  INFO -- : GET: /api/acct/2901/servers/795886.js?
I, [2010-07-27T02:07:07.550811 #6319]  INFO -- : waiting for server tempserver-PHP Front End v10 (Beta) to go operational, state is bidding
I, [2010-07-27T02:07:07.580899 #6319]  INFO -- : GET: /api/acct/2901/servers/795886.js?
I, [2010-07-27T02:07:12.690821 #6319]  INFO -- : waiting for server tempserver-PHP Front End v10 (Beta) to go operational, state is bidding
I, [2010-07-27T02:07:12.735807 #6319]  INFO -- : GET: /api/acct/2901/servers/795886.js?
I, [2010-07-27T02:07:17.870826 #6319]  INFO -- : waiting for server tempserver-PHP Front End v10 (Beta) to go operational, state is bidding
I, [2010-07-27T02:07:17.901459 #6319]  INFO -- : GET: /api/acct/2901/servers/795886.js?
I, [2010-07-27T02:07:23.020825 #6319]  INFO -- : waiting for server tempserver-PHP Front End v10 (Beta) to go operational, state is bidding
I, [2010-07-27T02:07:23.062994 #6319]  INFO -- : GET: /api/acct/2901/servers/795886.js?
I, [2010-07-27T02:07:28.210864 #6319]  INFO -- : waiting for server tempserver-PHP Front End v10 (Beta) to go operational, state is bidding
I, [2010-07-27T02:07:28.241779 #6319]  INFO -- : GET: /api/acct/2901/servers/795886.js?
I, [2010-07-27T02:07:33.370852 #6319]  INFO -- : waiting for server tempserver-PHP Front End v10 (Beta) to go operational, state is bidding
I, [2010-07-27T02:07:33.405363 #6319]  INFO -- : GET: /api/acct/2901/servers/795886.js?
I, [2010-07-27T02:07:38.520770 #6319]  INFO -- : waiting for server tempserver-PHP Front End v10 (Beta) to go operational, state is bidding
I, [2010-07-27T02:07:38.551353 #6319]  INFO -- : GET: /api/acct/2901/servers/795886.js?
I, [2010-07-27T02:07:43.750822 #6319]  INFO -- : waiting for server tempserver-PHP Front End v10 (Beta) to go operational, state is bidding
I, [2010-07-27T02:07:43.785493 #6319]  INFO -- : GET: /api/acct/2901/servers/795886.js?
I, [2010-07-27T02:07:48.920791 #6319]  INFO -- : waiting for server tempserver-PHP Front End v10 (Beta) to go operational, state is bidding
I, [2010-07-27T02:07:48.952112 #6319]  INFO -- : GET: /api/acct/2901/servers/795886.js?
I, [2010-07-27T02:07:54.090826 #6319]  INFO -- : waiting for server tempserver-PHP Front End v10 (Beta) to go operational, state is bidding
I, [2010-07-27T02:07:54.124756 #6319]  INFO -- : GET: /api/acct/2901/servers/795886.js?
I, [2010-07-27T02:07:59.250805 #6319]  INFO -- : waiting for server tempserver-PHP Front End v10 (Beta) to go operational, state is bidding
I, [2010-07-27T02:07:59.281190 #6319]  INFO -- : GET: /api/acct/2901/servers/795886.js?
I, [2010-07-27T02:08:04.390882 #6319]  INFO -- : waiting for server tempserver-PHP Front End v10 (Beta) to go operational, state is bidding
I, [2010-07-27T02:08:04.427755 #6319]  INFO -- : GET: /api/acct/2901/servers/795886.js?
I, [2010-07-27T02:08:09.540810 #6319]  INFO -- : waiting for server tempserver-PHP Front End v10 (Beta) to go operational, state is bidding
I, [2010-07-27T02:08:09.571524 #6319]  INFO -- : GET: /api/acct/2901/servers/795886.js?
I, [2010-07-27T02:08:14.830822 #6319]  INFO -- : waiting for server tempserver-PHP Front End v10 (Beta) to go operational, state is bidding
I, [2010-07-27T02:08:14.864590 #6319]  INFO -- : GET: /api/acct/2901/servers/795886.js?
I, [2010-07-27T02:08:19.980863 #6319]  INFO -- : waiting for server tempserver-PHP Front End v10 (Beta) to go operational, state is bidding
I, [2010-07-27T02:08:20.010896 #6319]  INFO -- : GET: /api/acct/2901/servers/795886.js?
I, [2010-07-27T02:08:25.110837 #6319]  INFO -- : waiting for server tempserver-PHP Front End v10 (Beta) to go operational, state is bidding
I, [2010-07-27T02:08:25.145887 #6319]  INFO -- : GET: /api/acct/2901/servers/795886.js?
I, [2010-07-27T02:08:30.260810 #6319]  INFO -- : waiting for server tempserver-PHP Front End v10 (Beta) to go operational, state is bidding
I, [2010-07-27T02:08:30.291624 #6319]  INFO -- : GET: /api/acct/2901/servers/795886.js?
I, [2010-07-27T02:08:35.400844 #6319]  INFO -- : waiting for server tempserver-PHP Front End v10 (Beta) to go operational, state is bidding
I, [2010-07-27T02:08:35.434929 #6319]  INFO -- : GET: /api/acct/2901/servers/795886.js?
I, [2010-07-27T02:08:40.730841 #6319]  INFO -- : waiting for server tempserver-PHP Front End v10 (Beta) to go operational, state is bidding
I, [2010-07-27T02:08:40.761804 #6319]  INFO -- : GET: /api/acct/2901/servers/795886.js?
I, [2010-07-27T02:08:45.920808 #6319]  INFO -- : waiting for server tempserver-PHP Front End v10 (Beta) to go operational, state is bidding
I, [2010-07-27T02:08:45.955972 #6319]  INFO -- : GET: /api/acct/2901/servers/795886.js?
I, [2010-07-27T02:08:51.210819 #6319]  INFO -- : waiting for server tempserver-PHP Front End v10 (Beta) to go operational, state is bidding
I, [2010-07-27T02:08:51.240698 #6319]  INFO -- : GET: /api/acct/2901/servers/795886.js?
I, [2010-07-27T02:08:56.400911 #6319]  INFO -- : waiting for server tempserver-PHP Front End v10 (Beta) to go operational, state is bidding
I, [2010-07-27T02:08:56.435071 #6319]  INFO -- : GET: /api/acct/2901/servers/795886.js?
I, [2010-07-27T02:09:01.620862 #6319]  INFO -- : waiting for server tempserver-PHP Front End v10 (Beta) to go operational, state is bidding
I, [2010-07-27T02:09:01.653107 #6319]  INFO -- : GET: /api/acct/2901/servers/795886.js?
I, [2010-07-27T02:09:06.880840 #6319]  INFO -- : waiting for server tempserver-PHP Front End v10 (Beta) to go operational, state is bidding
I, [2010-07-27T02:09:06.915316 #6319]  INFO -- : GET: /api/acct/2901/servers/795886.js?
I, [2010-07-27T02:09:12.050808 #6319]  INFO -- : waiting for server tempserver-PHP Front End v10 (Beta) to go operational, state is bidding
I, [2010-07-27T02:09:12.099066 #6319]  INFO -- : GET: /api/acct/2901/servers/795886.js?
I, [2010-07-27T02:09:17.230830 #6319]  INFO -- : waiting for server tempserver-PHP Front End v10 (Beta) to go operational, state is bidding
I, [2010-07-27T02:09:17.265400 #6319]  INFO -- : GET: /api/acct/2901/servers/795886.js?
I, [2010-07-27T02:09:22.470801 #6319]  INFO -- : waiting for server tempserver-PHP Front End v10 (Beta) to go operational, state is bidding
I, [2010-07-27T02:09:22.500895 #6319]  INFO -- : GET: /api/acct/2901/servers/795886.js?
I, [2010-07-27T02:09:27.630823 #6319]  INFO -- : waiting for server tempserver-PHP Front End v10 (Beta) to go operational, state is bidding
I, [2010-07-27T02:09:27.664858 #6319]  INFO -- : GET: /api/acct/2901/servers/795886.js?
I, [2010-07-27T02:09:32.689696 #6319]  INFO -- : waiting for server tempserver-PHP Front End v10 (Beta) to go operational, state is bidding
I, [2010-07-27T02:09:32.719966 #6319]  INFO -- : GET: /api/acct/2901/servers/795886.js?
I, [2010-07-27T02:09:38.019719 #6319]  INFO -- : waiting for server tempserver-PHP Front End v10 (Beta) to go operational, state is bidding
I, [2010-07-27T02:09:38.054094 #6319]  INFO -- : GET: /api/acct/2901/servers/795886.js?
I, [2010-07-27T02:09:43.209699 #6319]  INFO -- : waiting for server tempserver-PHP Front End v10 (Beta) to go operational, state is bidding
I, [2010-07-27T02:09:43.240073 #6319]  INFO -- : GET: /api/acct/2901/servers/795886.js?
I, [2010-07-27T02:09:48.389702 #6319]  INFO -- : waiting for server tempserver-PHP Front End v10 (Beta) to go operational, state is bidding
I, [2010-07-27T02:09:48.424399 #6319]  INFO -- : GET: /api/acct/2901/servers/795886.js?
I, [2010-07-27T02:09:53.579700 #6319]  INFO -- : waiting for server tempserver-PHP Front End v10 (Beta) to go operational, state is bidding
I, [2010-07-27T02:09:53.610295 #6319]  INFO -- : GET: /api/acct/2901/servers/795886.js?
I, [2010-07-27T02:09:58.729724 #6319]  INFO -- : waiting for server tempserver-PHP Front End v10 (Beta) to go operational, state is bidding
I, [2010-07-27T02:09:58.764514 #6319]  INFO -- : GET: /api/acct/2901/servers/795886.js?
I, [2010-07-27T02:10:03.869702 #6319]  INFO -- : waiting for server tempserver-PHP Front End v10 (Beta) to go operational, state is bidding
I, [2010-07-27T02:10:03.900303 #6319]  INFO -- : GET: /api/acct/2901/servers/795886.js?
I, [2010-07-27T02:10:11.449700 #6319]  INFO -- : waiting for server tempserver-PHP Front End v10 (Beta) to go operational, state is bidding
I, [2010-07-27T02:10:11.483745 #6319]  INFO -- : GET: /api/acct/2901/servers/795886.js?
I, [2010-07-27T02:10:16.609717 #6319]  INFO -- : waiting for server tempserver-PHP Front End v10 (Beta) to go operational, state is bidding
I, [2010-07-27T02:10:16.640090 #6319]  INFO -- : GET: /api/acct/2901/servers/795886.js?
I, [2010-07-27T02:10:21.719699 #6319]  INFO -- : waiting for server tempserver-PHP Front End v10 (Beta) to go operational, state is bidding
I, [2010-07-27T02:10:21.757162 #6319]  INFO -- : GET: /api/acct/2901/servers/795886.js?
I, [2010-07-27T02:10:26.889751 #6319]  INFO -- : waiting for server tempserver-PHP Front End v10 (Beta) to go operational, state is bidding
I, [2010-07-27T02:10:26.919940 #6319]  INFO -- : GET: /api/acct/2901/servers/795886.js?
I, [2010-07-27T02:10:32.789715 #6319]  INFO -- : waiting for server tempserver-PHP Front End v10 (Beta) to go operational, state is bidding
I, [2010-07-27T02:10:32.852672 #6319]  INFO -- : GET: /api/acct/2901/servers/795886.js?
I, [2010-07-27T02:10:38.699718 #6319]  INFO -- : waiting for server tempserver-PHP Front End v10 (Beta) to go operational, state is bidding
I, [2010-07-27T02:10:38.731795 #6319]  INFO -- : GET: /api/acct/2901/servers/795886.js?
I, [2010-07-27T02:10:44.279722 #6319]  INFO -- : waiting for server tempserver-PHP Front End v10 (Beta) to go operational, state is bidding
I, [2010-07-27T02:10:44.313703 #6319]  INFO -- : GET: /api/acct/2901/servers/795886.js?
I, [2010-07-27T02:10:49.429727 #6319]  INFO -- : waiting for server tempserver-PHP Front End v10 (Beta) to go operational, state is bidding
I, [2010-07-27T02:10:49.460293 #6319]  INFO -- : GET: /api/acct/2901/servers/795886.js?
I, [2010-07-27T02:10:54.559724 #6319]  INFO -- : waiting for server tempserver-PHP Front End v10 (Beta) to go operational, state is bidding
I, [2010-07-27T02:10:54.593696 #6319]  INFO -- : GET: /api/acct/2901/servers/795886.js?
I, [2010-07-27T02:11:00.129689 #6319]  INFO -- : waiting for server tempserver-PHP Front End v10 (Beta) to go operational, state is bidding
I, [2010-07-27T02:11:00.165590 #6319]  INFO -- : GET: /api/acct/2901/servers/795886.js?
I, [2010-07-27T02:11:05.279722 #6319]  INFO -- : waiting for server tempserver-PHP Front End v10 (Beta) to go operational, state is bidding
I, [2010-07-27T02:11:05.313893 #6319]  INFO -- : GET: /api/acct/2901/servers/795886.js?
I, [2010-07-27T02:11:10.599702 #6319]  INFO -- : waiting for server tempserver-PHP Front End v10 (Beta) to go operational, state is bidding
I, [2010-07-27T02:11:10.630082 #6319]  INFO -- : GET: /api/acct/2901/servers/795886.js?
I, [2010-07-27T02:11:15.949720 #6319]  INFO -- : waiting for server tempserver-PHP Front End v10 (Beta) to go operational, state is bidding
I, [2010-07-27T02:11:15.984311 #6319]  INFO -- : GET: /api/acct/2901/servers/795886.js?
I, [2010-07-27T02:11:21.259721 #6319]  INFO -- : waiting for server tempserver-PHP Front End v10 (Beta) to go operational, state is bidding
I, [2010-07-27T02:11:21.290842 #6319]  INFO -- : GET: /api/acct/2901/servers/795886.js?
I, [2010-07-27T02:11:26.799699 #6319]  INFO -- : waiting for server tempserver-PHP Front End v10 (Beta) to go operational, state is bidding
I, [2010-07-27T02:11:26.834398 #6319]  INFO -- : GET: /api/acct/2901/servers/795886.js?
I, [2010-07-27T02:11:31.999656 #6319]  INFO -- : waiting for server tempserver-PHP Front End v10 (Beta) to go operational, state is bidding
I, [2010-07-27T02:11:32.030167 #6319]  INFO -- : GET: /api/acct/2901/servers/795886.js?
I, [2010-07-27T02:11:37.889718 #6319]  INFO -- : waiting for server tempserver-PHP Front End v10 (Beta) to go operational, state is bidding
I, [2010-07-27T02:11:37.944717 #6319]  INFO -- : GET: /api/acct/2901/servers/795886.js?
I, [2010-07-27T02:11:43.029719 #6319]  INFO -- : waiting for server tempserver-PHP Front End v10 (Beta) to go operational, state is bidding
I, [2010-07-27T02:11:43.064805 #6319]  INFO -- : GET: /api/acct/2901/servers/795886.js?
I, [2010-07-27T02:11:48.159713 #6319]  INFO -- : waiting for server tempserver-PHP Front End v10 (Beta) to go operational, state is bidding
I, [2010-07-27T02:11:48.194405 #6319]  INFO -- : GET: /api/acct/2901/servers/795886.js?
I, [2010-07-27T02:11:53.269711 #6319]  INFO -- : waiting for server tempserver-PHP Front End v10 (Beta) to go operational, state is bidding
I, [2010-07-27T02:11:53.299923 #6319]  INFO -- : GET: /api/acct/2901/servers/795886.js?
I, [2010-07-27T02:11:58.489699 #6319]  INFO -- : waiting for server tempserver-PHP Front End v10 (Beta) to go operational, state is bidding
I, [2010-07-27T02:11:58.524195 #6319]  INFO -- : GET: /api/acct/2901/servers/795886.js?
I, [2010-07-27T02:12:03.699703 #6319]  INFO -- : waiting for server tempserver-PHP Front End v10 (Beta) to go operational, state is bidding
I, [2010-07-27T02:12:03.730768 #6319]  INFO -- : GET: /api/acct/2901/servers/795886.js?
I, [2010-07-27T02:12:09.029699 #6319]  INFO -- : waiting for server tempserver-PHP Front End v10 (Beta) to go operational, state is booting
I, [2010-07-27T02:12:09.073266 #6319]  INFO -- : GET: /api/acct/2901/servers/795886.js?
I, [2010-07-27T02:12:14.189695 #6319]  INFO -- : waiting for server tempserver-PHP Front End v10 (Beta) to go operational, state is booting
I, [2010-07-27T02:12:14.220403 #6319]  INFO -- : GET: /api/acct/2901/servers/795886.js?
I, [2010-07-27T02:12:19.359702 #6319]  INFO -- : waiting for server tempserver-PHP Front End v10 (Beta) to go operational, state is booting
I, [2010-07-27T02:12:19.402919 #6319]  INFO -- : GET: /api/acct/2901/servers/795886.js?
I, [2010-07-27T02:12:24.509697 #6319]  INFO -- : waiting for server tempserver-PHP Front End v10 (Beta) to go operational, state is booting
I, [2010-07-27T02:12:24.548049 #6319]  INFO -- : GET: /api/acct/2901/servers/795886.js?
I, [2010-07-27T02:12:29.699695 #6319]  INFO -- : waiting for server tempserver-PHP Front End v10 (Beta) to go operational, state is booting
I, [2010-07-27T02:12:29.733438 #6319]  INFO -- : GET: /api/acct/2901/servers/795886.js?
I, [2010-07-27T02:12:34.959711 #6319]  INFO -- : waiting for server tempserver-PHP Front End v10 (Beta) to go operational, state is booting
I, [2010-07-27T02:12:34.989863 #6319]  INFO -- : GET: /api/acct/2901/servers/795886.js?
I, [2010-07-27T02:12:40.879716 #6319]  INFO -- : waiting for server tempserver-PHP Front End v10 (Beta) to go operational, state is booting
I, [2010-07-27T02:12:40.913762 #6319]  INFO -- : GET: /api/acct/2901/servers/795886.js?
I, [2010-07-27T02:12:46.039714 #6319]  INFO -- : waiting for server tempserver-PHP Front End v10 (Beta) to go operational, state is booting
I, [2010-07-27T02:12:46.070642 #6319]  INFO -- : GET: /api/acct/2901/servers/795886.js?
I, [2010-07-27T02:12:51.179719 #6319]  INFO -- : waiting for server tempserver-PHP Front End v10 (Beta) to go operational, state is booting
I, [2010-07-27T02:12:51.213683 #6319]  INFO -- : GET: /api/acct/2901/servers/795886.js?
I, [2010-07-27T02:12:56.429718 #6319]  INFO -- : waiting for server tempserver-PHP Front End v10 (Beta) to go operational, state is booting
I, [2010-07-27T02:12:56.459799 #6319]  INFO -- : GET: /api/acct/2901/servers/795886.js?
I, [2010-07-27T02:13:01.689715 #6319]  INFO -- : waiting for server tempserver-PHP Front End v10 (Beta) to go operational, state is booting
I, [2010-07-27T02:13:01.725883 #6319]  INFO -- : GET: /api/acct/2901/servers/795886.js?
I, [2010-07-27T02:13:07.079718 #6319]  INFO -- : waiting for server tempserver-PHP Front End v10 (Beta) to go operational, state is booting
I, [2010-07-27T02:13:07.126026 #6319]  INFO -- : GET: /api/acct/2901/servers/795886.js?
I, [2010-07-27T02:13:12.219722 #6319]  INFO -- : waiting for server tempserver-PHP Front End v10 (Beta) to go operational, state is booting
I, [2010-07-27T02:13:12.254242 #6319]  INFO -- : GET: /api/acct/2901/servers/795886.js?
I, [2010-07-27T02:13:17.339744 #6319]  INFO -- : waiting for server tempserver-PHP Front End v10 (Beta) to go operational, state is booting
I, [2010-07-27T02:13:17.370524 #6319]  INFO -- : GET: /api/acct/2901/servers/795886.js?
I, [2010-07-27T02:13:22.469695 #6319]  INFO -- : waiting for server tempserver-PHP Front End v10 (Beta) to go operational, state is booting
I, [2010-07-27T02:13:22.503431 #6319]  INFO -- : GET: /api/acct/2901/servers/795886.js?
I, [2010-07-27T02:13:27.659695 #6319]  INFO -- : waiting for server tempserver-PHP Front End v10 (Beta) to go operational, state is booting
I, [2010-07-27T02:13:27.690142 #6319]  INFO -- : GET: /api/acct/2901/servers/795886.js?
I, [2010-07-27T02:13:32.849712 #6319]  INFO -- : waiting for server tempserver-PHP Front End v10 (Beta) to go operational, state is booting
I, [2010-07-27T02:13:32.883447 #6319]  INFO -- : GET: /api/acct/2901/servers/795886.js?
I, [2010-07-27T02:13:38.749715 #6319]  INFO -- : waiting for server tempserver-PHP Front End v10 (Beta) to go operational, state is booting
I, [2010-07-27T02:13:38.786836 #6319]  INFO -- : GET: /api/acct/2901/servers/795886.js?
I, [2010-07-27T02:13:44.069698 #6319]  INFO -- : waiting for server tempserver-PHP Front End v10 (Beta) to go operational, state is booting
I, [2010-07-27T02:13:44.103617 #6319]  INFO -- : GET: /api/acct/2901/servers/795886.js?
I, [2010-07-27T02:13:49.459712 #6319]  INFO -- : waiting for server tempserver-PHP Front End v10 (Beta) to go operational, state is booting
I, [2010-07-27T02:13:49.489845 #6319]  INFO -- : GET: /api/acct/2901/servers/795886.js?
I, [2010-07-27T02:13:54.649718 #6319]  INFO -- : waiting for server tempserver-PHP Front End v10 (Beta) to go operational, state is booting
I, [2010-07-27T02:13:54.716159 #6319]  INFO -- : GET: /api/acct/2901/servers/795886.js?
I, [2010-07-27T02:13:59.849710 #6319]  INFO -- : waiting for server tempserver-PHP Front End v10 (Beta) to go operational, state is booting
I, [2010-07-27T02:13:59.880386 #6319]  INFO -- : GET: /api/acct/2901/servers/795886.js?
I, [2010-07-27T02:14:04.989704 #6319]  INFO -- : waiting for server tempserver-PHP Front End v10 (Beta) to go operational, state is booting
I, [2010-07-27T02:14:05.030592 #6319]  INFO -- : GET: /api/acct/2901/servers/795886.js?
I, [2010-07-27T02:14:10.129713 #6319]  INFO -- : waiting for server tempserver-PHP Front End v10 (Beta) to go operational, state is booting
I, [2010-07-27T02:14:10.163501 #6319]  INFO -- : GET: /api/acct/2901/servers/795886.js?
I, [2010-07-27T02:14:15.289735 #6319]  INFO -- : waiting for server tempserver-PHP Front End v10 (Beta) to go operational, state is booting
I, [2010-07-27T02:14:15.320314 #6319]  INFO -- : GET: /api/acct/2901/servers/795886.js?
I, [2010-07-27T02:14:20.419743 #6319]  INFO -- : waiting for server tempserver-PHP Front End v10 (Beta) to go operational, state is booting
I, [2010-07-27T02:14:20.454432 #6319]  INFO -- : GET: /api/acct/2901/servers/795886.js?
I, [2010-07-27T02:14:25.649715 #6319]  INFO -- : waiting for server tempserver-PHP Front End v10 (Beta) to go operational, state is booting
I, [2010-07-27T02:14:25.714723 #6319]  INFO -- : GET: /api/acct/2901/servers/795886.js?
I, [2010-07-27T02:14:30.839700 #6319]  INFO -- : waiting for server tempserver-PHP Front End v10 (Beta) to go operational, state is booting
I, [2010-07-27T02:14:30.873719 #6319]  INFO -- : GET: /api/acct/2901/servers/795886.js?
I, [2010-07-27T02:14:36.029720 #6319]  INFO -- : waiting for server tempserver-PHP Front End v10 (Beta) to go operational, state is booting
I, [2010-07-27T02:14:36.060240 #6319]  INFO -- : GET: /api/acct/2901/servers/795886.js?
I, [2010-07-27T02:14:41.169698 #6319]  INFO -- : waiting for server tempserver-PHP Front End v10 (Beta) to go operational, state is booting
I, [2010-07-27T02:14:41.204002 #6319]  INFO -- : GET: /api/acct/2901/servers/795886.js?
I, [2010-07-27T02:14:54.079715 #6319]  INFO -- : waiting for server tempserver-PHP Front End v10 (Beta) to go operational, state is booting
I, [2010-07-27T02:14:54.111224 #6319]  INFO -- : GET: /api/acct/2901/servers/795886.js?
I, [2010-07-27T02:14:59.199734 #6319]  INFO -- : waiting for server tempserver-PHP Front End v10 (Beta) to go operational, state is booting
I, [2010-07-27T02:14:59.234109 #6319]  INFO -- : GET: /api/acct/2901/servers/795886.js?
I, [2010-07-27T02:15:04.409733 #6319]  INFO -- : waiting for server tempserver-PHP Front End v10 (Beta) to go operational, state is booting
I, [2010-07-27T02:15:04.440434 #6319]  INFO -- : GET: /api/acct/2901/servers/795886.js?
I, [2010-07-27T02:15:10.069745 #6319]  INFO -- : waiting for server tempserver-PHP Front End v10 (Beta) to go operational, state is booting
I, [2010-07-27T02:15:10.129523 #6319]  INFO -- : GET: /api/acct/2901/servers/795886.js?
I, [2010-07-27T02:15:15.209697 #6319]  INFO -- : waiting for server tempserver-PHP Front End v10 (Beta) to go operational, state is booting
I, [2010-07-27T02:15:15.240381 #6319]  INFO -- : GET: /api/acct/2901/servers/795886.js?
I, [2010-07-27T02:15:20.319697 #6319]  INFO -- : waiting for server tempserver-PHP Front End v10 (Beta) to go operational, state is booting
I, [2010-07-27T02:15:20.354112 #6319]  INFO -- : GET: /api/acct/2901/servers/795886.js?
I, [2010-07-27T02:15:25.559714 #6319]  INFO -- : waiting for server tempserver-PHP Front End v10 (Beta) to go operational, state is booting
I, [2010-07-27T02:15:25.589557 #6319]  INFO -- : GET: /api/acct/2901/servers/795886.js?
I, [2010-07-27T02:15:25.770819 #6319]  INFO -- : waiting for dns-name for tempserver-PHP Front End v10 (Beta)
I, [2010-07-27T02:15:25.815519 #6319]  INFO -- : GET: /api/acct/2901/servers/795886/settings.js?
I, [2010-07-27T02:15:27.999732 #6319]  INFO -- : waiting for dns-name for tempserver-PHP Front End v10 (Beta)
I, [2010-07-27T02:15:27.999908 #6319]  INFO -- : got DNS: ec2-204-236-144-82.us-west-1.compute.amazonaws.com
I, [2010-07-27T02:15:28.030924 #6319]  INFO -- : GET: /api/acct/2901/servers/795888.js?
I, [2010-07-27T02:15:28.165788 #6319]  INFO -- : tempserver-PHP Front End v10 (Beta) is operational
I, [2010-07-27T02:15:28.165934 #6319]  INFO -- : waiting for dns-name for tempserver-PHP Front End v10 (Beta)
I, [2010-07-27T02:15:28.199396 #6319]  INFO -- : GET: /api/acct/2901/servers/795888/settings.js?
I, [2010-07-27T02:15:30.369704 #6319]  INFO -- : waiting for dns-name for tempserver-PHP Front End v10 (Beta)
I, [2010-07-27T02:15:30.369938 #6319]  INFO -- : got DNS: ec2-184-72-21-109.us-west-1.compute.amazonaws.com
I, [2010-07-27T02:15:30.402219 #6319]  INFO -- : GET: /api/acct/2901/servers/795886/settings.js?
I, [2010-07-27T02:15:30.649800 #6319]  INFO -- : GET: /api/acct/2901/servers/795888/settings.js?
I, [2010-07-27T02:15:31.305162 #6319]  INFO -- : PUT: /api/acct/2901/deployments/51583
I, [2010-07-27T02:15:31.305315 #6319]  INFO -- : 	request body: {"deployment":{"parameters":{"LB_HOSTNAME":"text:ip-10-162-55-223.us-west-1.compute.internal ip-10-162-54-31.us-west-1.compute.internal "}}}
I, [2010-07-27T02:15:32.362716 #6319]  INFO -- : POST: /api/acct/2901/servers/795889/start
I, [2010-07-27T02:15:37.116290 #6319]  INFO -- : POST: /api/acct/2901/servers/795890/start
I, [2010-07-27T02:15:40.403043 #6319]  INFO -- : GET: /api/acct/2901/servers/795889.js?
I, [2010-07-27T02:15:40.574088 #6319]  INFO -- : tempserver-PHP App Server v10 (Beta) is bidding
I, [2010-07-27T02:15:45.579711 #6319]  INFO -- : waiting for server tempserver-PHP App Server v10 (Beta) to go operational, state is bidding
I, [2010-07-27T02:15:45.610012 #6319]  INFO -- : GET: /api/acct/2901/servers/795889.js?
I, [2010-07-27T02:15:50.839706 #6319]  INFO -- : waiting for server tempserver-PHP App Server v10 (Beta) to go operational, state is bidding
I, [2010-07-27T02:15:50.886192 #6319]  INFO -- : GET: /api/acct/2901/servers/795889.js?
I, [2010-07-27T02:15:56.099721 #6319]  INFO -- : waiting for server tempserver-PHP App Server v10 (Beta) to go operational, state is bidding
I, [2010-07-27T02:15:56.130859 #6319]  INFO -- : GET: /api/acct/2901/servers/795889.js?
I, [2010-07-27T02:16:01.539739 #6319]  INFO -- : waiting for server tempserver-PHP App Server v10 (Beta) to go operational, state is bidding
I, [2010-07-27T02:16:01.574659 #6319]  INFO -- : GET: /api/acct/2901/servers/795889.js?
I, [2010-07-27T02:16:06.769697 #6319]  INFO -- : waiting for server tempserver-PHP App Server v10 (Beta) to go operational, state is bidding
I, [2010-07-27T02:16:06.801468 #6319]  INFO -- : GET: /api/acct/2901/servers/795889.js?
I, [2010-07-27T02:16:12.549701 #6319]  INFO -- : waiting for server tempserver-PHP App Server v10 (Beta) to go operational, state is bidding
I, [2010-07-27T02:16:12.583294 #6319]  INFO -- : GET: /api/acct/2901/servers/795889.js?
I, [2010-07-27T02:16:17.749704 #6319]  INFO -- : waiting for server tempserver-PHP App Server v10 (Beta) to go operational, state is bidding
I, [2010-07-27T02:16:17.779849 #6319]  INFO -- : GET: /api/acct/2901/servers/795889.js?
I, [2010-07-27T02:16:22.999706 #6319]  INFO -- : waiting for server tempserver-PHP App Server v10 (Beta) to go operational, state is bidding
I, [2010-07-27T02:16:23.069302 #6319]  INFO -- : GET: /api/acct/2901/servers/795889.js?
I, [2010-07-27T02:16:28.349716 #6319]  INFO -- : waiting for server tempserver-PHP App Server v10 (Beta) to go operational, state is bidding
I, [2010-07-27T02:16:28.380177 #6319]  INFO -- : GET: /api/acct/2901/servers/795889.js?
I, [2010-07-27T02:16:33.519749 #6319]  INFO -- : waiting for server tempserver-PHP App Server v10 (Beta) to go operational, state is bidding
I, [2010-07-27T02:16:33.558278 #6319]  INFO -- : GET: /api/acct/2901/servers/795889.js?
I, [2010-07-27T02:16:38.689713 #6319]  INFO -- : waiting for server tempserver-PHP App Server v10 (Beta) to go operational, state is bidding
I, [2010-07-27T02:16:38.719995 #6319]  INFO -- : GET: /api/acct/2901/servers/795889.js?
I, [2010-07-27T02:16:43.819698 #6319]  INFO -- : waiting for server tempserver-PHP App Server v10 (Beta) to go operational, state is bidding
I, [2010-07-27T02:16:43.860020 #6319]  INFO -- : GET: /api/acct/2901/servers/795889.js?
I, [2010-07-27T02:16:49.109701 #6319]  INFO -- : waiting for server tempserver-PHP App Server v10 (Beta) to go operational, state is bidding
I, [2010-07-27T02:16:49.139704 #6319]  INFO -- : GET: /api/acct/2901/servers/795889.js?
I, [2010-07-27T02:16:54.319702 #6319]  INFO -- : waiting for server tempserver-PHP App Server v10 (Beta) to go operational, state is bidding
I, [2010-07-27T02:16:54.354440 #6319]  INFO -- : GET: /api/acct/2901/servers/795889.js?
I, [2010-07-27T02:16:59.999717 #6319]  INFO -- : waiting for server tempserver-PHP App Server v10 (Beta) to go operational, state is bidding
I, [2010-07-27T02:17:00.030369 #6319]  INFO -- : GET: /api/acct/2901/servers/795889.js?
I, [2010-07-27T02:17:05.199716 #6319]  INFO -- : waiting for server tempserver-PHP App Server v10 (Beta) to go operational, state is bidding
I, [2010-07-27T02:17:05.236982 #6319]  INFO -- : GET: /api/acct/2901/servers/795889.js?
I, [2010-07-27T02:17:10.719702 #6319]  INFO -- : waiting for server tempserver-PHP App Server v10 (Beta) to go operational, state is bidding
I, [2010-07-27T02:17:10.750465 #6319]  INFO -- : GET: /api/acct/2901/servers/795889.js?
I, [2010-07-27T02:17:17.459702 #6319]  INFO -- : waiting for server tempserver-PHP App Server v10 (Beta) to go operational, state is bidding
I, [2010-07-27T02:17:17.493972 #6319]  INFO -- : GET: /api/acct/2901/servers/795889.js?
I, [2010-07-27T02:17:23.729699 #6319]  INFO -- : waiting for server tempserver-PHP App Server v10 (Beta) to go operational, state is bidding
I, [2010-07-27T02:17:23.759808 #6319]  INFO -- : GET: /api/acct/2901/servers/795889.js?
I, [2010-07-27T02:17:30.359717 #6319]  INFO -- : waiting for server tempserver-PHP App Server v10 (Beta) to go operational, state is bidding
I, [2010-07-27T02:17:30.395550 #6319]  INFO -- : GET: /api/acct/2901/servers/795889.js?
I, [2010-07-27T02:17:35.499697 #6319]  INFO -- : waiting for server tempserver-PHP App Server v10 (Beta) to go operational, state is bidding
I, [2010-07-27T02:17:35.530550 #6319]  INFO -- : GET: /api/acct/2901/servers/795889.js?
I, [2010-07-27T02:17:40.669795 #6319]  INFO -- : waiting for server tempserver-PHP App Server v10 (Beta) to go operational, state is bidding
I, [2010-07-27T02:17:40.711194 #6319]  INFO -- : GET: /api/acct/2901/servers/795889.js?
I, [2010-07-27T02:17:45.869742 #6319]  INFO -- : waiting for server tempserver-PHP App Server v10 (Beta) to go operational, state is bidding
I, [2010-07-27T02:17:45.901983 #6319]  INFO -- : GET: /api/acct/2901/servers/795889.js?
I, [2010-07-27T02:17:51.009724 #6319]  INFO -- : waiting for server tempserver-PHP App Server v10 (Beta) to go operational, state is bidding
I, [2010-07-27T02:17:51.044502 #6319]  INFO -- : GET: /api/acct/2901/servers/795889.js?
I, [2010-07-27T02:17:56.159700 #6319]  INFO -- : waiting for server tempserver-PHP App Server v10 (Beta) to go operational, state is bidding
I, [2010-07-27T02:17:56.190090 #6319]  INFO -- : GET: /api/acct/2901/servers/795889.js?
I, [2010-07-27T02:18:02.499698 #6319]  INFO -- : waiting for server tempserver-PHP App Server v10 (Beta) to go operational, state is bidding
I, [2010-07-27T02:18:02.584955 #6319]  INFO -- : GET: /api/acct/2901/servers/795889.js?
I, [2010-07-27T02:18:07.819720 #6319]  INFO -- : waiting for server tempserver-PHP App Server v10 (Beta) to go operational, state is bidding
I, [2010-07-27T02:18:07.850809 #6319]  INFO -- : GET: /api/acct/2901/servers/795889.js?
I, [2010-07-27T02:18:13.129719 #6319]  INFO -- : waiting for server tempserver-PHP App Server v10 (Beta) to go operational, state is bidding
I, [2010-07-27T02:18:13.163663 #6319]  INFO -- : GET: /api/acct/2901/servers/795889.js?
I, [2010-07-27T02:18:18.289701 #6319]  INFO -- : waiting for server tempserver-PHP App Server v10 (Beta) to go operational, state is bidding
I, [2010-07-27T02:18:18.323605 #6319]  INFO -- : GET: /api/acct/2901/servers/795889.js?
I, [2010-07-27T02:18:23.599730 #6319]  INFO -- : waiting for server tempserver-PHP App Server v10 (Beta) to go operational, state is bidding
I, [2010-07-27T02:18:23.661299 #6319]  INFO -- : GET: /api/acct/2901/servers/795889.js?
I, [2010-07-27T02:18:29.159713 #6319]  INFO -- : waiting for server tempserver-PHP App Server v10 (Beta) to go operational, state is bidding
I, [2010-07-27T02:18:29.189409 #6319]  INFO -- : GET: /api/acct/2901/servers/795889.js?
I, [2010-07-27T02:18:34.349720 #6319]  INFO -- : waiting for server tempserver-PHP App Server v10 (Beta) to go operational, state is bidding
I, [2010-07-27T02:18:34.383990 #6319]  INFO -- : GET: /api/acct/2901/servers/795889.js?
I, [2010-07-27T02:18:39.479714 #6319]  INFO -- : waiting for server tempserver-PHP App Server v10 (Beta) to go operational, state is bidding
I, [2010-07-27T02:18:39.511485 #6319]  INFO -- : GET: /api/acct/2901/servers/795889.js?
I, [2010-07-27T02:18:44.639713 #6319]  INFO -- : waiting for server tempserver-PHP App Server v10 (Beta) to go operational, state is bidding
I, [2010-07-27T02:18:44.674064 #6319]  INFO -- : GET: /api/acct/2901/servers/795889.js?
I, [2010-07-27T02:18:49.809701 #6319]  INFO -- : waiting for server tempserver-PHP App Server v10 (Beta) to go operational, state is bidding
I, [2010-07-27T02:18:49.841744 #6319]  INFO -- : GET: /api/acct/2901/servers/795889.js?
I, [2010-07-27T02:18:54.979700 #6319]  INFO -- : waiting for server tempserver-PHP App Server v10 (Beta) to go operational, state is bidding
I, [2010-07-27T02:18:55.013499 #6319]  INFO -- : GET: /api/acct/2901/servers/795889.js?
I, [2010-07-27T02:19:00.499716 #6319]  INFO -- : waiting for server tempserver-PHP App Server v10 (Beta) to go operational, state is bidding
I, [2010-07-27T02:19:00.530324 #6319]  INFO -- : GET: /api/acct/2901/servers/795889.js?
I, [2010-07-27T02:19:05.619787 #6319]  INFO -- : waiting for server tempserver-PHP App Server v10 (Beta) to go operational, state is bidding
I, [2010-07-27T02:19:05.656648 #6319]  INFO -- : GET: /api/acct/2901/servers/795889.js?
I, [2010-07-27T02:19:10.799704 #6319]  INFO -- : waiting for server tempserver-PHP App Server v10 (Beta) to go operational, state is bidding
I, [2010-07-27T02:19:10.829812 #6319]  INFO -- : GET: /api/acct/2901/servers/795889.js?
I, [2010-07-27T02:19:16.139710 #6319]  INFO -- : waiting for server tempserver-PHP App Server v10 (Beta) to go operational, state is bidding
I, [2010-07-27T02:19:16.173718 #6319]  INFO -- : GET: /api/acct/2901/servers/795889.js?
I, [2010-07-27T02:19:21.339677 #6319]  INFO -- : waiting for server tempserver-PHP App Server v10 (Beta) to go operational, state is bidding
I, [2010-07-27T02:19:21.370254 #6319]  INFO -- : GET: /api/acct/2901/servers/795889.js?
I, [2010-07-27T02:19:26.499699 #6319]  INFO -- : waiting for server tempserver-PHP App Server v10 (Beta) to go operational, state is bidding
I, [2010-07-27T02:19:26.533601 #6319]  INFO -- : GET: /api/acct/2901/servers/795889.js?
I, [2010-07-27T02:19:31.659722 #6319]  INFO -- : waiting for server tempserver-PHP App Server v10 (Beta) to go operational, state is bidding
I, [2010-07-27T02:19:31.689904 #6319]  INFO -- : GET: /api/acct/2901/servers/795889.js?
I, [2010-07-27T02:19:36.849702 #6319]  INFO -- : waiting for server tempserver-PHP App Server v10 (Beta) to go operational, state is booting
I, [2010-07-27T02:19:36.935674 #6319]  INFO -- : GET: /api/acct/2901/servers/795889.js?
I, [2010-07-27T02:19:42.049724 #6319]  INFO -- : waiting for server tempserver-PHP App Server v10 (Beta) to go operational, state is booting
I, [2010-07-27T02:19:42.103333 #6319]  INFO -- : GET: /api/acct/2901/servers/795889.js?
I, [2010-07-27T02:19:47.289785 #6319]  INFO -- : waiting for server tempserver-PHP App Server v10 (Beta) to go operational, state is booting
I, [2010-07-27T02:19:47.323624 #6319]  INFO -- : GET: /api/acct/2901/servers/795889.js?
I, [2010-07-27T02:19:52.459723 #6319]  INFO -- : waiting for server tempserver-PHP App Server v10 (Beta) to go operational, state is booting
I, [2010-07-27T02:19:52.494294 #6319]  INFO -- : GET: /api/acct/2901/servers/795889.js?
I, [2010-07-27T02:19:57.649702 #6319]  INFO -- : waiting for server tempserver-PHP App Server v10 (Beta) to go operational, state is booting
I, [2010-07-27T02:19:57.684805 #6319]  INFO -- : GET: /api/acct/2901/servers/795889.js?
I, [2010-07-27T02:20:03.539716 #6319]  INFO -- : waiting for server tempserver-PHP App Server v10 (Beta) to go operational, state is booting
I, [2010-07-27T02:20:03.570151 #6319]  INFO -- : GET: /api/acct/2901/servers/795889.js?
I, [2010-07-27T02:20:08.739766 #6319]  INFO -- : waiting for server tempserver-PHP App Server v10 (Beta) to go operational, state is booting
I, [2010-07-27T02:20:08.773929 #6319]  INFO -- : GET: /api/acct/2901/servers/795889.js?
I, [2010-07-27T02:20:15.289701 #6319]  INFO -- : waiting for server tempserver-PHP App Server v10 (Beta) to go operational, state is booting
I, [2010-07-27T02:20:15.320188 #6319]  INFO -- : GET: /api/acct/2901/servers/795889.js?
I, [2010-07-27T02:20:20.399698 #6319]  INFO -- : waiting for server tempserver-PHP App Server v10 (Beta) to go operational, state is booting
I, [2010-07-27T02:20:20.435095 #6319]  INFO -- : GET: /api/acct/2901/servers/795889.js?
I, [2010-07-27T02:20:25.579718 #6319]  INFO -- : waiting for server tempserver-PHP App Server v10 (Beta) to go operational, state is booting
I, [2010-07-27T02:20:25.609932 #6319]  INFO -- : GET: /api/acct/2901/servers/795889.js?
I, [2010-07-27T02:20:30.779701 #6319]  INFO -- : waiting for server tempserver-PHP App Server v10 (Beta) to go operational, state is booting
I, [2010-07-27T02:20:30.814166 #6319]  INFO -- : GET: /api/acct/2901/servers/795889.js?
I, [2010-07-27T02:20:36.189723 #6319]  INFO -- : waiting for server tempserver-PHP App Server v10 (Beta) to go operational, state is booting
I, [2010-07-27T02:20:36.225804 #6319]  INFO -- : GET: /api/acct/2901/servers/795889.js?
I, [2010-07-27T02:20:42.039718 #6319]  INFO -- : waiting for server tempserver-PHP App Server v10 (Beta) to go operational, state is booting
I, [2010-07-27T02:20:42.074337 #6319]  INFO -- : GET: /api/acct/2901/servers/795889.js?
I, [2010-07-27T02:20:47.209719 #6319]  INFO -- : waiting for server tempserver-PHP App Server v10 (Beta) to go operational, state is booting
I, [2010-07-27T02:20:47.251432 #6319]  INFO -- : GET: /api/acct/2901/servers/795889.js?
I, [2010-07-27T02:20:52.629790 #6319]  INFO -- : waiting for server tempserver-PHP App Server v10 (Beta) to go operational, state is booting
I, [2010-07-27T02:20:52.664354 #6319]  INFO -- : GET: /api/acct/2901/servers/795889.js?
I, [2010-07-27T02:20:57.929728 #6319]  INFO -- : waiting for server tempserver-PHP App Server v10 (Beta) to go operational, state is booting
I, [2010-07-27T02:20:57.966048 #6319]  INFO -- : GET: /api/acct/2901/servers/795889.js?
I, [2010-07-27T02:21:03.189805 #6319]  INFO -- : waiting for server tempserver-PHP App Server v10 (Beta) to go operational, state is booting
I, [2010-07-27T02:21:03.224039 #6319]  INFO -- : GET: /api/acct/2901/servers/795889.js?
I, [2010-07-27T02:21:08.459859 #6319]  INFO -- : waiting for server tempserver-PHP App Server v10 (Beta) to go operational, state is booting
I, [2010-07-27T02:21:08.521102 #6319]  INFO -- : GET: /api/acct/2901/servers/795889.js?
I, [2010-07-27T02:21:13.699715 #6319]  INFO -- : waiting for server tempserver-PHP App Server v10 (Beta) to go operational, state is booting
I, [2010-07-27T02:21:13.751944 #6319]  INFO -- : GET: /api/acct/2901/servers/795889.js?
I, [2010-07-27T02:21:20.339806 #6319]  INFO -- : waiting for server tempserver-PHP App Server v10 (Beta) to go operational, state is booting
I, [2010-07-27T02:21:20.371513 #6319]  INFO -- : GET: /api/acct/2901/servers/795889.js?
I, [2010-07-27T02:21:25.529717 #6319]  INFO -- : waiting for server tempserver-PHP App Server v10 (Beta) to go operational, state is booting
I, [2010-07-27T02:21:25.563969 #6319]  INFO -- : GET: /api/acct/2901/servers/795889.js?
I, [2010-07-27T02:21:30.709721 #6319]  INFO -- : waiting for server tempserver-PHP App Server v10 (Beta) to go operational, state is booting
I, [2010-07-27T02:21:30.770367 #6319]  INFO -- : GET: /api/acct/2901/servers/795889.js?
I, [2010-07-27T02:21:36.219699 #6319]  INFO -- : waiting for server tempserver-PHP App Server v10 (Beta) to go operational, state is booting
I, [2010-07-27T02:21:36.253732 #6319]  INFO -- : GET: /api/acct/2901/servers/795889.js?
I, [2010-07-27T02:21:41.389700 #6319]  INFO -- : waiting for server tempserver-PHP App Server v10 (Beta) to go operational, state is booting
I, [2010-07-27T02:21:41.461858 #6319]  INFO -- : GET: /api/acct/2901/servers/795889.js?
I, [2010-07-27T02:21:47.069745 #6319]  INFO -- : waiting for server tempserver-PHP App Server v10 (Beta) to go operational, state is booting
I, [2010-07-27T02:21:47.104536 #6319]  INFO -- : GET: /api/acct/2901/servers/795889.js?
I, [2010-07-27T02:21:52.299702 #6319]  INFO -- : waiting for server tempserver-PHP App Server v10 (Beta) to go operational, state is booting
I, [2010-07-27T02:21:52.330469 #6319]  INFO -- : GET: /api/acct/2901/servers/795889.js?
I, [2010-07-27T02:21:57.409722 #6319]  INFO -- : waiting for server tempserver-PHP App Server v10 (Beta) to go operational, state is booting
I, [2010-07-27T02:21:57.455537 #6319]  INFO -- : GET: /api/acct/2901/servers/795889.js?
I, [2010-07-27T02:22:02.599799 #6319]  INFO -- : waiting for server tempserver-PHP App Server v10 (Beta) to go operational, state is booting
I, [2010-07-27T02:22:02.659278 #6319]  INFO -- : GET: /api/acct/2901/servers/795889.js?
I, [2010-07-27T02:22:07.809699 #6319]  INFO -- : waiting for server tempserver-PHP App Server v10 (Beta) to go operational, state is booting
I, [2010-07-27T02:22:07.844630 #6319]  INFO -- : GET: /api/acct/2901/servers/795889.js?
I, [2010-07-27T02:22:12.999701 #6319]  INFO -- : waiting for server tempserver-PHP App Server v10 (Beta) to go operational, state is booting
I, [2010-07-27T02:22:13.029793 #6319]  INFO -- : GET: /api/acct/2901/servers/795889.js?
I, [2010-07-27T02:22:18.119711 #6319]  INFO -- : waiting for server tempserver-PHP App Server v10 (Beta) to go operational, state is booting
I, [2010-07-27T02:22:18.153584 #6319]  INFO -- : GET: /api/acct/2901/servers/795889.js?
I, [2010-07-27T02:22:23.619722 #6319]  INFO -- : waiting for server tempserver-PHP App Server v10 (Beta) to go operational, state is booting
I, [2010-07-27T02:22:23.650903 #6319]  INFO -- : GET: /api/acct/2901/servers/795889.js?
I, [2010-07-27T02:22:28.729699 #6319]  INFO -- : waiting for server tempserver-PHP App Server v10 (Beta) to go operational, state is booting
I, [2010-07-27T02:22:28.770110 #6319]  INFO -- : GET: /api/acct/2901/servers/795889.js?
I, [2010-07-27T02:22:34.030047 #6319]  INFO -- : waiting for server tempserver-PHP App Server v10 (Beta) to go operational, state is booting
I, [2010-07-27T02:22:34.060852 #6319]  INFO -- : GET: /api/acct/2901/servers/795889.js?
I, [2010-07-27T02:22:39.269698 #6319]  INFO -- : waiting for server tempserver-PHP App Server v10 (Beta) to go operational, state is booting
I, [2010-07-27T02:22:39.303417 #6319]  INFO -- : GET: /api/acct/2901/servers/795889.js?
I, [2010-07-27T02:22:44.489719 #6319]  INFO -- : waiting for server tempserver-PHP App Server v10 (Beta) to go operational, state is booting
I, [2010-07-27T02:22:44.520826 #6319]  INFO -- : GET: /api/acct/2901/servers/795889.js?
I, [2010-07-27T02:22:50.289699 #6319]  INFO -- : waiting for server tempserver-PHP App Server v10 (Beta) to go operational, state is booting
I, [2010-07-27T02:22:50.325041 #6319]  INFO -- : GET: /api/acct/2901/servers/795889.js?
I, [2010-07-27T02:22:55.499697 #6319]  INFO -- : waiting for server tempserver-PHP App Server v10 (Beta) to go operational, state is booting
I, [2010-07-27T02:22:55.530327 #6319]  INFO -- : GET: /api/acct/2901/servers/795889.js?
I, [2010-07-27T02:23:00.689730 #6319]  INFO -- : waiting for server tempserver-PHP App Server v10 (Beta) to go operational, state is booting
I, [2010-07-27T02:23:00.730460 #6319]  INFO -- : GET: /api/acct/2901/servers/795889.js?
I, [2010-07-27T02:23:05.949701 #6319]  INFO -- : waiting for server tempserver-PHP App Server v10 (Beta) to go operational, state is booting
I, [2010-07-27T02:23:05.979810 #6319]  INFO -- : GET: /api/acct/2901/servers/795889.js?
I, [2010-07-27T02:23:11.079795 #6319]  INFO -- : waiting for server tempserver-PHP App Server v10 (Beta) to go operational, state is booting
I, [2010-07-27T02:23:11.114863 #6319]  INFO -- : GET: /api/acct/2901/servers/795889.js?
I, [2010-07-27T02:23:16.419702 #6319]  INFO -- : waiting for server tempserver-PHP App Server v10 (Beta) to go operational, state is booting
I, [2010-07-27T02:23:16.496395 #6319]  INFO -- : GET: /api/acct/2901/servers/795889.js?
I, [2010-07-27T02:23:16.706037 #6319]  INFO -- : waiting for dns-name for tempserver-PHP App Server v10 (Beta)
I, [2010-07-27T02:23:16.747012 #6319]  INFO -- : GET: /api/acct/2901/servers/795889/settings.js?
I, [2010-07-27T02:23:18.849718 #6319]  INFO -- : waiting for dns-name for tempserver-PHP App Server v10 (Beta)
I, [2010-07-27T02:23:18.849907 #6319]  INFO -- : got DNS: ec2-184-72-16-213.us-west-1.compute.amazonaws.com
I, [2010-07-27T02:23:18.903845 #6319]  INFO -- : GET: /api/acct/2901/servers/795890.js?
I, [2010-07-27T02:23:19.106606 #6319]  INFO -- : tempserver-PHP App Server v10 (Beta) is operational
I, [2010-07-27T02:23:19.106757 #6319]  INFO -- : waiting for dns-name for tempserver-PHP App Server v10 (Beta)
I, [2010-07-27T02:23:19.142496 #6319]  INFO -- : GET: /api/acct/2901/servers/795890/settings.js?
I, [2010-07-27T02:23:21.309715 #6319]  INFO -- : waiting for dns-name for tempserver-PHP App Server v10 (Beta)
I, [2010-07-27T02:23:21.309901 #6319]  INFO -- : got DNS: ec2-184-72-21-120.us-west-1.compute.amazonaws.com
I, [2010-07-27T02:23:21.342415 #6319]  INFO -- : GET: /api/acct/2901/servers/795886/settings.js?
I, [2010-07-27T02:23:22.284503 #6319]  INFO -- : GET: /api/acct/2901/servers/795888/settings.js?
I, [2010-07-27T02:23:22.565144 #6319]  INFO -- : POST: /api/acct/2901/servers/795886/run_executable
I, [2010-07-27T02:23:22.565288 #6319]  INFO -- : 	request body: {"server":{"right_script_href":"https://my.rightscale.com/api/acct/2901/right_scripts/204307","parameters":{"LB_HOSTNAME":"text:ip-10-162-55-223.us-west-1.compute.internal ip-10-162-54-31.us-west-1.compute.internal "}}}
I, [2010-07-27T02:23:29.257496 #6319]  INFO -- : POST: /api/acct/2901/servers/795888/run_executable
I, [2010-07-27T02:23:29.257648 #6319]  INFO -- : 	request body: {"server":{"right_script_href":"https://my.rightscale.com/api/acct/2901/right_scripts/204307","parameters":{"LB_HOSTNAME":"text:ip-10-162-55-223.us-west-1.compute.internal ip-10-162-54-31.us-west-1.compute.internal "}}}
I, [2010-07-27T02:23:34.780110 #6319]  INFO -- : GET: /api/acct/2901/audit_entries/34810727.js?
I, [2010-07-27T02:23:34.857266 #6319]  INFO -- : state is unknown, waiting for completed
I, [2010-07-27T02:23:39.903927 #6319]  INFO -- : GET: /api/acct/2901/audit_entries/34810727.js?
I, [2010-07-27T02:23:39.958016 #6319]  INFO -- : state is unknown, waiting for completed
I, [2010-07-27T02:23:45.002387 #6319]  INFO -- : GET: /api/acct/2901/audit_entries/34810727.js?
I, [2010-07-27T02:23:45.132145 #6319]  INFO -- : state is unknown, waiting for completed
I, [2010-07-27T02:23:50.173381 #6319]  INFO -- : GET: /api/acct/2901/audit_entries/34810727.js?
I, [2010-07-27T02:23:50.259909 #6319]  INFO -- : state is in-progress, waiting for completed
I, [2010-07-27T02:23:55.300481 #6319]  INFO -- : GET: /api/acct/2901/audit_entries/34810727.js?
I, [2010-07-27T02:23:58.098526 #6319]  INFO -- : state is completed, waiting for completed
I, [2010-07-27T02:24:03.143568 #6319]  INFO -- : GET: /api/acct/2901/audit_entries/34810735.js?
I, [2010-07-27T02:24:03.286314 #6319]  INFO -- : state is in-progress, waiting for completed
I, [2010-07-27T02:24:08.340437 #6319]  INFO -- : GET: /api/acct/2901/audit_entries/34810735.js?
I, [2010-07-27T02:24:08.468738 #6319]  INFO -- : state is completed, waiting for completed
I, [2010-07-27T02:24:18.284701 #6319]  INFO -- : SSHing to ec2-184-72-16-213.us-west-1.compute.amazonaws.com using key(s) ~/.ssh/publish-test~/.ssh/publish-test-eu~/.ssh/publish-test-west~/.ssh/publish-test-ap
I, [2010-07-27T02:24:20.038927 #6319]  INFO -- : Running: lsb_release -is | grep Ubuntu
Ubuntu

I, [2010-07-27T02:24:20.039244 #6319]  INFO -- : SSHing to ec2-184-72-21-120.us-west-1.compute.amazonaws.com using key(s) ~/.ssh/publish-test~/.ssh/publish-test-eu~/.ssh/publish-test-west~/.ssh/publish-test-ap
I, [2010-07-27T02:24:21.869255 #6319]  INFO -- : Running: lsb_release -is | grep Ubuntu
Ubuntu

I, [2010-07-27T02:24:21.869535 #6319]  INFO -- : SSHing to ec2-204-236-144-82.us-west-1.compute.amazonaws.com using key(s) ~/.ssh/publish-test~/.ssh/publish-test-eu~/.ssh/publish-test-west~/.ssh/publish-test-ap
I, [2010-07-27T02:24:23.548974 #6319]  INFO -- : Running: lsb_release -is | grep Ubuntu
Ubuntu

I, [2010-07-27T02:24:23.549259 #6319]  INFO -- : SSHing to ec2-184-72-21-109.us-west-1.compute.amazonaws.com using key(s) ~/.ssh/publish-test~/.ssh/publish-test-eu~/.ssh/publish-test-west~/.ssh/publish-test-ap
I, [2010-07-27T02:24:25.428900 #6319]  INFO -- : Running: lsb_release -is | grep Ubuntu
Ubuntu

I, [2010-07-27T02:24:25.476991 #6319]  INFO -- : GET: /api/acct/2901/servers/795886/settings.js?
I, [2010-07-27T02:24:25.601164 #6319]  INFO -- : SSHing to ec2-204-236-144-82.us-west-1.compute.amazonaws.com using key(s) ~/.ssh/publish-test~/.ssh/publish-test-eu~/.ssh/publish-test-west~/.ssh/publish-test-ap
I, [2010-07-27T02:24:26.913473 #6319]  INFO -- : Running: cat /home/haproxy/rightscale_lb.cfg | grep server
        # the origin server; therefore, the following option is commented out
	# When internal servers support a status page
	# Example server line (with optional cookie and check included)
	# server	srv3.0 10.253.43.224:8000 cookie srv03.0 check inter 2000 rise 2 fall 3
	server i-52e22416 10.162.43.69:8000 cookie i-52e22416 inter 3000 rise 2 fall 3 maxconn 100
	server i-5ce22418 10.160.225.189:8000 cookie i-5ce22418 inter 3000 rise 2 fall 3 maxconn 100
	server i-02e52346 10.162.55.223:8000 cookie i-02e52346 inter 3000 rise 2 fall 3 maxconn 100
	server i-00e52344 10.162.54.31:8000 cookie i-00e52344 inter 3000 rise 2 fall 3 maxconn 100

