# Logfile created on Tue Jul 27 15:51:37 +0000 2010 by logger.rb/22285
I, [2010-07-27T15:51:37.401343 #7876]  INFO -- : GET: https://my.rightscale.com/api/acct/2901/deployments.js?filter[]=nickname=MY50-ec2-west-409582-RightImage_CentOS_5.4_i386_v4.4&
I, [2010-07-27T15:51:37.597779 #7876]  INFO -- : GET: /api/acct/2901/ec2_server_templates/27418.js?
I, [2010-07-27T15:51:37.767162 #7876]  INFO -- : GET: /api/acct/2901/ec2_server_templates/27418/executables.js?
I, [2010-07-27T15:51:39.431269 #7876]  INFO -- : GET: https://my.rightscale.com/api/acct/2901/server_templates.js?
I, [2010-07-27T15:51:42.097710 #7876]  INFO -- : GET: /api/acct/2901/ec2_server_templates/42160/executables.js?
I, [2010-07-27T15:51:43.043904 #7876]  INFO -- : GET: /api/acct/2901/servers/795770.js?
I, [2010-07-27T15:51:43.271481 #7876]  INFO -- : tempserver-MySQL 5.0 EBS v2 (Sprint 19) is stopped
I, [2010-07-27T15:51:43.304231 #7876]  INFO -- : GET: /api/acct/2901/servers/795771.js?
I, [2010-07-27T15:51:43.425258 #7876]  INFO -- : tempserver-MySQL 5.0 EBS v2 (Sprint 19) is stopped
I, [2010-07-27T15:51:43.459598 #7876]  INFO -- : GET: /api/acct/2901/servers/795772.js?
I, [2010-07-27T15:51:44.346627 #7876]  INFO -- : tempserver-MySQL 5.0 EBS v2 (Sprint 19) is stopped
I, [2010-07-27T15:51:44.380869 #7876]  INFO -- : PUT: /api/acct/2901/deployments/51556
I, [2010-07-27T15:51:44.381022 #7876]  INFO -- : 	request body: {"deployment":{"parameters":{"DB_LINEAGE_NAME":"text:testlineage453547"}}}
I, [2010-07-27T15:51:44.611882 #7876]  INFO -- : PUT: /api/acct/2901/servers/795770
I, [2010-07-27T15:51:44.612017 #7876]  INFO -- : 	request body: {"server":{"parameters":{"DB_LINEAGE_NAME":"text:"}}}
I, [2010-07-27T15:51:44.847171 #7876]  INFO -- : PUT: /api/acct/2901/servers/795771
I, [2010-07-27T15:51:44.847299 #7876]  INFO -- : 	request body: {"server":{"parameters":{"DB_LINEAGE_NAME":"text:"}}}
I, [2010-07-27T15:51:45.077193 #7876]  INFO -- : PUT: /api/acct/2901/servers/795772
I, [2010-07-27T15:51:45.077310 #7876]  INFO -- : 	request body: {"server":{"parameters":{"DB_LINEAGE_NAME":"text:"}}}
I, [2010-07-27T15:51:45.305089 #7876]  INFO -- : PUT: /api/acct/2901/deployments/51556
I, [2010-07-27T15:51:45.305218 #7876]  INFO -- : 	request body: {"deployment":{"parameters":{"EBS_STRIPE_COUNT":"text:1"}}}
I, [2010-07-27T15:51:46.961213 #7876]  INFO -- : PUT: /api/acct/2901/deployments/51556
I, [2010-07-27T15:51:46.961355 #7876]  INFO -- : 	request body: {"deployment":{"parameters":{"MASTER_DB_DNSID":"text:5264480"}}}
I, [2010-07-27T15:51:47.150147 #7876]  INFO -- : PUT: /api/acct/2901/deployments/51556
I, [2010-07-27T15:51:47.150268 #7876]  INFO -- : 	request body: {"deployment":{"parameters":{"SLAVE_DB_DNSID":"text:5264500"}}}
I, [2010-07-27T15:51:47.348233 #7876]  INFO -- : PUT: /api/acct/2901/deployments/51556
I, [2010-07-27T15:51:47.348358 #7876]  INFO -- : 	request body: {"deployment":{"parameters":{"SLAVE_DB_DNSNAME":"text:vmonk1-slave.test.rightscale.com"}}}
I, [2010-07-27T15:51:47.981998 #7876]  INFO -- : PUT: /api/acct/2901/deployments/51556
I, [2010-07-27T15:51:47.982119 #7876]  INFO -- : 	request body: {"deployment":{"parameters":{"MASTER_DB_DNSNAME":"text:vmonk1-master.test.rightscale.com"}}}
I, [2010-07-27T15:51:48.183235 #7876]  INFO -- : POST: /api/acct/2901/servers/795770/start
I, [2010-07-27T15:51:51.765700 #7876]  INFO -- : POST: /api/acct/2901/servers/795771/start
I, [2010-07-27T15:51:55.752117 #7876]  INFO -- : POST: /api/acct/2901/servers/795772/start
I, [2010-07-27T15:51:58.902344 #7876]  INFO -- : GET: /api/acct/2901/servers/795770.js?
I, [2010-07-27T15:51:59.057519 #7876]  INFO -- : tempserver-MySQL 5.0 EBS v2 (Sprint 19) is bidding
I, [2010-07-27T15:52:04.071869 #7876]  INFO -- : waiting for server tempserver-MySQL 5.0 EBS v2 (Sprint 19) to go operational, state is bidding
I, [2010-07-27T15:52:04.112010 #7876]  INFO -- : GET: /api/acct/2901/servers/795770.js?
I, [2010-07-27T15:52:09.221843 #7876]  INFO -- : waiting for server tempserver-MySQL 5.0 EBS v2 (Sprint 19) to go operational, state is bidding
I, [2010-07-27T15:52:09.256069 #7876]  INFO -- : GET: /api/acct/2901/servers/795770.js?
I, [2010-07-27T15:52:14.361840 #7876]  INFO -- : waiting for server tempserver-MySQL 5.0 EBS v2 (Sprint 19) to go operational, state is bidding
I, [2010-07-27T15:52:14.392875 #7876]  INFO -- : GET: /api/acct/2901/servers/795770.js?
I, [2010-07-27T15:52:19.581862 #7876]  INFO -- : waiting for server tempserver-MySQL 5.0 EBS v2 (Sprint 19) to go operational, state is bidding
I, [2010-07-27T15:52:19.616240 #7876]  INFO -- : GET: /api/acct/2901/servers/795770.js?
I, [2010-07-27T15:52:24.731849 #7876]  INFO -- : waiting for server tempserver-MySQL 5.0 EBS v2 (Sprint 19) to go operational, state is bidding
I, [2010-07-27T15:52:24.777557 #7876]  INFO -- : GET: /api/acct/2901/servers/795770.js?
I, [2010-07-27T15:52:29.931866 #7876]  INFO -- : waiting for server tempserver-MySQL 5.0 EBS v2 (Sprint 19) to go operational, state is bidding
I, [2010-07-27T15:52:29.965632 #7876]  INFO -- : GET: /api/acct/2901/servers/795770.js?
I, [2010-07-27T15:52:35.801827 #7876]  INFO -- : waiting for server tempserver-MySQL 5.0 EBS v2 (Sprint 19) to go operational, state is bidding
I, [2010-07-27T15:52:35.832498 #7876]  INFO -- : GET: /api/acct/2901/servers/795770.js?
I, [2010-07-27T15:52:40.941860 #7876]  INFO -- : waiting for server tempserver-MySQL 5.0 EBS v2 (Sprint 19) to go operational, state is bidding
I, [2010-07-27T15:52:40.975565 #7876]  INFO -- : GET: /api/acct/2901/servers/795770.js?
I, [2010-07-27T15:52:46.891847 #7876]  INFO -- : waiting for server tempserver-MySQL 5.0 EBS v2 (Sprint 19) to go operational, state is bidding
I, [2010-07-27T15:52:46.981524 #7876]  INFO -- : GET: /api/acct/2901/servers/795770.js?
I, [2010-07-27T15:52:52.101856 #7876]  INFO -- : waiting for server tempserver-MySQL 5.0 EBS v2 (Sprint 19) to go operational, state is bidding
I, [2010-07-27T15:52:52.135885 #7876]  INFO -- : GET: /api/acct/2901/servers/795770.js?
I, [2010-07-27T15:52:57.311865 #7876]  INFO -- : waiting for server tempserver-MySQL 5.0 EBS v2 (Sprint 19) to go operational, state is bidding
I, [2010-07-27T15:52:57.342599 #7876]  INFO -- : GET: /api/acct/2901/servers/795770.js?
I, [2010-07-27T15:53:02.471906 #7876]  INFO -- : waiting for server tempserver-MySQL 5.0 EBS v2 (Sprint 19) to go operational, state is bidding
I, [2010-07-27T15:53:02.533520 #7876]  INFO -- : GET: /api/acct/2901/servers/795770.js?
I, [2010-07-27T15:53:07.661844 #7876]  INFO -- : waiting for server tempserver-MySQL 5.0 EBS v2 (Sprint 19) to go operational, state is bidding
I, [2010-07-27T15:53:07.745976 #7876]  INFO -- : GET: /api/acct/2901/servers/795770.js?
I, [2010-07-27T15:53:12.881845 #7876]  INFO -- : waiting for server tempserver-MySQL 5.0 EBS v2 (Sprint 19) to go operational, state is bidding
I, [2010-07-27T15:53:12.916676 #7876]  INFO -- : GET: /api/acct/2901/servers/795770.js?
I, [2010-07-27T15:53:18.011849 #7876]  INFO -- : waiting for server tempserver-MySQL 5.0 EBS v2 (Sprint 19) to go operational, state is bidding
I, [2010-07-27T15:53:18.048129 #7876]  INFO -- : GET: /api/acct/2901/servers/795770.js?
I, [2010-07-27T15:53:23.181843 #7876]  INFO -- : waiting for server tempserver-MySQL 5.0 EBS v2 (Sprint 19) to go operational, state is bidding
I, [2010-07-27T15:53:23.216465 #7876]  INFO -- : GET: /api/acct/2901/servers/795770.js?
I, [2010-07-27T15:53:28.321858 #7876]  INFO -- : waiting for server tempserver-MySQL 5.0 EBS v2 (Sprint 19) to go operational, state is bidding
I, [2010-07-27T15:53:28.352877 #7876]  INFO -- : GET: /api/acct/2901/servers/795770.js?
I, [2010-07-27T15:53:33.531846 #7876]  INFO -- : waiting for server tempserver-MySQL 5.0 EBS v2 (Sprint 19) to go operational, state is bidding
I, [2010-07-27T15:53:33.565804 #7876]  INFO -- : GET: /api/acct/2901/servers/795770.js?
I, [2010-07-27T15:53:38.671846 #7876]  INFO -- : waiting for server tempserver-MySQL 5.0 EBS v2 (Sprint 19) to go operational, state is bidding
I, [2010-07-27T15:53:38.750568 #7876]  INFO -- : GET: /api/acct/2901/servers/795770.js?
I, [2010-07-27T15:53:43.871937 #7876]  INFO -- : waiting for server tempserver-MySQL 5.0 EBS v2 (Sprint 19) to go operational, state is bidding
I, [2010-07-27T15:53:43.907573 #7876]  INFO -- : GET: /api/acct/2901/servers/795770.js?
I, [2010-07-27T15:53:49.031868 #7876]  INFO -- : waiting for server tempserver-MySQL 5.0 EBS v2 (Sprint 19) to go operational, state is bidding
I, [2010-07-27T15:53:49.073929 #7876]  INFO -- : GET: /api/acct/2901/servers/795770.js?
I, [2010-07-27T15:53:54.191864 #7876]  INFO -- : waiting for server tempserver-MySQL 5.0 EBS v2 (Sprint 19) to go operational, state is bidding
I, [2010-07-27T15:53:54.226904 #7876]  INFO -- : GET: /api/acct/2901/servers/795770.js?
I, [2010-07-27T15:53:59.331856 #7876]  INFO -- : waiting for server tempserver-MySQL 5.0 EBS v2 (Sprint 19) to go operational, state is bidding
I, [2010-07-27T15:53:59.365663 #7876]  INFO -- : GET: /api/acct/2901/servers/795770.js?
I, [2010-07-27T15:54:04.461845 #7876]  INFO -- : waiting for server tempserver-MySQL 5.0 EBS v2 (Sprint 19) to go operational, state is bidding
I, [2010-07-27T15:54:04.499493 #7876]  INFO -- : GET: /api/acct/2901/servers/795770.js?
I, [2010-07-27T15:54:09.641873 #7876]  INFO -- : waiting for server tempserver-MySQL 5.0 EBS v2 (Sprint 19) to go operational, state is bidding
I, [2010-07-27T15:54:09.698088 #7876]  INFO -- : GET: /api/acct/2901/servers/795770.js?
I, [2010-07-27T15:54:14.821846 #7876]  INFO -- : waiting for server tempserver-MySQL 5.0 EBS v2 (Sprint 19) to go operational, state is bidding
I, [2010-07-27T15:54:14.875974 #7876]  INFO -- : GET: /api/acct/2901/servers/795770.js?
I, [2010-07-27T15:54:20.001865 #7876]  INFO -- : waiting for server tempserver-MySQL 5.0 EBS v2 (Sprint 19) to go operational, state is bidding
I, [2010-07-27T15:54:20.035092 #7876]  INFO -- : GET: /api/acct/2901/servers/795770.js?
I, [2010-07-27T15:54:25.171846 #7876]  INFO -- : waiting for server tempserver-MySQL 5.0 EBS v2 (Sprint 19) to go operational, state is bidding
I, [2010-07-27T15:54:25.205821 #7876]  INFO -- : GET: /api/acct/2901/servers/795770.js?
I, [2010-07-27T15:54:30.941851 #7876]  INFO -- : waiting for server tempserver-MySQL 5.0 EBS v2 (Sprint 19) to go operational, state is bidding
I, [2010-07-27T15:54:33.973959 #7876]  INFO -- : GET: /api/acct/2901/servers/795770.js?
I, [2010-07-27T15:54:39.141868 #7876]  INFO -- : waiting for server tempserver-MySQL 5.0 EBS v2 (Sprint 19) to go operational, state is bidding
I, [2010-07-27T15:54:39.175749 #7876]  INFO -- : GET: /api/acct/2901/servers/795770.js?
I, [2010-07-27T15:54:44.321860 #7876]  INFO -- : waiting for server tempserver-MySQL 5.0 EBS v2 (Sprint 19) to go operational, state is bidding
I, [2010-07-27T15:54:44.354809 #7876]  INFO -- : GET: /api/acct/2901/servers/795770.js?
I, [2010-07-27T15:54:49.631842 #7876]  INFO -- : waiting for server tempserver-MySQL 5.0 EBS v2 (Sprint 19) to go operational, state is bidding
I, [2010-07-27T15:54:49.665764 #7876]  INFO -- : GET: /api/acct/2901/servers/795770.js?
I, [2010-07-27T15:54:54.791865 #7876]  INFO -- : waiting for server tempserver-MySQL 5.0 EBS v2 (Sprint 19) to go operational, state is bidding
I, [2010-07-27T15:54:54.824467 #7876]  INFO -- : GET: /api/acct/2901/servers/795770.js?
I, [2010-07-27T15:54:59.921849 #7876]  INFO -- : waiting for server tempserver-MySQL 5.0 EBS v2 (Sprint 19) to go operational, state is bidding
I, [2010-07-27T15:54:59.956634 #7876]  INFO -- : GET: /api/acct/2901/servers/795770.js?
I, [2010-07-27T15:55:05.111848 #7876]  INFO -- : waiting for server tempserver-MySQL 5.0 EBS v2 (Sprint 19) to go operational, state is bidding
I, [2010-07-27T15:55:05.144433 #7876]  INFO -- : GET: /api/acct/2901/servers/795770.js?
I, [2010-07-27T15:55:10.281838 #7876]  INFO -- : waiting for server tempserver-MySQL 5.0 EBS v2 (Sprint 19) to go operational, state is bidding
I, [2010-07-27T15:55:10.318705 #7876]  INFO -- : GET: /api/acct/2901/servers/795770.js?
I, [2010-07-27T15:55:15.391847 #7876]  INFO -- : waiting for server tempserver-MySQL 5.0 EBS v2 (Sprint 19) to go operational, state is bidding
I, [2010-07-27T15:55:15.453460 #7876]  INFO -- : GET: /api/acct/2901/servers/795770.js?
I, [2010-07-27T15:55:20.561869 #7876]  INFO -- : waiting for server tempserver-MySQL 5.0 EBS v2 (Sprint 19) to go operational, state is bidding
I, [2010-07-27T15:55:20.596298 #7876]  INFO -- : GET: /api/acct/2901/servers/795770.js?
I, [2010-07-27T15:55:25.811851 #7876]  INFO -- : waiting for server tempserver-MySQL 5.0 EBS v2 (Sprint 19) to go operational, state is bidding
I, [2010-07-27T15:55:25.856239 #7876]  INFO -- : GET: /api/acct/2901/servers/795770.js?
I, [2010-07-27T15:55:31.881843 #7876]  INFO -- : waiting for server tempserver-MySQL 5.0 EBS v2 (Sprint 19) to go operational, state is bidding
I, [2010-07-27T15:55:31.915712 #7876]  INFO -- : GET: /api/acct/2901/servers/795770.js?
I, [2010-07-27T15:55:37.061833 #7876]  INFO -- : waiting for server tempserver-MySQL 5.0 EBS v2 (Sprint 19) to go operational, state is bidding
I, [2010-07-27T15:55:37.096270 #7876]  INFO -- : GET: /api/acct/2901/servers/795770.js?
I, [2010-07-27T15:55:42.211894 #7876]  INFO -- : waiting for server tempserver-MySQL 5.0 EBS v2 (Sprint 19) to go operational, state is bidding
I, [2010-07-27T15:55:42.248596 #7876]  INFO -- : GET: /api/acct/2901/servers/795770.js?
I, [2010-07-27T15:55:47.361860 #7876]  INFO -- : waiting for server tempserver-MySQL 5.0 EBS v2 (Sprint 19) to go operational, state is bidding
I, [2010-07-27T15:55:47.393517 #7876]  INFO -- : GET: /api/acct/2901/servers/795770.js?
I, [2010-07-27T15:55:52.611872 #7876]  INFO -- : waiting for server tempserver-MySQL 5.0 EBS v2 (Sprint 19) to go operational, state is bidding
I, [2010-07-27T15:55:52.645892 #7876]  INFO -- : GET: /api/acct/2901/servers/795770.js?
I, [2010-07-27T15:55:57.781842 #7876]  INFO -- : waiting for server tempserver-MySQL 5.0 EBS v2 (Sprint 19) to go operational, state is bidding
I, [2010-07-27T15:55:57.821993 #7876]  INFO -- : GET: /api/acct/2901/servers/795770.js?
I, [2010-07-27T15:56:02.981867 #7876]  INFO -- : waiting for server tempserver-MySQL 5.0 EBS v2 (Sprint 19) to go operational, state is bidding
I, [2010-07-27T15:56:03.016092 #7876]  INFO -- : GET: /api/acct/2901/servers/795770.js?
I, [2010-07-27T15:56:08.211867 #7876]  INFO -- : waiting for server tempserver-MySQL 5.0 EBS v2 (Sprint 19) to go operational, state is booting
I, [2010-07-27T15:56:08.245327 #7876]  INFO -- : GET: /api/acct/2901/servers/795770.js?
I, [2010-07-27T15:56:13.531929 #7876]  INFO -- : waiting for server tempserver-MySQL 5.0 EBS v2 (Sprint 19) to go operational, state is booting
I, [2010-07-27T15:56:13.577959 #7876]  INFO -- : GET: /api/acct/2901/servers/795770.js?
I, [2010-07-27T15:56:18.751847 #7876]  INFO -- : waiting for server tempserver-MySQL 5.0 EBS v2 (Sprint 19) to go operational, state is booting
I, [2010-07-27T15:56:18.786112 #7876]  INFO -- : GET: /api/acct/2901/servers/795770.js?
I, [2010-07-27T15:56:23.941819 #7876]  INFO -- : waiting for server tempserver-MySQL 5.0 EBS v2 (Sprint 19) to go operational, state is booting
I, [2010-07-27T15:56:24.049574 #7876]  INFO -- : GET: /api/acct/2901/servers/795770.js?
I, [2010-07-27T15:56:29.231893 #7876]  INFO -- : waiting for server tempserver-MySQL 5.0 EBS v2 (Sprint 19) to go operational, state is booting
I, [2010-07-27T15:56:29.279493 #7876]  INFO -- : GET: /api/acct/2901/servers/795770.js?
I, [2010-07-27T15:56:34.391843 #7876]  INFO -- : waiting for server tempserver-MySQL 5.0 EBS v2 (Sprint 19) to go operational, state is booting
I, [2010-07-27T15:56:34.425831 #7876]  INFO -- : GET: /api/acct/2901/servers/795770.js?
I, [2010-07-27T15:56:40.251846 #7876]  INFO -- : waiting for server tempserver-MySQL 5.0 EBS v2 (Sprint 19) to go operational, state is booting
I, [2010-07-27T15:56:40.284317 #7876]  INFO -- : GET: /api/acct/2901/servers/795770.js?
I, [2010-07-27T15:56:45.381858 #7876]  INFO -- : waiting for server tempserver-MySQL 5.0 EBS v2 (Sprint 19) to go operational, state is booting
I, [2010-07-27T15:56:45.416092 #7876]  INFO -- : GET: /api/acct/2901/servers/795770.js?
I, [2010-07-27T15:56:50.551846 #7876]  INFO -- : waiting for server tempserver-MySQL 5.0 EBS v2 (Sprint 19) to go operational, state is booting
I, [2010-07-27T15:56:50.582885 #7876]  INFO -- : GET: /api/acct/2901/servers/795770.js?
I, [2010-07-27T15:56:55.692284 #7876]  INFO -- : waiting for server tempserver-MySQL 5.0 EBS v2 (Sprint 19) to go operational, state is booting
I, [2010-07-27T15:56:55.750218 #7876]  INFO -- : GET: /api/acct/2901/servers/795770.js?
I, [2010-07-27T15:57:00.921868 #7876]  INFO -- : waiting for server tempserver-MySQL 5.0 EBS v2 (Sprint 19) to go operational, state is booting
I, [2010-07-27T15:57:00.953897 #7876]  INFO -- : GET: /api/acct/2901/servers/795770.js?
I, [2010-07-27T15:57:06.061841 #7876]  INFO -- : waiting for server tempserver-MySQL 5.0 EBS v2 (Sprint 19) to go operational, state is booting
I, [2010-07-27T15:57:06.099088 #7876]  INFO -- : GET: /api/acct/2901/servers/795770.js?
I, [2010-07-27T15:57:11.271867 #7876]  INFO -- : waiting for server tempserver-MySQL 5.0 EBS v2 (Sprint 19) to go operational, state is booting
I, [2010-07-27T15:57:11.306685 #7876]  INFO -- : GET: /api/acct/2901/servers/795770.js?
I, [2010-07-27T15:57:17.121839 #7876]  INFO -- : waiting for server tempserver-MySQL 5.0 EBS v2 (Sprint 19) to go operational, state is booting
I, [2010-07-27T15:57:17.176589 #7876]  INFO -- : GET: /api/acct/2901/servers/795770.js?
I, [2010-07-27T15:57:22.291843 #7876]  INFO -- : waiting for server tempserver-MySQL 5.0 EBS v2 (Sprint 19) to go operational, state is booting
I, [2010-07-27T15:57:22.325896 #7876]  INFO -- : GET: /api/acct/2901/servers/795770.js?
I, [2010-07-27T15:57:27.481851 #7876]  INFO -- : waiting for server tempserver-MySQL 5.0 EBS v2 (Sprint 19) to go operational, state is booting
I, [2010-07-27T15:57:27.531048 #7876]  INFO -- : GET: /api/acct/2901/servers/795770.js?
I, [2010-07-27T15:57:32.671864 #7876]  INFO -- : waiting for server tempserver-MySQL 5.0 EBS v2 (Sprint 19) to go operational, state is booting
I, [2010-07-27T15:57:32.705644 #7876]  INFO -- : GET: /api/acct/2901/servers/795770.js?
I, [2010-07-27T15:57:37.815518 #7876]  INFO -- : waiting for server tempserver-MySQL 5.0 EBS v2 (Sprint 19) to go operational, state is booting
I, [2010-07-27T15:57:37.856980 #7876]  INFO -- : GET: /api/acct/2901/servers/795770.js?
I, [2010-07-27T15:57:42.981861 #7876]  INFO -- : waiting for server tempserver-MySQL 5.0 EBS v2 (Sprint 19) to go operational, state is booting
I, [2010-07-27T15:57:43.038165 #7876]  INFO -- : GET: /api/acct/2901/servers/795770.js?
I, [2010-07-27T15:57:48.121856 #7876]  INFO -- : waiting for server tempserver-MySQL 5.0 EBS v2 (Sprint 19) to go operational, state is booting
I, [2010-07-27T15:57:48.156457 #7876]  INFO -- : GET: /api/acct/2901/servers/795770.js?
I, [2010-07-27T15:57:53.271841 #7876]  INFO -- : waiting for server tempserver-MySQL 5.0 EBS v2 (Sprint 19) to go operational, state is booting
I, [2010-07-27T15:57:53.305520 #7876]  INFO -- : GET: /api/acct/2901/servers/795770.js?
I, [2010-07-27T15:57:59.221842 #7876]  INFO -- : waiting for server tempserver-MySQL 5.0 EBS v2 (Sprint 19) to go operational, state is booting
I, [2010-07-27T15:57:59.262947 #7876]  INFO -- : GET: /api/acct/2901/servers/795770.js?
I, [2010-07-27T15:58:07.001856 #7876]  INFO -- : waiting for server tempserver-MySQL 5.0 EBS v2 (Sprint 19) to go operational, state is booting
I, [2010-07-27T15:58:07.035672 #7876]  INFO -- : GET: /api/acct/2901/servers/795770.js?
I, [2010-07-27T15:58:12.181840 #7876]  INFO -- : waiting for server tempserver-MySQL 5.0 EBS v2 (Sprint 19) to go operational, state is booting
I, [2010-07-27T15:58:12.212557 #7876]  INFO -- : GET: /api/acct/2901/servers/795770.js?
I, [2010-07-27T15:58:17.311863 #7876]  INFO -- : waiting for server tempserver-MySQL 5.0 EBS v2 (Sprint 19) to go operational, state is booting
I, [2010-07-27T15:58:17.345964 #7876]  INFO -- : GET: /api/acct/2901/servers/795770.js?
I, [2010-07-27T15:58:22.481861 #7876]  INFO -- : waiting for server tempserver-MySQL 5.0 EBS v2 (Sprint 19) to go operational, state is booting
I, [2010-07-27T15:58:22.519429 #7876]  INFO -- : GET: /api/acct/2901/servers/795770.js?
I, [2010-07-27T15:58:27.621846 #7876]  INFO -- : waiting for server tempserver-MySQL 5.0 EBS v2 (Sprint 19) to go operational, state is booting
I, [2010-07-27T15:58:27.656169 #7876]  INFO -- : GET: /api/acct/2901/servers/795770.js?
I, [2010-07-27T15:58:32.811845 #7876]  INFO -- : waiting for server tempserver-MySQL 5.0 EBS v2 (Sprint 19) to go operational, state is booting
I, [2010-07-27T15:58:32.844887 #7876]  INFO -- : GET: /api/acct/2901/servers/795770.js?
I, [2010-07-27T15:58:38.641868 #7876]  INFO -- : waiting for server tempserver-MySQL 5.0 EBS v2 (Sprint 19) to go operational, state is booting
I, [2010-07-27T15:58:38.706715 #7876]  INFO -- : GET: /api/acct/2901/servers/795770.js?
I, [2010-07-27T15:58:43.831841 #7876]  INFO -- : waiting for server tempserver-MySQL 5.0 EBS v2 (Sprint 19) to go operational, state is booting
I, [2010-07-27T15:58:43.866672 #7876]  INFO -- : GET: /api/acct/2901/servers/795770.js?
I, [2010-07-27T15:58:48.991841 #7876]  INFO -- : waiting for server tempserver-MySQL 5.0 EBS v2 (Sprint 19) to go operational, state is booting
I, [2010-07-27T15:58:49.025505 #7876]  INFO -- : GET: /api/acct/2901/servers/795770.js?
I, [2010-07-27T15:58:54.141842 #7876]  INFO -- : waiting for server tempserver-MySQL 5.0 EBS v2 (Sprint 19) to go operational, state is booting
I, [2010-07-27T15:58:54.175439 #7876]  INFO -- : GET: /api/acct/2901/servers/795770.js?
I, [2010-07-27T15:58:59.291862 #7876]  INFO -- : waiting for server tempserver-MySQL 5.0 EBS v2 (Sprint 19) to go operational, state is booting
I, [2010-07-27T15:58:59.333351 #7876]  INFO -- : GET: /api/acct/2901/servers/795770.js?
I, [2010-07-27T15:59:04.461861 #7876]  INFO -- : waiting for server tempserver-MySQL 5.0 EBS v2 (Sprint 19) to go operational, state is booting
I, [2010-07-27T15:59:04.514868 #7876]  INFO -- : GET: /api/acct/2901/servers/795770.js?
I, [2010-07-27T15:59:09.621859 #7876]  INFO -- : waiting for server tempserver-MySQL 5.0 EBS v2 (Sprint 19) to go operational, state is booting
I, [2010-07-27T15:59:09.656192 #7876]  INFO -- : GET: /api/acct/2901/servers/795770.js?
I, [2010-07-27T15:59:14.791844 #7876]  INFO -- : waiting for server tempserver-MySQL 5.0 EBS v2 (Sprint 19) to go operational, state is booting
I, [2010-07-27T15:59:14.824633 #7876]  INFO -- : GET: /api/acct/2901/servers/795770.js?
I, [2010-07-27T15:59:14.945772 #7876]  INFO -- : waiting for dns-name for tempserver-MySQL 5.0 EBS v2 (Sprint 19)
I, [2010-07-27T15:59:14.979548 #7876]  INFO -- : GET: /api/acct/2901/servers/795770/settings.js?
I, [2010-07-27T15:59:17.121852 #7876]  INFO -- : waiting for dns-name for tempserver-MySQL 5.0 EBS v2 (Sprint 19)
I, [2010-07-27T15:59:17.122044 #7876]  INFO -- : got DNS: ec2-184-72-2-67.us-west-1.compute.amazonaws.com
I, [2010-07-27T15:59:17.157789 #7876]  INFO -- : GET: /api/acct/2901/servers/795771.js?
I, [2010-07-27T15:59:18.181582 #7876]  INFO -- : tempserver-MySQL 5.0 EBS v2 (Sprint 19) is booting
I, [2010-07-27T15:59:23.191851 #7876]  INFO -- : waiting for server tempserver-MySQL 5.0 EBS v2 (Sprint 19) to go operational, state is booting
I, [2010-07-27T15:59:23.226497 #7876]  INFO -- : GET: /api/acct/2901/servers/795771.js?
I, [2010-07-27T15:59:28.381864 #7876]  INFO -- : waiting for server tempserver-MySQL 5.0 EBS v2 (Sprint 19) to go operational, state is booting
I, [2010-07-27T15:59:28.441454 #7876]  INFO -- : GET: /api/acct/2901/servers/795771.js?
I, [2010-07-27T15:59:33.651844 #7876]  INFO -- : waiting for server tempserver-MySQL 5.0 EBS v2 (Sprint 19) to go operational, state is booting
I, [2010-07-27T15:59:33.685966 #7876]  INFO -- : GET: /api/acct/2901/servers/795771.js?
I, [2010-07-27T15:59:38.881834 #7876]  INFO -- : waiting for server tempserver-MySQL 5.0 EBS v2 (Sprint 19) to go operational, state is booting
I, [2010-07-27T15:59:38.916945 #7876]  INFO -- : GET: /api/acct/2901/servers/795771.js?
I, [2010-07-27T15:59:39.049955 #7876]  INFO -- : waiting for dns-name for tempserver-MySQL 5.0 EBS v2 (Sprint 19)
I, [2010-07-27T15:59:39.084092 #7876]  INFO -- : GET: /api/acct/2901/servers/795771/settings.js?
I, [2010-07-27T15:59:41.251837 #7876]  INFO -- : waiting for dns-name for tempserver-MySQL 5.0 EBS v2 (Sprint 19)
I, [2010-07-27T15:59:41.252011 #7876]  INFO -- : got DNS: ec2-184-72-3-114.us-west-1.compute.amazonaws.com
I, [2010-07-27T15:59:41.283443 #7876]  INFO -- : GET: /api/acct/2901/servers/795772.js?
I, [2010-07-27T15:59:41.422891 #7876]  INFO -- : tempserver-MySQL 5.0 EBS v2 (Sprint 19) is operational
I, [2010-07-27T15:59:41.423029 #7876]  INFO -- : waiting for dns-name for tempserver-MySQL 5.0 EBS v2 (Sprint 19)
I, [2010-07-27T15:59:41.504205 #7876]  INFO -- : GET: /api/acct/2901/servers/795772/settings.js?
I, [2010-07-27T15:59:43.671836 #7876]  INFO -- : waiting for dns-name for tempserver-MySQL 5.0 EBS v2 (Sprint 19)
I, [2010-07-27T15:59:43.672008 #7876]  INFO -- : got DNS: ec2-184-72-1-12.us-west-1.compute.amazonaws.com
I, [2010-07-27T15:59:43.705549 #7876]  INFO -- : POST: /api/acct/2901/servers/795770/run_executable
I, [2010-07-27T15:59:43.705668 #7876]  INFO -- : 	request body: {"server":{"right_script_href":"/api/acct/2901/right_scripts/212492","parameters":{"EBS_MOUNT_POINT":"text:/mnt/mysql","AWS_ACCESS_KEY_ID":"ignore:$ignore","DB_MYSQLDUMP_BUCKET":"ignore:$ignore","EBS_LINEAGE":"text:testlineage453547","EBS_TOTAL_VOLUME_GROUP_SIZE_GB":"text:1","DB_MYSQLDUMP_FILENAME":"ignore:$ignore","DBAPPLICATION_USER":"text:someuser","EBS_STRIPE_COUNT":"text:1","EBS_VOLUME_SIZE_GB":"text:1","DBAPPLICATION_PASSWORD":"text:somepass","DB_SCHEMA_NAME":"ignore:$ignore","AWS_SECRET_ACCESS_KEY":"ignore:$ignore"}}}
I, [2010-07-27T15:59:49.674041 #7876]  INFO -- : SSHing to ec2-184-72-2-67.us-west-1.compute.amazonaws.com using key(s) ~/.ssh/publish-test~/.ssh/publish-test-eu~/.ssh/publish-test-west~/.ssh/publish-test-ap
I, [2010-07-27T16:00:21.551837 #7876]  INFO -- : 
I, [2010-07-27T16:00:21.552089 #7876]  INFO -- : SSHing to ec2-184-72-2-67.us-west-1.compute.amazonaws.com using key(s) ~/.ssh/publish-test~/.ssh/publish-test-eu~/.ssh/publish-test-west~/.ssh/publish-test-ap
I, [2010-07-27T16:00:53.341835 #7876]  INFO -- : 
I, [2010-07-27T16:00:53.376259 #7876]  INFO -- : POST: /api/acct/2901/servers/795770/run_executable
I, [2010-07-27T16:00:53.376387 #7876]  INFO -- : 	request body: {"server":{"right_script_href":"/api/acct/2901/right_scripts/195053"}}
I, [2010-07-27T16:00:58.669010 #7876]  INFO -- : GET: /api/acct/2901/statuses/5946006.js?
I, [2010-07-27T16:00:58.958881 #7876]  INFO -- : state is in-progress, waiting for completed
I, [2010-07-27T16:01:04.012856 #7876]  INFO -- : GET: /api/acct/2901/statuses/5946006.js?
I, [2010-07-27T16:01:04.189651 #7876]  INFO -- : state is in-progress, waiting for completed
I, [2010-07-27T16:01:09.240665 #7876]  INFO -- : GET: /api/acct/2901/statuses/5946006.js?
I, [2010-07-27T16:01:09.372177 #7876]  INFO -- : state is in-progress, waiting for completed
I, [2010-07-27T16:01:14.415427 #7876]  INFO -- : GET: /api/acct/2901/statuses/5946006.js?
I, [2010-07-27T16:01:14.664457 #7876]  INFO -- : state is completed, waiting for completed
I, [2010-07-27T16:03:19.814360 #7876]  INFO -- : POST: /api/acct/2901/servers/795770/run_executable
I, [2010-07-27T16:03:19.814511 #7876]  INFO -- : 	request body: {"server":{"right_script_href":"https://my.rightscale.com/api/acct/2901/right_scripts/171466"}}
I, [2010-07-27T16:03:25.946752 #7876]  INFO -- : GET: /api/acct/2901/statuses/5946046.js?
I, [2010-07-27T16:03:26.052548 #7876]  INFO -- : state is in-progress, waiting for completed
I, [2010-07-27T16:03:31.093828 #7876]  INFO -- : GET: /api/acct/2901/statuses/5946046.js?
I, [2010-07-27T16:03:32.004706 #7876]  INFO -- : state is in-progress, waiting for completed
I, [2010-07-27T16:03:37.045436 #7876]  INFO -- : GET: /api/acct/2901/statuses/5946046.js?
I, [2010-07-27T16:03:37.213392 #7876]  INFO -- : state is in-progress, waiting for completed
I, [2010-07-27T16:03:42.253213 #7876]  INFO -- : GET: /api/acct/2901/statuses/5946046.js?
I, [2010-07-27T16:03:42.809664 #7876]  INFO -- : state is completed, waiting for completed
I, [2010-07-27T16:03:47.856787 #7876]  INFO -- : POST: /api/acct/2901/servers/795770/stop
I, [2010-07-27T16:03:49.910247 #7876]  INFO -- : GET: /api/acct/2901/servers/795770.js?
I, [2010-07-27T16:03:50.005331 #7876]  INFO -- : tempserver-MySQL 5.0 EBS v2 (Sprint 19) is shutting-down
I, [2010-07-27T16:03:55.011840 #7876]  INFO -- : waiting for server tempserver-MySQL 5.0 EBS v2 (Sprint 19) to go stopped, state is shutting-down
I, [2010-07-27T16:03:55.051508 #7876]  INFO -- : GET: /api/acct/2901/servers/795770.js?
I, [2010-07-27T16:04:01.721865 #7876]  INFO -- : waiting for server tempserver-MySQL 5.0 EBS v2 (Sprint 19) to go stopped, state is decommissioning
I, [2010-07-27T16:04:01.756209 #7876]  INFO -- : GET: /api/acct/2901/servers/795770.js?
I, [2010-07-27T16:04:06.921868 #7876]  INFO -- : waiting for server tempserver-MySQL 5.0 EBS v2 (Sprint 19) to go stopped, state is decommissioning
I, [2010-07-27T16:04:06.956161 #7876]  INFO -- : GET: /api/acct/2901/servers/795770.js?
I, [2010-07-27T16:04:12.111873 #7876]  INFO -- : waiting for server tempserver-MySQL 5.0 EBS v2 (Sprint 19) to go stopped, state is decommissioning
I, [2010-07-27T16:04:12.142708 #7876]  INFO -- : GET: /api/acct/2901/servers/795770.js?
I, [2010-07-27T16:04:17.881848 #7876]  INFO -- : waiting for server tempserver-MySQL 5.0 EBS v2 (Sprint 19) to go stopped, state is decommissioning
I, [2010-07-27T16:04:17.967097 #7876]  INFO -- : GET: /api/acct/2901/servers/795770.js?
I, [2010-07-27T16:04:23.081865 #7876]  INFO -- : waiting for server tempserver-MySQL 5.0 EBS v2 (Sprint 19) to go stopped, state is decommissioning
I, [2010-07-27T16:04:23.113599 #7876]  INFO -- : GET: /api/acct/2901/servers/795770.js?
I, [2010-07-27T16:04:29.181849 #7876]  INFO -- : waiting for server tempserver-MySQL 5.0 EBS v2 (Sprint 19) to go stopped, state is decommissioning
I, [2010-07-27T16:04:29.216018 #7876]  INFO -- : GET: /api/acct/2901/servers/795770.js?
I, [2010-07-27T16:04:34.301864 #7876]  INFO -- : waiting for server tempserver-MySQL 5.0 EBS v2 (Sprint 19) to go stopped, state is decommissioning
I, [2010-07-27T16:04:34.333095 #7876]  INFO -- : GET: /api/acct/2901/servers/795770.js?
I, [2010-07-27T16:04:39.431861 #7876]  INFO -- : waiting for server tempserver-MySQL 5.0 EBS v2 (Sprint 19) to go stopped, state is decommissioning
I, [2010-07-27T16:04:39.465526 #7876]  INFO -- : GET: /api/acct/2901/servers/795770.js?
I, [2010-07-27T16:04:44.581847 #7876]  INFO -- : waiting for server tempserver-MySQL 5.0 EBS v2 (Sprint 19) to go stopped, state is decommissioning
I, [2010-07-27T16:04:44.613692 #7876]  INFO -- : GET: /api/acct/2901/servers/795770.js?
I, [2010-07-27T16:04:49.711861 #7876]  INFO -- : waiting for server tempserver-MySQL 5.0 EBS v2 (Sprint 19) to go stopped, state is decommissioning
I, [2010-07-27T16:04:49.746159 #7876]  INFO -- : GET: /api/acct/2901/servers/795770.js?
I, [2010-07-27T16:04:54.881860 #7876]  INFO -- : waiting for server tempserver-MySQL 5.0 EBS v2 (Sprint 19) to go stopped, state is decommissioning
I, [2010-07-27T16:04:54.913541 #7876]  INFO -- : GET: /api/acct/2901/servers/795770.js?
I, [2010-07-27T16:05:00.061867 #7876]  INFO -- : waiting for server tempserver-MySQL 5.0 EBS v2 (Sprint 19) to go stopped, state is decommissioning
I, [2010-07-27T16:05:00.095962 #7876]  INFO -- : GET: /api/acct/2901/servers/795770.js?
I, [2010-07-27T16:05:05.211845 #7876]  INFO -- : waiting for server tempserver-MySQL 5.0 EBS v2 (Sprint 19) to go stopped, state is decommissioning
I, [2010-07-27T16:05:05.244177 #7876]  INFO -- : GET: /api/acct/2901/servers/795770.js?
I, [2010-07-27T16:05:10.381868 #7876]  INFO -- : waiting for server tempserver-MySQL 5.0 EBS v2 (Sprint 19) to go stopped, state is decommissioning
I, [2010-07-27T16:05:10.415624 #7876]  INFO -- : GET: /api/acct/2901/servers/795770.js?
I, [2010-07-27T16:05:15.511847 #7876]  INFO -- : waiting for server tempserver-MySQL 5.0 EBS v2 (Sprint 19) to go stopped, state is decommissioning
I, [2010-07-27T16:05:15.558211 #7876]  INFO -- : GET: /api/acct/2901/servers/795770.js?
I, [2010-07-27T16:05:20.701857 #7876]  INFO -- : waiting for server tempserver-MySQL 5.0 EBS v2 (Sprint 19) to go stopped, state is decommissioning
I, [2010-07-27T16:05:20.736012 #7876]  INFO -- : GET: /api/acct/2901/servers/795770.js?
I, [2010-07-27T16:05:25.841847 #7876]  INFO -- : waiting for server tempserver-MySQL 5.0 EBS v2 (Sprint 19) to go stopped, state is decommissioning
I, [2010-07-27T16:05:25.875975 #7876]  INFO -- : GET: /api/acct/2901/servers/795770.js?
I, [2010-07-27T16:05:31.011894 #7876]  INFO -- : waiting for server tempserver-MySQL 5.0 EBS v2 (Sprint 19) to go stopped, state is decommissioning
I, [2010-07-27T16:05:31.079472 #7876]  INFO -- : GET: /api/acct/2901/servers/795770.js?
I, [2010-07-27T16:05:36.811937 #7876]  INFO -- : waiting for server tempserver-MySQL 5.0 EBS v2 (Sprint 19) to go stopped, state is decommissioning
I, [2010-07-27T16:05:36.897534 #7876]  INFO -- : GET: /api/acct/2901/servers/795770.js?
I, [2010-07-27T16:05:42.321847 #7876]  INFO -- : waiting for server tempserver-MySQL 5.0 EBS v2 (Sprint 19) to go stopped, state is decommissioning
I, [2010-07-27T16:05:42.356583 #7876]  INFO -- : GET: /api/acct/2901/servers/795770.js?
I, [2010-07-27T16:05:47.501868 #7876]  INFO -- : waiting for server tempserver-MySQL 5.0 EBS v2 (Sprint 19) to go stopped, state is decommissioning
I, [2010-07-27T16:05:47.551872 #7876]  INFO -- : GET: /api/acct/2901/servers/795770.js?
I, [2010-07-27T16:05:52.661844 #7876]  INFO -- : waiting for server tempserver-MySQL 5.0 EBS v2 (Sprint 19) to go stopped, state is decommissioning
I, [2010-07-27T16:05:52.695328 #7876]  INFO -- : GET: /api/acct/2901/servers/795770.js?
I, [2010-07-27T16:05:57.831865 #7876]  INFO -- : waiting for server tempserver-MySQL 5.0 EBS v2 (Sprint 19) to go stopped, state is decommissioning
I, [2010-07-27T16:05:57.867071 #7876]  INFO -- : GET: /api/acct/2901/servers/795770.js?
I, [2010-07-27T16:06:03.021848 #7876]  INFO -- : waiting for server tempserver-MySQL 5.0 EBS v2 (Sprint 19) to go stopped, state is decommissioning
I, [2010-07-27T16:06:03.055964 #7876]  INFO -- : GET: /api/acct/2901/servers/795770.js?
I, [2010-07-27T16:06:08.231859 #7876]  INFO -- : waiting for server tempserver-MySQL 5.0 EBS v2 (Sprint 19) to go stopped, state is decommissioning
I, [2010-07-27T16:06:08.264500 #7876]  INFO -- : GET: /api/acct/2901/servers/795770.js?
I, [2010-07-27T16:06:13.371845 #7876]  INFO -- : waiting for server tempserver-MySQL 5.0 EBS v2 (Sprint 19) to go stopped, state is decommissioning
I, [2010-07-27T16:06:13.414515 #7876]  INFO -- : GET: /api/acct/2901/servers/795770.js?
I, [2010-07-27T16:06:18.531848 #7876]  INFO -- : waiting for server tempserver-MySQL 5.0 EBS v2 (Sprint 19) to go stopped, state is decommissioning
I, [2010-07-27T16:06:18.566675 #7876]  INFO -- : GET: /api/acct/2901/servers/795770.js?
I, [2010-07-27T16:06:23.731886 #7876]  INFO -- : waiting for server tempserver-MySQL 5.0 EBS v2 (Sprint 19) to go stopped, state is decommissioning
I, [2010-07-27T16:06:23.763527 #7876]  INFO -- : GET: /api/acct/2901/servers/795770.js?
I, [2010-07-27T16:06:29.521872 #7876]  INFO -- : waiting for server tempserver-MySQL 5.0 EBS v2 (Sprint 19) to go stopped, state is decommissioning
I, [2010-07-27T16:06:29.555906 #7876]  INFO -- : GET: /api/acct/2901/servers/795770.js?
I, [2010-07-27T16:06:34.721850 #7876]  INFO -- : waiting for server tempserver-MySQL 5.0 EBS v2 (Sprint 19) to go stopped, state is decommissioning
I, [2010-07-27T16:06:34.754890 #7876]  INFO -- : GET: /api/acct/2901/servers/795770.js?
I, [2010-07-27T16:06:39.851858 #7876]  INFO -- : waiting for server tempserver-MySQL 5.0 EBS v2 (Sprint 19) to go stopped, state is decommissioning
I, [2010-07-27T16:06:39.887805 #7876]  INFO -- : GET: /api/acct/2901/servers/795770.js?
I, [2010-07-27T16:06:45.041858 #7876]  INFO -- : waiting for server tempserver-MySQL 5.0 EBS v2 (Sprint 19) to go stopped, state is decommissioning
I, [2010-07-27T16:06:45.082270 #7876]  INFO -- : GET: /api/acct/2901/servers/795770.js?
I, [2010-07-27T16:06:50.191854 #7876]  INFO -- : waiting for server tempserver-MySQL 5.0 EBS v2 (Sprint 19) to go stopped, state is decommissioning
I, [2010-07-27T16:06:50.225968 #7876]  INFO -- : GET: /api/acct/2901/servers/795770.js?
I, [2010-07-27T16:06:55.311858 #7876]  INFO -- : waiting for server tempserver-MySQL 5.0 EBS v2 (Sprint 19) to go stopped, state is decommissioning
I, [2010-07-27T16:06:55.342586 #7876]  INFO -- : GET: /api/acct/2901/servers/795770.js?
I, [2010-07-27T16:06:55.519146 #7876]  INFO -- : POST: /api/acct/2901/servers/795770/start
I, [2010-07-27T16:06:59.170861 #7876]  INFO -- : GET: https://my.rightscale.com/api/acct/2901/ec2_ebs_snapshots.js?cloud_id=3
I, [2010-07-27T16:07:01.165593 #7876]  INFO -- : POST: /api/acct/2901/servers/795771/run_executable
I, [2010-07-27T16:07:01.165725 #7876]  INFO -- : 	request body: {"server":{"right_script_href":"https://my.rightscale.com/api/acct/2901/right_scripts/237792"}}
I, [2010-07-27T16:07:06.434721 #7876]  INFO -- : GET: /api/acct/2901/statuses/5946126.js?
I, [2010-07-27T16:07:06.683765 #7876]  INFO -- : state is in-progress, waiting for completed
I, [2010-07-27T16:07:11.725951 #7876]  INFO -- : GET: /api/acct/2901/statuses/5946126.js?
I, [2010-07-27T16:07:11.875100 #7876]  INFO -- : state is in-progress, waiting for completed
I, [2010-07-27T16:07:16.926474 #7876]  INFO -- : GET: /api/acct/2901/statuses/5946126.js?
I, [2010-07-27T16:07:17.041537 #7876]  INFO -- : state is in-progress, waiting for completed
I, [2010-07-27T16:07:22.086293 #7876]  INFO -- : GET: /api/acct/2901/statuses/5946126.js?
I, [2010-07-27T16:07:22.204562 #7876]  INFO -- : state is in-progress, waiting for completed
I, [2010-07-27T16:07:27.146278 #7876]  INFO -- : GET: /api/acct/2901/statuses/5946126.js?
I, [2010-07-27T16:07:27.258007 #7876]  INFO -- : state is in-progress, waiting for completed
I, [2010-07-27T16:07:32.303048 #7876]  INFO -- : GET: /api/acct/2901/statuses/5946126.js?
I, [2010-07-27T16:07:32.383820 #7876]  INFO -- : state is in-progress, waiting for completed
I, [2010-07-27T16:07:37.420600 #7876]  INFO -- : GET: /api/acct/2901/statuses/5946126.js?
I, [2010-07-27T16:07:37.566578 #7876]  INFO -- : state is in-progress, waiting for completed
I, [2010-07-27T16:07:42.613632 #7876]  INFO -- : GET: /api/acct/2901/statuses/5946126.js?
I, [2010-07-27T16:07:42.727533 #7876]  INFO -- : state is in-progress, waiting for completed
I, [2010-07-27T16:07:47.786898 #7876]  INFO -- : GET: /api/acct/2901/statuses/5946126.js?
I, [2010-07-27T16:07:47.869556 #7876]  INFO -- : state is completed, waiting for completed
I, [2010-07-27T16:07:52.916804 #7876]  INFO -- : GET: /api/acct/2901/servers/795770.js?
I, [2010-07-27T16:07:53.033799 #7876]  INFO -- : tempserver-MySQL 5.0 EBS v2 (Sprint 19) is bidding
I, [2010-07-27T16:07:58.039581 #7876]  INFO -- : waiting for server tempserver-MySQL 5.0 EBS v2 (Sprint 19) to go operational, state is bidding
I, [2010-07-27T16:08:01.111768 #7876]  INFO -- : GET: /api/acct/2901/servers/795770.js?
I, [2010-07-27T16:08:06.419595 #7876]  INFO -- : waiting for server tempserver-MySQL 5.0 EBS v2 (Sprint 19) to go operational, state is bidding
I, [2010-07-27T16:08:06.458876 #7876]  INFO -- : GET: /api/acct/2901/servers/795770.js?
I, [2010-07-27T16:08:11.579585 #7876]  INFO -- : waiting for server tempserver-MySQL 5.0 EBS v2 (Sprint 19) to go operational, state is bidding
I, [2010-07-27T16:08:11.612720 #7876]  INFO -- : GET: /api/acct/2901/servers/795770.js?
I, [2010-07-27T16:08:16.909585 #7876]  INFO -- : waiting for server tempserver-MySQL 5.0 EBS v2 (Sprint 19) to go operational, state is bidding
I, [2010-07-27T16:08:16.949482 #7876]  INFO -- : GET: /api/acct/2901/servers/795770.js?
I, [2010-07-27T16:08:22.159581 #7876]  INFO -- : waiting for server tempserver-MySQL 5.0 EBS v2 (Sprint 19) to go operational, state is bidding
I, [2010-07-27T16:08:31.188771 #7876]  INFO -- : GET: /api/acct/2901/servers/795770.js?
I, [2010-07-27T16:08:36.369580 #7876]  INFO -- : waiting for server tempserver-MySQL 5.0 EBS v2 (Sprint 19) to go operational, state is bidding
I, [2010-07-27T16:08:36.444713 #7876]  INFO -- : GET: /api/acct/2901/servers/795770.js?
I, [2010-07-27T16:08:41.579601 #7876]  INFO -- : waiting for server tempserver-MySQL 5.0 EBS v2 (Sprint 19) to go operational, state is bidding
I, [2010-07-27T16:08:41.609674 #7876]  INFO -- : GET: /api/acct/2901/servers/795770.js?
I, [2010-07-27T16:08:46.729621 #7876]  INFO -- : waiting for server tempserver-MySQL 5.0 EBS v2 (Sprint 19) to go operational, state is bidding
I, [2010-07-27T16:08:46.773647 #7876]  INFO -- : GET: /api/acct/2901/servers/795770.js?
I, [2010-07-27T16:08:51.949600 #7876]  INFO -- : waiting for server tempserver-MySQL 5.0 EBS v2 (Sprint 19) to go operational, state is bidding
I, [2010-07-27T16:08:51.980916 #7876]  INFO -- : GET: /api/acct/2901/servers/795770.js?
I, [2010-07-27T16:08:57.099576 #7876]  INFO -- : waiting for server tempserver-MySQL 5.0 EBS v2 (Sprint 19) to go operational, state is bidding
I, [2010-07-27T16:08:57.133831 #7876]  INFO -- : GET: /api/acct/2901/servers/795770.js?
I, [2010-07-27T16:09:02.299602 #7876]  INFO -- : waiting for server tempserver-MySQL 5.0 EBS v2 (Sprint 19) to go operational, state is bidding
I, [2010-07-27T16:09:02.364935 #7876]  INFO -- : GET: /api/acct/2901/servers/795770.js?
I, [2010-07-27T16:09:07.519600 #7876]  INFO -- : waiting for server tempserver-MySQL 5.0 EBS v2 (Sprint 19) to go operational, state is bidding
I, [2010-07-27T16:09:07.553463 #7876]  INFO -- : GET: /api/acct/2901/servers/795770.js?
I, [2010-07-27T16:09:12.689640 #7876]  INFO -- : waiting for server tempserver-MySQL 5.0 EBS v2 (Sprint 19) to go operational, state is bidding
I, [2010-07-27T16:09:12.720865 #7876]  INFO -- : GET: /api/acct/2901/servers/795770.js?
I, [2010-07-27T16:09:17.839585 #7876]  INFO -- : waiting for server tempserver-MySQL 5.0 EBS v2 (Sprint 19) to go operational, state is bidding
I, [2010-07-27T16:09:17.874017 #7876]  INFO -- : GET: /api/acct/2901/servers/795770.js?
I, [2010-07-27T16:09:23.349600 #7876]  INFO -- : waiting for server tempserver-MySQL 5.0 EBS v2 (Sprint 19) to go operational, state is bidding
I, [2010-07-27T16:09:23.380291 #7876]  INFO -- : GET: /api/acct/2901/servers/795770.js?
I, [2010-07-27T16:09:28.539604 #7876]  INFO -- : waiting for server tempserver-MySQL 5.0 EBS v2 (Sprint 19) to go operational, state is bidding
I, [2010-07-27T16:09:28.574281 #7876]  INFO -- : GET: /api/acct/2901/servers/795770.js?
I, [2010-07-27T16:09:33.689599 #7876]  INFO -- : waiting for server tempserver-MySQL 5.0 EBS v2 (Sprint 19) to go operational, state is bidding
I, [2010-07-27T16:09:33.719827 #7876]  INFO -- : GET: /api/acct/2901/servers/795770.js?
I, [2010-07-27T16:09:39.999585 #7876]  INFO -- : waiting for server tempserver-MySQL 5.0 EBS v2 (Sprint 19) to go operational, state is bidding
I, [2010-07-27T16:09:40.034753 #7876]  INFO -- : GET: /api/acct/2901/servers/795770.js?
I, [2010-07-27T16:09:45.349601 #7876]  INFO -- : waiting for server tempserver-MySQL 5.0 EBS v2 (Sprint 19) to go operational, state is bidding
I, [2010-07-27T16:09:45.380220 #7876]  INFO -- : GET: /api/acct/2901/servers/795770.js?
I, [2010-07-27T16:09:51.259607 #7876]  INFO -- : waiting for server tempserver-MySQL 5.0 EBS v2 (Sprint 19) to go operational, state is bidding
I, [2010-07-27T16:09:51.293768 #7876]  INFO -- : GET: /api/acct/2901/servers/795770.js?
I, [2010-07-27T16:09:56.399582 #7876]  INFO -- : waiting for server tempserver-MySQL 5.0 EBS v2 (Sprint 19) to go operational, state is bidding
I, [2010-07-27T16:09:56.432503 #7876]  INFO -- : GET: /api/acct/2901/servers/795770.js?
I, [2010-07-27T16:10:01.539634 #7876]  INFO -- : waiting for server tempserver-MySQL 5.0 EBS v2 (Sprint 19) to go operational, state is bidding
I, [2010-07-27T16:10:01.575571 #7876]  INFO -- : GET: /api/acct/2901/servers/795770.js?
I, [2010-07-27T16:10:06.939585 #7876]  INFO -- : waiting for server tempserver-MySQL 5.0 EBS v2 (Sprint 19) to go operational, state is bidding
I, [2010-07-27T16:10:06.970318 #7876]  INFO -- : GET: /api/acct/2901/servers/795770.js?
I, [2010-07-27T16:10:12.079596 #7876]  INFO -- : waiting for server tempserver-MySQL 5.0 EBS v2 (Sprint 19) to go operational, state is bidding
I, [2010-07-27T16:10:12.114024 #7876]  INFO -- : GET: /api/acct/2901/servers/795770.js?
I, [2010-07-27T16:10:17.199592 #7876]  INFO -- : waiting for server tempserver-MySQL 5.0 EBS v2 (Sprint 19) to go operational, state is bidding
I, [2010-07-27T16:10:17.229954 #7876]  INFO -- : GET: /api/acct/2901/servers/795770.js?
I, [2010-07-27T16:10:22.409609 #7876]  INFO -- : waiting for server tempserver-MySQL 5.0 EBS v2 (Sprint 19) to go operational, state is bidding
I, [2010-07-27T16:10:22.468563 #7876]  INFO -- : GET: /api/acct/2901/servers/795770.js?
I, [2010-07-27T16:10:27.799580 #7876]  INFO -- : waiting for server tempserver-MySQL 5.0 EBS v2 (Sprint 19) to go operational, state is booting
I, [2010-07-27T16:10:27.847573 #7876]  INFO -- : GET: /api/acct/2901/servers/795770.js?
I, [2010-07-27T16:10:33.069596 #7876]  INFO -- : waiting for server tempserver-MySQL 5.0 EBS v2 (Sprint 19) to go operational, state is booting
I, [2010-07-27T16:10:33.103430 #7876]  INFO -- : GET: /api/acct/2901/servers/795770.js?
I, [2010-07-27T16:10:38.409584 #7876]  INFO -- : waiting for server tempserver-MySQL 5.0 EBS v2 (Sprint 19) to go operational, state is booting
I, [2010-07-27T16:10:38.440450 #7876]  INFO -- : GET: /api/acct/2901/servers/795770.js?
I, [2010-07-27T16:10:43.869579 #7876]  INFO -- : waiting for server tempserver-MySQL 5.0 EBS v2 (Sprint 19) to go operational, state is booting
I, [2010-07-27T16:10:43.912240 #7876]  INFO -- : GET: /api/acct/2901/servers/795770.js?
I, [2010-07-27T16:10:49.639605 #7876]  INFO -- : waiting for server tempserver-MySQL 5.0 EBS v2 (Sprint 19) to go operational, state is booting
I, [2010-07-27T16:10:49.669968 #7876]  INFO -- : GET: /api/acct/2901/servers/795770.js?
I, [2010-07-27T16:10:54.929596 #7876]  INFO -- : waiting for server tempserver-MySQL 5.0 EBS v2 (Sprint 19) to go operational, state is booting
I, [2010-07-27T16:10:54.963501 #7876]  INFO -- : GET: /api/acct/2901/servers/795770.js?
I, [2010-07-27T16:11:00.089601 #7876]  INFO -- : waiting for server tempserver-MySQL 5.0 EBS v2 (Sprint 19) to go operational, state is booting
I, [2010-07-27T16:11:00.120480 #7876]  INFO -- : GET: /api/acct/2901/servers/795770.js?
I, [2010-07-27T16:11:06.199593 #7876]  INFO -- : waiting for server tempserver-MySQL 5.0 EBS v2 (Sprint 19) to go operational, state is booting
I, [2010-07-27T16:11:06.233662 #7876]  INFO -- : GET: /api/acct/2901/servers/795770.js?
I, [2010-07-27T16:11:11.499599 #7876]  INFO -- : waiting for server tempserver-MySQL 5.0 EBS v2 (Sprint 19) to go operational, state is booting
I, [2010-07-27T16:11:11.554982 #7876]  INFO -- : GET: /api/acct/2901/servers/795770.js?
I, [2010-07-27T16:11:16.649582 #7876]  INFO -- : waiting for server tempserver-MySQL 5.0 EBS v2 (Sprint 19) to go operational, state is booting
I, [2010-07-27T16:11:16.683816 #7876]  INFO -- : GET: /api/acct/2901/servers/795770.js?
I, [2010-07-27T16:11:21.789601 #7876]  INFO -- : waiting for server tempserver-MySQL 5.0 EBS v2 (Sprint 19) to go operational, state is booting
I, [2010-07-27T16:11:21.820730 #7876]  INFO -- : GET: /api/acct/2901/servers/795770.js?
I, [2010-07-27T16:11:26.899700 #7876]  INFO -- : waiting for server tempserver-MySQL 5.0 EBS v2 (Sprint 19) to go operational, state is booting
I, [2010-07-27T16:11:26.959300 #7876]  INFO -- : GET: /api/acct/2901/servers/795770.js?
I, [2010-07-27T16:11:32.119582 #7876]  INFO -- : waiting for server tempserver-MySQL 5.0 EBS v2 (Sprint 19) to go operational, state is booting
I, [2010-07-27T16:11:32.170727 #7876]  INFO -- : GET: /api/acct/2901/servers/795770.js?
I, [2010-07-27T16:11:37.269574 #7876]  INFO -- : waiting for server tempserver-MySQL 5.0 EBS v2 (Sprint 19) to go operational, state is booting
I, [2010-07-27T16:11:37.303867 #7876]  INFO -- : GET: /api/acct/2901/servers/795770.js?
I, [2010-07-27T16:11:43.309583 #7876]  INFO -- : waiting for server tempserver-MySQL 5.0 EBS v2 (Sprint 19) to go operational, state is booting
I, [2010-07-27T16:11:43.340605 #7876]  INFO -- : GET: /api/acct/2901/servers/795770.js?
I, [2010-07-27T16:11:49.399907 #7876]  INFO -- : waiting for server tempserver-MySQL 5.0 EBS v2 (Sprint 19) to go operational, state is booting
I, [2010-07-27T16:11:49.439285 #7876]  INFO -- : GET: /api/acct/2901/servers/795770.js?
I, [2010-07-27T16:11:54.539603 #7876]  INFO -- : waiting for server tempserver-MySQL 5.0 EBS v2 (Sprint 19) to go operational, state is booting
I, [2010-07-27T16:11:54.571154 #7876]  INFO -- : GET: /api/acct/2901/servers/795770.js?
I, [2010-07-27T16:11:59.699600 #7876]  INFO -- : waiting for server tempserver-MySQL 5.0 EBS v2 (Sprint 19) to go operational, state is booting
I, [2010-07-27T16:11:59.733551 #7876]  INFO -- : GET: /api/acct/2901/servers/795770.js?
I, [2010-07-27T16:12:04.879608 #7876]  INFO -- : waiting for server tempserver-MySQL 5.0 EBS v2 (Sprint 19) to go operational, state is booting
I, [2010-07-27T16:12:04.910361 #7876]  INFO -- : GET: /api/acct/2901/servers/795770.js?
I, [2010-07-27T16:12:10.109576 #7876]  INFO -- : waiting for server tempserver-MySQL 5.0 EBS v2 (Sprint 19) to go operational, state is booting
I, [2010-07-27T16:12:10.141652 #7876]  INFO -- : GET: /api/acct/2901/servers/795770.js?
I, [2010-07-27T16:12:15.339678 #7876]  INFO -- : waiting for server tempserver-MySQL 5.0 EBS v2 (Sprint 19) to go operational, state is booting
I, [2010-07-27T16:12:15.376184 #7876]  INFO -- : GET: /api/acct/2901/servers/795770.js?
I, [2010-07-27T16:12:20.509578 #7876]  INFO -- : waiting for server tempserver-MySQL 5.0 EBS v2 (Sprint 19) to go operational, state is booting
I, [2010-07-27T16:12:20.542268 #7876]  INFO -- : GET: /api/acct/2901/servers/795770.js?
I, [2010-07-27T16:12:25.729595 #7876]  INFO -- : waiting for server tempserver-MySQL 5.0 EBS v2 (Sprint 19) to go operational, state is booting
I, [2010-07-27T16:12:25.763702 #7876]  INFO -- : GET: /api/acct/2901/servers/795770.js?
I, [2010-07-27T16:12:31.509593 #7876]  INFO -- : waiting for server tempserver-MySQL 5.0 EBS v2 (Sprint 19) to go operational, state is booting
I, [2010-07-27T16:12:31.539401 #7876]  INFO -- : GET: /api/acct/2901/servers/795770.js?
I, [2010-07-27T16:12:36.639614 #7876]  INFO -- : waiting for server tempserver-MySQL 5.0 EBS v2 (Sprint 19) to go operational, state is booting
I, [2010-07-27T16:12:36.673355 #7876]  INFO -- : GET: /api/acct/2901/servers/795770.js?
I, [2010-07-27T16:12:41.839599 #7876]  INFO -- : waiting for server tempserver-MySQL 5.0 EBS v2 (Sprint 19) to go operational, state is booting
I, [2010-07-27T16:12:41.869362 #7876]  INFO -- : GET: /api/acct/2901/servers/795770.js?
I, [2010-07-27T16:12:46.969595 #7876]  INFO -- : waiting for server tempserver-MySQL 5.0 EBS v2 (Sprint 19) to go operational, state is booting
I, [2010-07-27T16:12:47.017632 #7876]  INFO -- : GET: /api/acct/2901/servers/795770.js?
I, [2010-07-27T16:12:52.129597 #7876]  INFO -- : waiting for server tempserver-MySQL 5.0 EBS v2 (Sprint 19) to go operational, state is booting
I, [2010-07-27T16:12:52.159727 #7876]  INFO -- : GET: /api/acct/2901/servers/795770.js?
I, [2010-07-27T16:12:58.549578 #7876]  INFO -- : waiting for server tempserver-MySQL 5.0 EBS v2 (Sprint 19) to go operational, state is booting
I, [2010-07-27T16:12:58.583917 #7876]  INFO -- : GET: /api/acct/2901/servers/795770.js?
I, [2010-07-27T16:13:03.739582 #7876]  INFO -- : waiting for server tempserver-MySQL 5.0 EBS v2 (Sprint 19) to go operational, state is booting
I, [2010-07-27T16:13:03.770371 #7876]  INFO -- : GET: /api/acct/2901/servers/795770.js?
I, [2010-07-27T16:13:08.949656 #7876]  INFO -- : waiting for server tempserver-MySQL 5.0 EBS v2 (Sprint 19) to go operational, state is booting
I, [2010-07-27T16:13:08.984011 #7876]  INFO -- : GET: /api/acct/2901/servers/795770.js?
I, [2010-07-27T16:13:14.099595 #7876]  INFO -- : waiting for server tempserver-MySQL 5.0 EBS v2 (Sprint 19) to go operational, state is booting
I, [2010-07-27T16:13:14.194171 #7876]  INFO -- : GET: /api/acct/2901/servers/795770.js?
I, [2010-07-27T16:13:19.319630 #7876]  INFO -- : waiting for server tempserver-MySQL 5.0 EBS v2 (Sprint 19) to go operational, state is booting
I, [2010-07-27T16:13:19.354253 #7876]  INFO -- : GET: /api/acct/2901/servers/795770.js?
I, [2010-07-27T16:13:24.449594 #7876]  INFO -- : waiting for server tempserver-MySQL 5.0 EBS v2 (Sprint 19) to go operational, state is booting
I, [2010-07-27T16:13:24.480141 #7876]  INFO -- : GET: /api/acct/2901/servers/795770.js?
I, [2010-07-27T16:13:29.639604 #7876]  INFO -- : waiting for server tempserver-MySQL 5.0 EBS v2 (Sprint 19) to go operational, state is booting
I, [2010-07-27T16:13:29.673627 #7876]  INFO -- : GET: /api/acct/2901/servers/795770.js?
I, [2010-07-27T16:13:34.819589 #7876]  INFO -- : waiting for server tempserver-MySQL 5.0 EBS v2 (Sprint 19) to go operational, state is booting
I, [2010-07-27T16:13:34.851087 #7876]  INFO -- : GET: /api/acct/2901/servers/795770.js?
I, [2010-07-27T16:13:35.044999 #7876]  INFO -- : waiting for dns-name for tempserver-MySQL 5.0 EBS v2 (Sprint 19)
I, [2010-07-27T16:13:35.078712 #7876]  INFO -- : GET: /api/acct/2901/servers/795770/settings.js?
I, [2010-07-27T16:13:37.209588 #7876]  INFO -- : waiting for dns-name for tempserver-MySQL 5.0 EBS v2 (Sprint 19)
I, [2010-07-27T16:13:37.209761 #7876]  INFO -- : got DNS: ec2-184-72-15-92.us-west-1.compute.amazonaws.com
I, [2010-07-27T16:13:37.239955 #7876]  INFO -- : GET: https://my.rightscale.com/api/acct/2901/ec2_ebs_snapshots.js?cloud_id=3
I, [2010-07-27T16:13:49.114381 #7876]  INFO -- : GET: https://my.rightscale.com/api/acct/2901/ec2_ebs_snapshots.js?cloud_id=3
I, [2010-07-27T16:14:00.860050 #7876]  INFO -- : GET: https://my.rightscale.com/api/acct/2901/ec2_ebs_snapshots.js?cloud_id=3
I, [2010-07-27T16:14:13.153712 #7876]  INFO -- : GET: https://my.rightscale.com/api/acct/2901/ec2_ebs_snapshots.js?cloud_id=3
I, [2010-07-27T16:14:14.876799 #7876]  INFO -- : POST: /api/acct/2901/servers/795770/run_executable
I, [2010-07-27T16:14:14.876926 #7876]  INFO -- : 	request body: {"server":{"right_script_href":"https://my.rightscale.com/api/acct/2901/right_scripts/237791"}}
I, [2010-07-27T16:14:20.217201 #7876]  INFO -- : GET: /api/acct/2901/statuses/5946242.js?
I, [2010-07-27T16:14:20.312492 #7876]  INFO -- : state is in-progress, waiting for completed
I, [2010-07-27T16:14:25.350167 #7876]  INFO -- : GET: /api/acct/2901/statuses/5946242.js?
I, [2010-07-27T16:14:25.466356 #7876]  INFO -- : state is in-progress, waiting for completed
I, [2010-07-27T16:14:30.535478 #7876]  INFO -- : GET: /api/acct/2901/statuses/5946242.js?
I, [2010-07-27T16:14:30.650411 #7876]  INFO -- : state is in-progress, waiting for completed
I, [2010-07-27T16:14:35.689874 #7876]  INFO -- : GET: /api/acct/2901/statuses/5946242.js?
I, [2010-07-27T16:14:35.771779 #7876]  INFO -- : state is in-progress, waiting for completed
I, [2010-07-27T16:14:40.814209 #7876]  INFO -- : GET: /api/acct/2901/statuses/5946242.js?
I, [2010-07-27T16:14:40.899682 #7876]  INFO -- : state is in-progress, waiting for completed
I, [2010-07-27T16:14:45.945636 #7876]  INFO -- : GET: /api/acct/2901/statuses/5946242.js?
I, [2010-07-27T16:14:46.082217 #7876]  INFO -- : state is in-progress, waiting for completed
I, [2010-07-27T16:14:51.151345 #7876]  INFO -- : GET: /api/acct/2901/statuses/5946242.js?
I, [2010-07-27T16:14:51.275223 #7876]  INFO -- : state is in-progress, waiting for completed
I, [2010-07-27T16:14:56.319108 #7876]  INFO -- : GET: /api/acct/2901/statuses/5946242.js?
I, [2010-07-27T16:14:56.422958 #7876]  INFO -- : state is in-progress, waiting for completed
I, [2010-07-27T16:15:01.464371 #7876]  INFO -- : GET: /api/acct/2901/statuses/5946242.js?
I, [2010-07-27T16:15:01.545635 #7876]  INFO -- : state is completed, waiting for completed
I, [2010-07-27T16:15:06.596898 #7876]  INFO -- : POST: /api/acct/2901/servers/795770/run_executable
I, [2010-07-27T16:15:06.597038 #7876]  INFO -- : 	request body: {"server":{"right_script_href":"https://my.rightscale.com/api/acct/2901/right_scripts/171516"}}
I, [2010-07-27T16:15:11.878487 #7876]  INFO -- : GET: /api/acct/2901/statuses/5946251.js?
I, [2010-07-27T16:15:13.108301 #7876]  INFO -- : state is in-progress, waiting for completed
I, [2010-07-27T16:15:18.149899 #7876]  INFO -- : GET: /api/acct/2901/statuses/5946251.js?
I, [2010-07-27T16:15:18.213393 #7876]  INFO -- : state is in-progress, waiting for completed
I, [2010-07-27T16:15:23.253523 #7876]  INFO -- : GET: /api/acct/2901/statuses/5946251.js?
I, [2010-07-27T16:15:23.373351 #7876]  INFO -- : state is in-progress, waiting for completed
I, [2010-07-27T16:15:28.409900 #7876]  INFO -- : GET: /api/acct/2901/statuses/5946251.js?
I, [2010-07-27T16:15:28.527556 #7876]  INFO -- : state is in-progress, waiting for completed
I, [2010-07-27T16:15:33.573571 #7876]  INFO -- : GET: /api/acct/2901/statuses/5946251.js?
I, [2010-07-27T16:15:33.663115 #7876]  INFO -- : state is in-progress, waiting for completed
I, [2010-07-27T16:15:38.699809 #7876]  INFO -- : GET: /api/acct/2901/statuses/5946251.js?
I, [2010-07-27T16:15:38.814248 #7876]  INFO -- : state is completed, waiting for completed
I, [2010-07-27T16:15:43.856093 #7876]  INFO -- : GET: /api/acct/2901/servers/795770/settings.js?
I, [2010-07-27T16:15:44.225329 #7876]  INFO -- : GET: /api/acct/2901/servers/795770/monitoring.js?
I, [2010-07-27T16:15:45.090565 #7876]  INFO -- : GET: /api/acct/2901/servers/795771/settings.js?
I, [2010-07-27T16:15:45.228552 #7876]  INFO -- : GET: /api/acct/2901/servers/795771/monitoring.js?
I, [2010-07-27T16:15:46.847448 #7876]  INFO -- : GET: /api/acct/2901/servers/795772/settings.js?
I, [2010-07-27T16:15:47.063093 #7876]  INFO -- : GET: /api/acct/2901/servers/795772/monitoring.js?
I, [2010-07-27T16:15:48.433184 #7876]  INFO -- : SSHing to ec2-184-72-15-92.us-west-1.compute.amazonaws.com
I, [2010-07-27T16:15:49.884215 #7876]  INFO -- : SSHing to ec2-184-72-3-114.us-west-1.compute.amazonaws.com
