# Logfile created on Tue Jul 27 19:00:41 +0000 2010 by logger.rb/22285
I, [2010-07-27T19:00:41.971235 #10021]  INFO -- : GET: https://my.rightscale.com/api/acct/2901/deployments.js?filter[]=nickname=MY51-ec2-east-418214-RightImage_Ubuntu_9.10_i386_v4.5&
I, [2010-07-27T19:00:42.281120 #10019]  INFO -- : GET: https://my.rightscale.com/api/acct/2901/deployments.js?filter[]=nickname=MY51-ec2-west-580204-RightImage_Ubuntu_9.10_x64_v4.5&
I, [2010-07-27T19:00:42.339940 #10021]  INFO -- : GET: /api/acct/2901/ec2_server_templates/46536.js?
I, [2010-07-27T19:00:42.425351 #10019]  INFO -- : GET: /api/acct/2901/ec2_server_templates/46536.js?
I, [2010-07-27T19:00:42.668938 #10019]  INFO -- : GET: /api/acct/2901/ec2_server_templates/46536/executables.js?
I, [2010-07-27T19:00:42.926696 #10019]  INFO -- : GET: https://my.rightscale.com/api/acct/2901/server_templates.js?
I, [2010-07-27T19:00:43.029806 #10021]  INFO -- : GET: /api/acct/2901/ec2_server_templates/46536/executables.js?
I, [2010-07-27T19:00:43.355196 #10021]  INFO -- : GET: https://my.rightscale.com/api/acct/2901/server_templates.js?
I, [2010-07-27T19:00:45.560938 #10021]  INFO -- : GET: /api/acct/2901/ec2_server_templates/42160/executables.js?
I, [2010-07-27T19:00:45.939900 #10021]  INFO -- : POST: /api/acct/2901/servers/796347/run_executable
I, [2010-07-27T19:00:45.940036 #10021]  INFO -- : 	request body: {"server":{"right_script_href":"https://my.rightscale.com/api/acct/2901/right_scripts/202320","parameters":{"DB_TERMINATE_SAFETY":"text:off"}}}
I, [2010-07-27T19:00:46.027481 #10019]  INFO -- : GET: /api/acct/2901/ec2_server_templates/42160/executables.js?
I, [2010-07-27T19:00:46.215287 #10019]  INFO -- : POST: /api/acct/2901/servers/796343/run_executable
I, [2010-07-27T19:00:46.215423 #10019]  INFO -- : 	request body: {"server":{"right_script_href":"https://my.rightscale.com/api/acct/2901/right_scripts/202320","parameters":{"DB_TERMINATE_SAFETY":"text:off"}}}
I, [2010-07-27T19:00:51.173134 #10021]  INFO -- : POST: /api/acct/2901/servers/796348/run_executable
I, [2010-07-27T19:00:51.173282 #10021]  INFO -- : 	request body: {"server":{"right_script_href":"https://my.rightscale.com/api/acct/2901/right_scripts/202320","parameters":{"DB_TERMINATE_SAFETY":"text:off"}}}
I, [2010-07-27T19:00:52.856243 #10019]  INFO -- : POST: /api/acct/2901/servers/796344/run_executable
I, [2010-07-27T19:00:52.856395 #10019]  INFO -- : 	request body: {"server":{"right_script_href":"https://my.rightscale.com/api/acct/2901/right_scripts/202320","parameters":{"DB_TERMINATE_SAFETY":"text:off"}}}
I, [2010-07-27T19:00:56.672135 #10021]  INFO -- : GET: /api/acct/2901/servers/796347.js?
I, [2010-07-27T19:00:56.828566 #10021]  INFO -- : tempserver-MySQL 5.1 EBS v2 (Sprint 19) is stranded in booting
I, [2010-07-27T19:01:01.204449 #10019]  INFO -- : GET: /api/acct/2901/servers/796343.js?
I, [2010-07-27T19:01:01.314408 #10019]  INFO -- : tempserver-MySQL 5.1 EBS v2 (Sprint 19) is stranded in booting
